

Microchip MPLAB XC8 Assembler V2.31 build 20201012212115 
                                                                                               Sun Apr 18 21:36:53 2021

Microchip MPLAB XC8 C Compiler v2.31 (Free license) build 20201012212115 Og1 
     1                           	processor	16F887
     2                           	pagewidth 120
     3                           	opt	flic
     4                           	psect	idataCOMMON,global,class=CODE,delta=2,noexec
     5                           	psect	nvCOMMON,global,class=COMMON,space=1,delta=1,noexec
     6                           	psect	nvBANK0,global,class=BANK0,space=1,delta=1,noexec
     7                           	psect	cinit,global,class=CODE,merge=1,delta=2
     8                           	psect	bssCOMMON,global,class=COMMON,space=1,delta=1,noexec
     9                           	psect	dataCOMMON,global,class=COMMON,space=1,delta=1,noexec
    10                           	psect	bssBANK0,global,class=BANK0,space=1,delta=1,noexec
    11                           	psect	cstackCOMMON,global,class=COMMON,space=1,delta=1,noexec
    12                           	psect	cstackBANK0,global,class=BANK0,space=1,delta=1,noexec
    13                           	psect	maintext,global,class=CODE,split=1,delta=2
    14                           	psect	text1,local,class=CODE,merge=1,delta=2
    15                           	psect	intentry,global,class=CODE,delta=2
    16                           	psect	config,global,abs,ovrld,class=CONFIG,space=4,delta=2,noexec
    17                           	dabs	1,0x7E,2
    18  0000                     
    19                           ; Version 2.20
    20                           ; Generated 12/02/2020 GMT
    21                           ; 
    22                           ; Copyright © 2020, Microchip Technology Inc. and its subsidiaries ("Microchip")
    23                           ; All rights reserved.
    24                           ; 
    25                           ; This software is developed by Microchip Technology Inc. and its subsidiaries ("Microch
      +                          ip").
    26                           ; 
    27                           ; Redistribution and use in source and binary forms, with or without modification, are
    28                           ; permitted provided that the following conditions are met:
    29                           ; 
    30                           ;     1. Redistributions of source code must retain the above copyright notice, this lis
      +                          t of
    31                           ;        conditions and the following disclaimer.
    32                           ; 
    33                           ;     2. Redistributions in binary form must reproduce the above copyright notice, this 
      +                          list
    34                           ;        of conditions and the following disclaimer in the documentation and/or other
    35                           ;        materials provided with the distribution.
    36                           ; 
    37                           ;     3. Microchip's name may not be used to endorse or promote products derived from th
      +                          is
    38                           ;        software without specific prior written permission.
    39                           ; 
    40                           ; THIS SOFTWARE IS PROVIDED BY MICROCHIP "AS IS" AND ANY EXPRESS OR IMPLIED WARRANTIES,
    41                           ; INCLUDING, BUT NOT LIMITED TO, THE IMPLIED WARRANTIES OF MERCHANTABILITY AND FITNESS F
      +                          OR
    42                           ; PURPOSE ARE DISCLAIMED.  IN NO EVENT SHALL MICROCHIP BE LIABLE FOR ANY DIRECT, INDIREC
      +                          T,
    43                           ; INCIDENTAL, SPECIAL, EXEMPLARY, OR CONSEQUENTIAL DAMAGES (INCLUDING BUT NOT LIMITED TO
    44                           ; PROCUREMENT OF SUBSTITUTE GOODS OR SERVICES; LOSS OF USE, DATA OR PROFITS; OR BUSINESS
    45                           ; INTERRUPTION) HOWSOEVER CAUSED AND ON ANY THEORY OF LIABILITY, WHETHER IN CONTRACT, ST
      +                          RICT
    46                           ; LIABILITY, OR TORT (INCLUDING NEGLIGENCE OR OTHERWISE) ARISING IN ANY WAY OUT OF THE U
      +                          SE OF
    47                           ; THIS SOFTWARE, EVEN IF ADVISED OF THE POSSIBILITY OF SUCH DAMAGE.
    48                           ; 
    49                           ; 
    50                           ; Code-generator required, PIC16F887 Definitions
    51                           ; 
    52                           ; SFR Addresses
    53  0000                     	;# 
    54  0001                     	;# 
    55  0002                     	;# 
    56  0003                     	;# 
    57  0004                     	;# 
    58  0005                     	;# 
    59  0006                     	;# 
    60  0007                     	;# 
    61  0008                     	;# 
    62  0009                     	;# 
    63  000A                     	;# 
    64  000B                     	;# 
    65  000C                     	;# 
    66  000D                     	;# 
    67  000E                     	;# 
    68  000E                     	;# 
    69  000F                     	;# 
    70  0010                     	;# 
    71  0011                     	;# 
    72  0012                     	;# 
    73  0013                     	;# 
    74  0014                     	;# 
    75  0015                     	;# 
    76  0015                     	;# 
    77  0016                     	;# 
    78  0017                     	;# 
    79  0018                     	;# 
    80  0019                     	;# 
    81  001A                     	;# 
    82  001B                     	;# 
    83  001B                     	;# 
    84  001C                     	;# 
    85  001D                     	;# 
    86  001E                     	;# 
    87  001F                     	;# 
    88  0081                     	;# 
    89  0085                     	;# 
    90  0086                     	;# 
    91  0087                     	;# 
    92  0088                     	;# 
    93  0089                     	;# 
    94  008C                     	;# 
    95  008D                     	;# 
    96  008E                     	;# 
    97  008F                     	;# 
    98  0090                     	;# 
    99  0091                     	;# 
   100  0092                     	;# 
   101  0093                     	;# 
   102  0093                     	;# 
   103  0093                     	;# 
   104  0094                     	;# 
   105  0095                     	;# 
   106  0096                     	;# 
   107  0097                     	;# 
   108  0098                     	;# 
   109  0099                     	;# 
   110  009A                     	;# 
   111  009B                     	;# 
   112  009C                     	;# 
   113  009D                     	;# 
   114  009E                     	;# 
   115  009F                     	;# 
   116  0105                     	;# 
   117  0107                     	;# 
   118  0108                     	;# 
   119  0109                     	;# 
   120  010C                     	;# 
   121  010C                     	;# 
   122  010D                     	;# 
   123  010E                     	;# 
   124  010F                     	;# 
   125  0185                     	;# 
   126  0187                     	;# 
   127  0188                     	;# 
   128  0189                     	;# 
   129  018C                     	;# 
   130  018D                     	;# 
   131  0000                     	;# 
   132  0001                     	;# 
   133  0002                     	;# 
   134  0003                     	;# 
   135  0004                     	;# 
   136  0005                     	;# 
   137  0006                     	;# 
   138  0007                     	;# 
   139  0008                     	;# 
   140  0009                     	;# 
   141  000A                     	;# 
   142  000B                     	;# 
   143  000C                     	;# 
   144  000D                     	;# 
   145  000E                     	;# 
   146  000E                     	;# 
   147  000F                     	;# 
   148  0010                     	;# 
   149  0011                     	;# 
   150  0012                     	;# 
   151  0013                     	;# 
   152  0014                     	;# 
   153  0015                     	;# 
   154  0015                     	;# 
   155  0016                     	;# 
   156  0017                     	;# 
   157  0018                     	;# 
   158  0019                     	;# 
   159  001A                     	;# 
   160  001B                     	;# 
   161  001B                     	;# 
   162  001C                     	;# 
   163  001D                     	;# 
   164  001E                     	;# 
   165  001F                     	;# 
   166  0081                     	;# 
   167  0085                     	;# 
   168  0086                     	;# 
   169  0087                     	;# 
   170  0088                     	;# 
   171  0089                     	;# 
   172  008C                     	;# 
   173  008D                     	;# 
   174  008E                     	;# 
   175  008F                     	;# 
   176  0090                     	;# 
   177  0091                     	;# 
   178  0092                     	;# 
   179  0093                     	;# 
   180  0093                     	;# 
   181  0093                     	;# 
   182  0094                     	;# 
   183  0095                     	;# 
   184  0096                     	;# 
   185  0097                     	;# 
   186  0098                     	;# 
   187  0099                     	;# 
   188  009A                     	;# 
   189  009B                     	;# 
   190  009C                     	;# 
   191  009D                     	;# 
   192  009E                     	;# 
   193  009F                     	;# 
   194  0105                     	;# 
   195  0107                     	;# 
   196  0108                     	;# 
   197  0109                     	;# 
   198  010C                     	;# 
   199  010C                     	;# 
   200  010D                     	;# 
   201  010E                     	;# 
   202  010F                     	;# 
   203  0185                     	;# 
   204  0187                     	;# 
   205  0188                     	;# 
   206  0189                     	;# 
   207  018C                     	;# 
   208  018D                     	;# 
   209                           
   210                           	psect	idataCOMMON
   211  027F                     __pidataCOMMON:
   212                           
   213                           ;initializer for _turno1
   214  027F  3401               	retlw	1
   215  0280  3400               	retlw	0
   216                           
   217                           	psect	nvCOMMON
   218  0078                     __pnvCOMMON:
   219  0078                     _unidades:
   220  0078                     	ds	1
   221  0079                     _cantidad:
   222  0079                     	ds	1
   223                           
   224                           	psect	nvBANK0
   225  0020                     __pnvBANK0:
   226  0020                     _centenas:
   227  0020                     	ds	1
   228  0021                     _decenas:
   229  0021                     	ds	1
   230  0006                     _PORTB	set	6
   231  0007                     _PORTC	set	7
   232  0008                     _PORTD	set	8
   233  0001                     _TMR0	set	1
   234  000B                     _INTCONbits	set	11
   235  0005                     _PORTA	set	5
   236  0042                     _RD2	set	66
   237  0041                     _RD1	set	65
   238  0040                     _RD0	set	64
   239  005A                     _T0IF	set	90
   240  0037                     _RB7	set	55
   241  0036                     _RB6	set	54
   242  0058                     _RBIF	set	88
   243  008F                     _OSCCONbits	set	143
   244  0088                     _TRISD	set	136
   245  0087                     _TRISC	set	135
   246  0095                     _WPUB	set	149
   247  0096                     _IOCBbits	set	150
   248  0081                     _OPTION_REGbits	set	129
   249  0086                     _TRISB	set	134
   250  0085                     _TRISA	set	133
   251  0189                     _ANSELH	set	393
   252  0188                     _ANSEL	set	392
   253                           
   254                           	psect	cinit
   255  000F                     start_initialization:	
   256                           ; #config settings
   257                           
   258  000F                     __initialization:
   259                           
   260                           ; Initialize objects allocated to COMMON
   261  000F  120A  118A  227F  120A  118A  	fcall	__pidataCOMMON	;fetch initializer
   262  0014  00FA               	movwf	__pdataCOMMON& (0+127)
   263  0015  120A  118A  2280  120A  118A  	fcall	__pidataCOMMON+1	;fetch initializer
   264  001A  00FB               	movwf	(__pdataCOMMON+1)& (0+127)
   265                           
   266                           ; Clear objects allocated to BANK0
   267  001B  01A2               	clrf	__pbssBANK0& (0+127)
   268  001C  01A3               	clrf	(__pbssBANK0+1)& (0+127)
   269                           
   270                           ; Clear objects allocated to COMMON
   271  001D  01F0               	clrf	__pbssCOMMON& (0+127)
   272  001E  01F1               	clrf	(__pbssCOMMON+1)& (0+127)
   273  001F  01F2               	clrf	(__pbssCOMMON+2)& (0+127)
   274  0020  01F3               	clrf	(__pbssCOMMON+3)& (0+127)
   275  0021  01F4               	clrf	(__pbssCOMMON+4)& (0+127)
   276  0022                     end_of_initialization:	
   277                           ;End of C runtime variable initialization code
   278                           
   279  0022                     __end_of__initialization:
   280  0022  0183               	clrf	3
   281  0023  120A  118A  2826   	ljmp	_main	;jump to C main() function
   282                           
   283                           	psect	bssCOMMON
   284  0070                     __pbssCOMMON:
   285  0070                     _turno2:
   286  0070                     	ds	2
   287  0072                     _display3:
   288  0072                     	ds	1
   289  0073                     _display2:
   290  0073                     	ds	1
   291  0074                     _display1:
   292  0074                     	ds	1
   293                           
   294                           	psect	dataCOMMON
   295  007A                     __pdataCOMMON:
   296  007A                     _turno1:
   297  007A                     	ds	2
   298                           
   299                           	psect	bssBANK0
   300  0022                     __pbssBANK0:
   301  0022                     _turno3:
   302  0022                     	ds	2
   303                           
   304                           	psect	cstackCOMMON
   305  0075                     __pcstackCOMMON:
   306  0075                     ?_isr:
   307  0075                     ??_isr:	
   308                           ; 1 bytes @ 0x0
   309                           
   310  0075                     ?_main:	
   311                           ; 1 bytes @ 0x0
   312                           
   313                           
   314                           ; 1 bytes @ 0x0
   315  0075                     	ds	3
   316                           
   317                           	psect	cstackBANK0
   318  0024                     __pcstackBANK0:
   319  0024                     ??_main:
   320                           
   321                           ; 1 bytes @ 0x0
   322  0024                     	ds	2
   323                           
   324                           	psect	maintext
   325  0026                     __pmaintext:	
   326 ;;
   327 ;;Main: autosize = 0, tempsize = 2, incstack = 0, save=0
   328 ;;
   329 ;; *************** function _main *****************
   330 ;; Defined at:
   331 ;;		line 90 in file "lab07_main.c"
   332 ;; Parameters:    Size  Location     Type
   333 ;;		None
   334 ;; Auto vars:     Size  Location     Type
   335 ;;		None
   336 ;; Return value:  Size  Location     Type
   337 ;;                  1    wreg      void 
   338 ;; Registers used:
   339 ;;		wreg, fsr0l, fsr0h, status,2, status,0
   340 ;; Tracked objects:
   341 ;;		On entry : B00/0
   342 ;;		On exit  : 0/0
   343 ;;		Unchanged: 0/0
   344 ;; Data sizes:     COMMON   BANK0   BANK1   BANK3   BANK2
   345 ;;      Params:         0       0       0       0       0
   346 ;;      Locals:         0       0       0       0       0
   347 ;;      Temps:          0       2       0       0       0
   348 ;;      Totals:         0       2       0       0       0
   349 ;;Total ram usage:        2 bytes
   350 ;; Hardware stack levels required when called:    1
   351 ;; This function calls:
   352 ;;		Nothing
   353 ;; This function is called by:
   354 ;;		Startup code after reset
   355 ;; This function uses a non-reentrant model
   356 ;;
   357                           
   358                           
   359                           ;psect for function _main
   360  0026                     _main:
   361  0026                     l1421:	
   362                           ;incstack = 0
   363                           ; Regs used in _main: [wreg-fsr0h+status,2+status,0]
   364                           
   365                           
   366                           ;lab07_main.c: 94: ANSEL = 0x00;
   367  0026  1683               	bsf	3,5	;RP0=1, select bank3
   368  0027  1703               	bsf	3,6	;RP1=1, select bank3
   369  0028  0188               	clrf	8	;volatile
   370                           
   371                           ;lab07_main.c: 95: ANSELH = 0x00;
   372  0029  0189               	clrf	9	;volatile
   373                           
   374                           ;lab07_main.c: 97: TRISA = 0x00;
   375  002A  1683               	bsf	3,5	;RP0=1, select bank1
   376  002B  1303               	bcf	3,6	;RP1=0, select bank1
   377  002C  0185               	clrf	5	;volatile
   378  002D                     l1423:
   379                           
   380                           ;lab07_main.c: 99: TRISB = 0b11000000;
   381  002D  30C0               	movlw	192
   382  002E  0086               	movwf	6	;volatile
   383  002F                     l1425:
   384                           
   385                           ;lab07_main.c: 100: OPTION_REGbits.nRBPU = 0;
   386  002F  1381               	bcf	1,7	;volatile
   387  0030                     l1427:
   388                           
   389                           ;lab07_main.c: 101: IOCBbits.IOCB6 = 1;
   390  0030  1716               	bsf	22,6	;volatile
   391  0031                     l1429:
   392                           
   393                           ;lab07_main.c: 102: IOCBbits.IOCB7 = 1;
   394  0031  1796               	bsf	22,7	;volatile
   395  0032                     l1431:
   396                           
   397                           ;lab07_main.c: 103: WPUB = 0b11000000;
   398  0032  30C0               	movlw	192
   399  0033  0095               	movwf	21	;volatile
   400                           
   401                           ;lab07_main.c: 105: TRISC = 0x00;
   402  0034  0187               	clrf	7	;volatile
   403                           
   404                           ;lab07_main.c: 107: TRISD = 0x00;
   405  0035  0188               	clrf	8	;volatile
   406                           
   407                           ;lab07_main.c: 109: PORTA = 0x00;
   408  0036  1283               	bcf	3,5	;RP0=0, select bank0
   409  0037  1303               	bcf	3,6	;RP1=0, select bank0
   410  0038  0185               	clrf	5	;volatile
   411                           
   412                           ;lab07_main.c: 110: PORTB = 0x00;
   413  0039  0186               	clrf	6	;volatile
   414                           
   415                           ;lab07_main.c: 111: PORTC = 0x00;
   416  003A  0187               	clrf	7	;volatile
   417                           
   418                           ;lab07_main.c: 112: PORTD = 0x00;
   419  003B  0188               	clrf	8	;volatile
   420  003C                     l1433:
   421                           
   422                           ;lab07_main.c: 116: OSCCONbits.IRCF2 = 1;
   423  003C  1683               	bsf	3,5	;RP0=1, select bank1
   424  003D  1303               	bcf	3,6	;RP1=0, select bank1
   425  003E  170F               	bsf	15,6	;volatile
   426  003F                     l1435:
   427                           
   428                           ;lab07_main.c: 117: OSCCONbits.IRCF1 = 1;
   429  003F  168F               	bsf	15,5	;volatile
   430  0040                     l1437:
   431                           
   432                           ;lab07_main.c: 118: OSCCONbits.IRCF0 = 0;
   433  0040  120F               	bcf	15,4	;volatile
   434  0041                     l1439:
   435                           
   436                           ;lab07_main.c: 119: OSCCONbits.SCS = 1;
   437  0041  140F               	bsf	15,0	;volatile
   438  0042                     l1441:
   439                           
   440                           ;lab07_main.c: 123: OPTION_REGbits.T0CS = 0;
   441  0042  1281               	bcf	1,5	;volatile
   442  0043                     l1443:
   443                           
   444                           ;lab07_main.c: 124: OPTION_REGbits.PSA = 0;
   445  0043  1181               	bcf	1,3	;volatile
   446  0044                     l1445:
   447                           
   448                           ;lab07_main.c: 125: OPTION_REGbits.PS2 = 1;
   449  0044  1501               	bsf	1,2	;volatile
   450  0045                     l1447:
   451                           
   452                           ;lab07_main.c: 126: OPTION_REGbits.PS1 = 0;
   453  0045  1081               	bcf	1,1	;volatile
   454  0046                     l1449:
   455                           
   456                           ;lab07_main.c: 127: OPTION_REGbits.PS0 = 1;
   457  0046  1401               	bsf	1,0	;volatile
   458  0047                     l1451:
   459                           
   460                           ;lab07_main.c: 128: TMR0= 100;
   461  0047  3064               	movlw	100
   462  0048  1283               	bcf	3,5	;RP0=0, select bank0
   463  0049  1303               	bcf	3,6	;RP1=0, select bank0
   464  004A  0081               	movwf	1	;volatile
   465  004B                     l1453:
   466                           
   467                           ;lab07_main.c: 132: INTCONbits.T0IE = 1;
   468  004B  168B               	bsf	11,5	;volatile
   469  004C                     l1455:
   470                           
   471                           ;lab07_main.c: 133: INTCONbits.T0IF = 0;
   472  004C  110B               	bcf	11,2	;volatile
   473  004D                     l1457:
   474                           
   475                           ;lab07_main.c: 134: INTCONbits.RBIE = 1;
   476  004D  158B               	bsf	11,3	;volatile
   477  004E                     l1459:
   478                           
   479                           ;lab07_main.c: 135: INTCONbits.RBIF = 0;
   480  004E  100B               	bcf	11,0	;volatile
   481  004F                     l1461:
   482                           
   483                           ;lab07_main.c: 136: INTCONbits.GIE = 1;
   484  004F  178B               	bsf	11,7	;volatile
   485  0050                     l1463:
   486                           
   487                           ;lab07_main.c: 143:     cantidad = PORTA;
   488  0050  0805               	movf	5,w	;volatile
   489  0051  00A4               	movwf	??_main
   490  0052  0824               	movf	??_main,w
   491  0053  00F9               	movwf	_cantidad
   492                           
   493                           ;lab07_main.c: 144:     unidades = 0;
   494  0054  01F8               	clrf	_unidades
   495                           
   496                           ;lab07_main.c: 145:     decenas = 0;
   497  0055  01A1               	clrf	_decenas
   498                           
   499                           ;lab07_main.c: 146:     centenas = 0;
   500  0056  01A0               	clrf	_centenas
   501                           
   502                           ;lab07_main.c: 147:     while (cantidad >= 100) {
   503  0057  2861               	goto	l1467
   504  0058                     l1465:
   505                           
   506                           ;lab07_main.c: 148:         cantidad = cantidad - 100;
   507  0058  0879               	movf	_cantidad,w
   508  0059  3E9C               	addlw	156
   509  005A  00A4               	movwf	??_main
   510  005B  0824               	movf	??_main,w
   511  005C  00F9               	movwf	_cantidad
   512                           
   513                           ;lab07_main.c: 149:         centenas++;
   514  005D  3001               	movlw	1
   515  005E  00A4               	movwf	??_main
   516  005F  0824               	movf	??_main,w
   517  0060  07A0               	addwf	_centenas,f
   518  0061                     l1467:
   519                           
   520                           ;lab07_main.c: 147:     while (cantidad >= 100) {
   521  0061  3064               	movlw	100
   522  0062  0279               	subwf	_cantidad,w
   523  0063  1803               	skipnc
   524  0064  2866               	goto	u211
   525  0065  2867               	goto	u210
   526  0066                     u211:
   527  0066  2858               	goto	l1465
   528  0067                     u210:
   529  0067  2871               	goto	l1471
   530  0068                     l1469:
   531                           
   532                           ;lab07_main.c: 152:         cantidad = cantidad - 10;
   533  0068  0879               	movf	_cantidad,w
   534  0069  3EF6               	addlw	246
   535  006A  00A4               	movwf	??_main
   536  006B  0824               	movf	??_main,w
   537  006C  00F9               	movwf	_cantidad
   538                           
   539                           ;lab07_main.c: 153:         decenas++;
   540  006D  3001               	movlw	1
   541  006E  00A4               	movwf	??_main
   542  006F  0824               	movf	??_main,w
   543  0070  07A1               	addwf	_decenas,f
   544  0071                     l1471:
   545                           
   546                           ;lab07_main.c: 151:     while (cantidad >= 10) {
   547  0071  300A               	movlw	10
   548  0072  0279               	subwf	_cantidad,w
   549  0073  1803               	skipnc
   550  0074  2876               	goto	u221
   551  0075  2877               	goto	u220
   552  0076                     u221:
   553  0076  2868               	goto	l1469
   554  0077                     u220:
   555  0077                     l1473:
   556                           
   557                           ;lab07_main.c: 155:     if (cantidad < 10) {
   558  0077  300A               	movlw	10
   559  0078  0279               	subwf	_cantidad,w
   560  0079  1803               	skipnc
   561  007A  287C               	goto	u231
   562  007B  287D               	goto	u230
   563  007C                     u231:
   564  007C  28D2               	goto	l1511
   565  007D                     u230:
   566  007D                     l1475:
   567                           
   568                           ;lab07_main.c: 156:         unidades = cantidad;
   569  007D  0879               	movf	_cantidad,w
   570  007E  00A4               	movwf	??_main
   571  007F  0824               	movf	??_main,w
   572  0080  00F8               	movwf	_unidades
   573  0081  28D2               	goto	l1511
   574  0082                     l1477:
   575  0082  303F               	movlw	63
   576  0083  00A4               	movwf	??_main
   577  0084  0824               	movf	??_main,w
   578  0085  00F4               	movwf	_display1
   579                           
   580                           ;lab07_main.c: 164:         break;
   581  0086  295C               	goto	l1547
   582  0087                     l1479:
   583  0087  3006               	movlw	6
   584  0088  00A4               	movwf	??_main
   585  0089  0824               	movf	??_main,w
   586  008A  00F4               	movwf	_display1
   587                           
   588                           ;lab07_main.c: 166:         break;
   589  008B  295C               	goto	l1547
   590  008C                     l1481:
   591  008C  305B               	movlw	91
   592  008D  00A4               	movwf	??_main
   593  008E  0824               	movf	??_main,w
   594  008F  00F4               	movwf	_display1
   595                           
   596                           ;lab07_main.c: 168:         break;
   597  0090  295C               	goto	l1547
   598  0091                     l1483:
   599  0091  304F               	movlw	79
   600  0092  00A4               	movwf	??_main
   601  0093  0824               	movf	??_main,w
   602  0094  00F4               	movwf	_display1
   603                           
   604                           ;lab07_main.c: 170:         break;
   605  0095  295C               	goto	l1547
   606  0096                     l1485:
   607  0096  3066               	movlw	102
   608  0097  00A4               	movwf	??_main
   609  0098  0824               	movf	??_main,w
   610  0099  00F4               	movwf	_display1
   611                           
   612                           ;lab07_main.c: 172:         break;
   613  009A  295C               	goto	l1547
   614  009B                     l1487:
   615  009B  306D               	movlw	109
   616  009C  00A4               	movwf	??_main
   617  009D  0824               	movf	??_main,w
   618  009E  00F4               	movwf	_display1
   619                           
   620                           ;lab07_main.c: 174:         break;
   621  009F  295C               	goto	l1547
   622  00A0                     l1489:
   623  00A0  307D               	movlw	125
   624  00A1  00A4               	movwf	??_main
   625  00A2  0824               	movf	??_main,w
   626  00A3  00F4               	movwf	_display1
   627                           
   628                           ;lab07_main.c: 176:         break;
   629  00A4  295C               	goto	l1547
   630  00A5                     l1491:
   631  00A5  3007               	movlw	7
   632  00A6  00A4               	movwf	??_main
   633  00A7  0824               	movf	??_main,w
   634  00A8  00F4               	movwf	_display1
   635                           
   636                           ;lab07_main.c: 178:         break;
   637  00A9  295C               	goto	l1547
   638  00AA                     l1493:
   639  00AA  307F               	movlw	127
   640  00AB  00A4               	movwf	??_main
   641  00AC  0824               	movf	??_main,w
   642  00AD  00F4               	movwf	_display1
   643                           
   644                           ;lab07_main.c: 180:         break;
   645  00AE  295C               	goto	l1547
   646  00AF                     l1495:
   647  00AF  3067               	movlw	103
   648  00B0  00A4               	movwf	??_main
   649  00B1  0824               	movf	??_main,w
   650  00B2  00F4               	movwf	_display1
   651                           
   652                           ;lab07_main.c: 182:         break;
   653  00B3  295C               	goto	l1547
   654  00B4                     l1497:
   655  00B4  3077               	movlw	119
   656  00B5  00A4               	movwf	??_main
   657  00B6  0824               	movf	??_main,w
   658  00B7  00F4               	movwf	_display1
   659                           
   660                           ;lab07_main.c: 184:         break;
   661  00B8  295C               	goto	l1547
   662  00B9                     l1499:
   663  00B9  307C               	movlw	124
   664  00BA  00A4               	movwf	??_main
   665  00BB  0824               	movf	??_main,w
   666  00BC  00F4               	movwf	_display1
   667                           
   668                           ;lab07_main.c: 186:         break;
   669  00BD  295C               	goto	l1547
   670  00BE                     l1501:
   671  00BE  3039               	movlw	57
   672  00BF  00A4               	movwf	??_main
   673  00C0  0824               	movf	??_main,w
   674  00C1  00F4               	movwf	_display1
   675                           
   676                           ;lab07_main.c: 188:         break;
   677  00C2  295C               	goto	l1547
   678  00C3                     l1503:
   679  00C3  305E               	movlw	94
   680  00C4  00A4               	movwf	??_main
   681  00C5  0824               	movf	??_main,w
   682  00C6  00F4               	movwf	_display1
   683                           
   684                           ;lab07_main.c: 190:         break;
   685  00C7  295C               	goto	l1547
   686  00C8                     l1505:
   687  00C8  3079               	movlw	121
   688  00C9  00A4               	movwf	??_main
   689  00CA  0824               	movf	??_main,w
   690  00CB  00F4               	movwf	_display1
   691                           
   692                           ;lab07_main.c: 192:         break;
   693  00CC  295C               	goto	l1547
   694  00CD                     l1507:
   695  00CD  3071               	movlw	113
   696  00CE  00A4               	movwf	??_main
   697  00CF  0824               	movf	??_main,w
   698  00D0  00F4               	movwf	_display1
   699                           
   700                           ;lab07_main.c: 194:         break;
   701  00D1  295C               	goto	l1547
   702  00D2                     l1511:
   703  00D2  0820               	movf	_centenas,w
   704  00D3  00A4               	movwf	??_main
   705  00D4  01A5               	clrf	??_main+1
   706                           
   707                           ; Switch on 2 bytes has been partitioned into a top level switch of size 1, and 1 sub-sw
      +                          itches
   708                           ; Switch size 1, requested type "simple"
   709                           ; Number of cases is 1, Range of values is 0 to 0
   710                           ; switch strategies available:
   711                           ; Name         Instructions Cycles
   712                           ; simple_byte            4     3 (average)
   713                           ; direct_byte           11     8 (fixed)
   714                           ; jumptable            260     6 (fixed)
   715                           ;	Chosen strategy is simple_byte
   716  00D5  0825               	movf	??_main+1,w
   717  00D6  3A00               	xorlw	0	; case 0
   718  00D7  1903               	skipnz
   719  00D8  28DA               	goto	l1693
   720  00D9  295C               	goto	l1547
   721  00DA                     l1693:
   722                           
   723                           ; Switch size 1, requested type "simple"
   724                           ; Number of cases is 16, Range of values is 0 to 15
   725                           ; switch strategies available:
   726                           ; Name         Instructions Cycles
   727                           ; simple_byte           49    25 (average)
   728                           ; direct_byte           56     8 (fixed)
   729                           ; jumptable            260     6 (fixed)
   730                           ;	Chosen strategy is simple_byte
   731  00DA  0824               	movf	??_main,w
   732  00DB  3A00               	xorlw	0	; case 0
   733  00DC  1903               	skipnz
   734  00DD  2882               	goto	l1477
   735  00DE  3A01               	xorlw	1	; case 1
   736  00DF  1903               	skipnz
   737  00E0  2887               	goto	l1479
   738  00E1  3A03               	xorlw	3	; case 2
   739  00E2  1903               	skipnz
   740  00E3  288C               	goto	l1481
   741  00E4  3A01               	xorlw	1	; case 3
   742  00E5  1903               	skipnz
   743  00E6  2891               	goto	l1483
   744  00E7  3A07               	xorlw	7	; case 4
   745  00E8  1903               	skipnz
   746  00E9  2896               	goto	l1485
   747  00EA  3A01               	xorlw	1	; case 5
   748  00EB  1903               	skipnz
   749  00EC  289B               	goto	l1487
   750  00ED  3A03               	xorlw	3	; case 6
   751  00EE  1903               	skipnz
   752  00EF  28A0               	goto	l1489
   753  00F0  3A01               	xorlw	1	; case 7
   754  00F1  1903               	skipnz
   755  00F2  28A5               	goto	l1491
   756  00F3  3A0F               	xorlw	15	; case 8
   757  00F4  1903               	skipnz
   758  00F5  28AA               	goto	l1493
   759  00F6  3A01               	xorlw	1	; case 9
   760  00F7  1903               	skipnz
   761  00F8  28AF               	goto	l1495
   762  00F9  3A03               	xorlw	3	; case 10
   763  00FA  1903               	skipnz
   764  00FB  28B4               	goto	l1497
   765  00FC  3A01               	xorlw	1	; case 11
   766  00FD  1903               	skipnz
   767  00FE  28B9               	goto	l1499
   768  00FF  3A07               	xorlw	7	; case 12
   769  0100  1903               	skipnz
   770  0101  28BE               	goto	l1501
   771  0102  3A01               	xorlw	1	; case 13
   772  0103  1903               	skipnz
   773  0104  28C3               	goto	l1503
   774  0105  3A03               	xorlw	3	; case 14
   775  0106  1903               	skipnz
   776  0107  28C8               	goto	l1505
   777  0108  3A01               	xorlw	1	; case 15
   778  0109  1903               	skipnz
   779  010A  28CD               	goto	l1507
   780  010B  295C               	goto	l1547
   781  010C                     l1513:
   782  010C  303F               	movlw	63
   783  010D  00A4               	movwf	??_main
   784  010E  0824               	movf	??_main,w
   785  010F  00F3               	movwf	_display2
   786                           
   787                           ;lab07_main.c: 199:         break;
   788  0110  29E6               	goto	l1583
   789  0111                     l1515:
   790  0111  3006               	movlw	6
   791  0112  00A4               	movwf	??_main
   792  0113  0824               	movf	??_main,w
   793  0114  00F3               	movwf	_display2
   794                           
   795                           ;lab07_main.c: 201:         break;
   796  0115  29E6               	goto	l1583
   797  0116                     l1517:
   798  0116  305B               	movlw	91
   799  0117  00A4               	movwf	??_main
   800  0118  0824               	movf	??_main,w
   801  0119  00F3               	movwf	_display2
   802                           
   803                           ;lab07_main.c: 203:         break;
   804  011A  29E6               	goto	l1583
   805  011B                     l1519:
   806  011B  304F               	movlw	79
   807  011C  00A4               	movwf	??_main
   808  011D  0824               	movf	??_main,w
   809  011E  00F3               	movwf	_display2
   810                           
   811                           ;lab07_main.c: 205:         break;
   812  011F  29E6               	goto	l1583
   813  0120                     l1521:
   814  0120  3066               	movlw	102
   815  0121  00A4               	movwf	??_main
   816  0122  0824               	movf	??_main,w
   817  0123  00F3               	movwf	_display2
   818                           
   819                           ;lab07_main.c: 207:         break;
   820  0124  29E6               	goto	l1583
   821  0125                     l1523:
   822  0125  306D               	movlw	109
   823  0126  00A4               	movwf	??_main
   824  0127  0824               	movf	??_main,w
   825  0128  00F3               	movwf	_display2
   826                           
   827                           ;lab07_main.c: 209:         break;
   828  0129  29E6               	goto	l1583
   829  012A                     l1525:
   830  012A  307D               	movlw	125
   831  012B  00A4               	movwf	??_main
   832  012C  0824               	movf	??_main,w
   833  012D  00F3               	movwf	_display2
   834                           
   835                           ;lab07_main.c: 211:         break;
   836  012E  29E6               	goto	l1583
   837  012F                     l1527:
   838  012F  3007               	movlw	7
   839  0130  00A4               	movwf	??_main
   840  0131  0824               	movf	??_main,w
   841  0132  00F3               	movwf	_display2
   842                           
   843                           ;lab07_main.c: 213:         break;
   844  0133  29E6               	goto	l1583
   845  0134                     l1529:
   846  0134  307F               	movlw	127
   847  0135  00A4               	movwf	??_main
   848  0136  0824               	movf	??_main,w
   849  0137  00F3               	movwf	_display2
   850                           
   851                           ;lab07_main.c: 215:         break;
   852  0138  29E6               	goto	l1583
   853  0139                     l1531:
   854  0139  3067               	movlw	103
   855  013A  00A4               	movwf	??_main
   856  013B  0824               	movf	??_main,w
   857  013C  00F3               	movwf	_display2
   858                           
   859                           ;lab07_main.c: 217:         break;
   860  013D  29E6               	goto	l1583
   861  013E                     l1533:
   862  013E  3077               	movlw	119
   863  013F  00A4               	movwf	??_main
   864  0140  0824               	movf	??_main,w
   865  0141  00F3               	movwf	_display2
   866                           
   867                           ;lab07_main.c: 219:         break;
   868  0142  29E6               	goto	l1583
   869  0143                     l1535:
   870  0143  307C               	movlw	124
   871  0144  00A4               	movwf	??_main
   872  0145  0824               	movf	??_main,w
   873  0146  00F3               	movwf	_display2
   874                           
   875                           ;lab07_main.c: 221:         break;
   876  0147  29E6               	goto	l1583
   877  0148                     l1537:
   878  0148  3039               	movlw	57
   879  0149  00A4               	movwf	??_main
   880  014A  0824               	movf	??_main,w
   881  014B  00F3               	movwf	_display2
   882                           
   883                           ;lab07_main.c: 223:         break;
   884  014C  29E6               	goto	l1583
   885  014D                     l1539:
   886  014D  305E               	movlw	94
   887  014E  00A4               	movwf	??_main
   888  014F  0824               	movf	??_main,w
   889  0150  00F3               	movwf	_display2
   890                           
   891                           ;lab07_main.c: 225:         break;
   892  0151  29E6               	goto	l1583
   893  0152                     l1541:
   894  0152  3079               	movlw	121
   895  0153  00A4               	movwf	??_main
   896  0154  0824               	movf	??_main,w
   897  0155  00F3               	movwf	_display2
   898                           
   899                           ;lab07_main.c: 227:         break;
   900  0156  29E6               	goto	l1583
   901  0157                     l1543:
   902  0157  3071               	movlw	113
   903  0158  00A4               	movwf	??_main
   904  0159  0824               	movf	??_main,w
   905  015A  00F3               	movwf	_display2
   906                           
   907                           ;lab07_main.c: 229:         break;
   908  015B  29E6               	goto	l1583
   909  015C                     l1547:
   910  015C  0821               	movf	_decenas,w
   911  015D  00A4               	movwf	??_main
   912  015E  01A5               	clrf	??_main+1
   913                           
   914                           ; Switch on 2 bytes has been partitioned into a top level switch of size 1, and 1 sub-sw
      +                          itches
   915                           ; Switch size 1, requested type "simple"
   916                           ; Number of cases is 1, Range of values is 0 to 0
   917                           ; switch strategies available:
   918                           ; Name         Instructions Cycles
   919                           ; simple_byte            4     3 (average)
   920                           ; direct_byte           11     8 (fixed)
   921                           ; jumptable            260     6 (fixed)
   922                           ;	Chosen strategy is simple_byte
   923  015F  0825               	movf	??_main+1,w
   924  0160  3A00               	xorlw	0	; case 0
   925  0161  1903               	skipnz
   926  0162  2964               	goto	l1695
   927  0163  29E6               	goto	l1583
   928  0164                     l1695:
   929                           
   930                           ; Switch size 1, requested type "simple"
   931                           ; Number of cases is 16, Range of values is 0 to 15
   932                           ; switch strategies available:
   933                           ; Name         Instructions Cycles
   934                           ; simple_byte           49    25 (average)
   935                           ; direct_byte           56     8 (fixed)
   936                           ; jumptable            260     6 (fixed)
   937                           ;	Chosen strategy is simple_byte
   938  0164  0824               	movf	??_main,w
   939  0165  3A00               	xorlw	0	; case 0
   940  0166  1903               	skipnz
   941  0167  290C               	goto	l1513
   942  0168  3A01               	xorlw	1	; case 1
   943  0169  1903               	skipnz
   944  016A  2911               	goto	l1515
   945  016B  3A03               	xorlw	3	; case 2
   946  016C  1903               	skipnz
   947  016D  2916               	goto	l1517
   948  016E  3A01               	xorlw	1	; case 3
   949  016F  1903               	skipnz
   950  0170  291B               	goto	l1519
   951  0171  3A07               	xorlw	7	; case 4
   952  0172  1903               	skipnz
   953  0173  2920               	goto	l1521
   954  0174  3A01               	xorlw	1	; case 5
   955  0175  1903               	skipnz
   956  0176  2925               	goto	l1523
   957  0177  3A03               	xorlw	3	; case 6
   958  0178  1903               	skipnz
   959  0179  292A               	goto	l1525
   960  017A  3A01               	xorlw	1	; case 7
   961  017B  1903               	skipnz
   962  017C  292F               	goto	l1527
   963  017D  3A0F               	xorlw	15	; case 8
   964  017E  1903               	skipnz
   965  017F  2934               	goto	l1529
   966  0180  3A01               	xorlw	1	; case 9
   967  0181  1903               	skipnz
   968  0182  2939               	goto	l1531
   969  0183  3A03               	xorlw	3	; case 10
   970  0184  1903               	skipnz
   971  0185  293E               	goto	l1533
   972  0186  3A01               	xorlw	1	; case 11
   973  0187  1903               	skipnz
   974  0188  2943               	goto	l1535
   975  0189  3A07               	xorlw	7	; case 12
   976  018A  1903               	skipnz
   977  018B  2948               	goto	l1537
   978  018C  3A01               	xorlw	1	; case 13
   979  018D  1903               	skipnz
   980  018E  294D               	goto	l1539
   981  018F  3A03               	xorlw	3	; case 14
   982  0190  1903               	skipnz
   983  0191  2952               	goto	l1541
   984  0192  3A01               	xorlw	1	; case 15
   985  0193  1903               	skipnz
   986  0194  2957               	goto	l1543
   987  0195  29E6               	goto	l1583
   988  0196                     l1549:
   989  0196  303F               	movlw	63
   990  0197  00A4               	movwf	??_main
   991  0198  0824               	movf	??_main,w
   992  0199  00F2               	movwf	_display3
   993                           
   994                           ;lab07_main.c: 234:         break;
   995  019A  2850               	goto	l1463
   996  019B                     l1551:
   997  019B  3006               	movlw	6
   998  019C  00A4               	movwf	??_main
   999  019D  0824               	movf	??_main,w
  1000  019E  00F2               	movwf	_display3
  1001                           
  1002                           ;lab07_main.c: 236:         break;
  1003  019F  2850               	goto	l1463
  1004  01A0                     l1553:
  1005  01A0  305B               	movlw	91
  1006  01A1  00A4               	movwf	??_main
  1007  01A2  0824               	movf	??_main,w
  1008  01A3  00F2               	movwf	_display3
  1009                           
  1010                           ;lab07_main.c: 238:         break;
  1011  01A4  2850               	goto	l1463
  1012  01A5                     l1555:
  1013  01A5  304F               	movlw	79
  1014  01A6  00A4               	movwf	??_main
  1015  01A7  0824               	movf	??_main,w
  1016  01A8  00F2               	movwf	_display3
  1017                           
  1018                           ;lab07_main.c: 240:         break;
  1019  01A9  2850               	goto	l1463
  1020  01AA                     l1557:
  1021  01AA  3066               	movlw	102
  1022  01AB  00A4               	movwf	??_main
  1023  01AC  0824               	movf	??_main,w
  1024  01AD  00F2               	movwf	_display3
  1025                           
  1026                           ;lab07_main.c: 242:         break;
  1027  01AE  2850               	goto	l1463
  1028  01AF                     l1559:
  1029  01AF  306D               	movlw	109
  1030  01B0  00A4               	movwf	??_main
  1031  01B1  0824               	movf	??_main,w
  1032  01B2  00F2               	movwf	_display3
  1033                           
  1034                           ;lab07_main.c: 244:         break;
  1035  01B3  2850               	goto	l1463
  1036  01B4                     l1561:
  1037  01B4  307D               	movlw	125
  1038  01B5  00A4               	movwf	??_main
  1039  01B6  0824               	movf	??_main,w
  1040  01B7  00F2               	movwf	_display3
  1041                           
  1042                           ;lab07_main.c: 246:         break;
  1043  01B8  2850               	goto	l1463
  1044  01B9                     l1563:
  1045  01B9  3007               	movlw	7
  1046  01BA  00A4               	movwf	??_main
  1047  01BB  0824               	movf	??_main,w
  1048  01BC  00F2               	movwf	_display3
  1049                           
  1050                           ;lab07_main.c: 248:         break;
  1051  01BD  2850               	goto	l1463
  1052  01BE                     l1565:
  1053  01BE  307F               	movlw	127
  1054  01BF  00A4               	movwf	??_main
  1055  01C0  0824               	movf	??_main,w
  1056  01C1  00F2               	movwf	_display3
  1057                           
  1058                           ;lab07_main.c: 250:         break;
  1059  01C2  2850               	goto	l1463
  1060  01C3                     l1567:
  1061  01C3  3067               	movlw	103
  1062  01C4  00A4               	movwf	??_main
  1063  01C5  0824               	movf	??_main,w
  1064  01C6  00F2               	movwf	_display3
  1065                           
  1066                           ;lab07_main.c: 252:         break;
  1067  01C7  2850               	goto	l1463
  1068  01C8                     l1569:
  1069  01C8  3077               	movlw	119
  1070  01C9  00A4               	movwf	??_main
  1071  01CA  0824               	movf	??_main,w
  1072  01CB  00F2               	movwf	_display3
  1073                           
  1074                           ;lab07_main.c: 254:         break;
  1075  01CC  2850               	goto	l1463
  1076  01CD                     l1571:
  1077  01CD  307C               	movlw	124
  1078  01CE  00A4               	movwf	??_main
  1079  01CF  0824               	movf	??_main,w
  1080  01D0  00F2               	movwf	_display3
  1081                           
  1082                           ;lab07_main.c: 256:         break;
  1083  01D1  2850               	goto	l1463
  1084  01D2                     l1573:
  1085  01D2  3039               	movlw	57
  1086  01D3  00A4               	movwf	??_main
  1087  01D4  0824               	movf	??_main,w
  1088  01D5  00F2               	movwf	_display3
  1089                           
  1090                           ;lab07_main.c: 258:         break;
  1091  01D6  2850               	goto	l1463
  1092  01D7                     l1575:
  1093  01D7  305E               	movlw	94
  1094  01D8  00A4               	movwf	??_main
  1095  01D9  0824               	movf	??_main,w
  1096  01DA  00F2               	movwf	_display3
  1097                           
  1098                           ;lab07_main.c: 260:         break;
  1099  01DB  2850               	goto	l1463
  1100  01DC                     l1577:
  1101  01DC  3079               	movlw	121
  1102  01DD  00A4               	movwf	??_main
  1103  01DE  0824               	movf	??_main,w
  1104  01DF  00F2               	movwf	_display3
  1105                           
  1106                           ;lab07_main.c: 262:         break;
  1107  01E0  2850               	goto	l1463
  1108  01E1                     l1579:
  1109  01E1  3071               	movlw	113
  1110  01E2  00A4               	movwf	??_main
  1111  01E3  0824               	movf	??_main,w
  1112  01E4  00F2               	movwf	_display3
  1113                           
  1114                           ;lab07_main.c: 264:         break;
  1115  01E5  2850               	goto	l1463
  1116  01E6                     l1583:
  1117  01E6  0878               	movf	_unidades,w
  1118  01E7  00A4               	movwf	??_main
  1119  01E8  01A5               	clrf	??_main+1
  1120                           
  1121                           ; Switch on 2 bytes has been partitioned into a top level switch of size 1, and 1 sub-sw
      +                          itches
  1122                           ; Switch size 1, requested type "simple"
  1123                           ; Number of cases is 1, Range of values is 0 to 0
  1124                           ; switch strategies available:
  1125                           ; Name         Instructions Cycles
  1126                           ; simple_byte            4     3 (average)
  1127                           ; direct_byte           11     8 (fixed)
  1128                           ; jumptable            260     6 (fixed)
  1129                           ;	Chosen strategy is simple_byte
  1130  01E9  0825               	movf	??_main+1,w
  1131  01EA  3A00               	xorlw	0	; case 0
  1132  01EB  1903               	skipnz
  1133  01EC  29EE               	goto	l1697
  1134  01ED  2850               	goto	l1463
  1135  01EE                     l1697:
  1136                           
  1137                           ; Switch size 1, requested type "simple"
  1138                           ; Number of cases is 16, Range of values is 0 to 15
  1139                           ; switch strategies available:
  1140                           ; Name         Instructions Cycles
  1141                           ; simple_byte           49    25 (average)
  1142                           ; direct_byte           56     8 (fixed)
  1143                           ; jumptable            260     6 (fixed)
  1144                           ;	Chosen strategy is simple_byte
  1145  01EE  0824               	movf	??_main,w
  1146  01EF  3A00               	xorlw	0	; case 0
  1147  01F0  1903               	skipnz
  1148  01F1  2996               	goto	l1549
  1149  01F2  3A01               	xorlw	1	; case 1
  1150  01F3  1903               	skipnz
  1151  01F4  299B               	goto	l1551
  1152  01F5  3A03               	xorlw	3	; case 2
  1153  01F6  1903               	skipnz
  1154  01F7  29A0               	goto	l1553
  1155  01F8  3A01               	xorlw	1	; case 3
  1156  01F9  1903               	skipnz
  1157  01FA  29A5               	goto	l1555
  1158  01FB  3A07               	xorlw	7	; case 4
  1159  01FC  1903               	skipnz
  1160  01FD  29AA               	goto	l1557
  1161  01FE  3A01               	xorlw	1	; case 5
  1162  01FF  1903               	skipnz
  1163  0200  29AF               	goto	l1559
  1164  0201  3A03               	xorlw	3	; case 6
  1165  0202  1903               	skipnz
  1166  0203  29B4               	goto	l1561
  1167  0204  3A01               	xorlw	1	; case 7
  1168  0205  1903               	skipnz
  1169  0206  29B9               	goto	l1563
  1170  0207  3A0F               	xorlw	15	; case 8
  1171  0208  1903               	skipnz
  1172  0209  29BE               	goto	l1565
  1173  020A  3A01               	xorlw	1	; case 9
  1174  020B  1903               	skipnz
  1175  020C  29C3               	goto	l1567
  1176  020D  3A03               	xorlw	3	; case 10
  1177  020E  1903               	skipnz
  1178  020F  29C8               	goto	l1569
  1179  0210  3A01               	xorlw	1	; case 11
  1180  0211  1903               	skipnz
  1181  0212  29CD               	goto	l1571
  1182  0213  3A07               	xorlw	7	; case 12
  1183  0214  1903               	skipnz
  1184  0215  29D2               	goto	l1573
  1185  0216  3A01               	xorlw	1	; case 13
  1186  0217  1903               	skipnz
  1187  0218  29D7               	goto	l1575
  1188  0219  3A03               	xorlw	3	; case 14
  1189  021A  1903               	skipnz
  1190  021B  29DC               	goto	l1577
  1191  021C  3A01               	xorlw	1	; case 15
  1192  021D  1903               	skipnz
  1193  021E  29E1               	goto	l1579
  1194  021F  2850               	goto	l1463
  1195  0220  120A  118A  280C   	ljmp	start
  1196  0223                     __end_of_main:
  1197                           
  1198                           	psect	text1
  1199  0223                     __ptext1:	
  1200 ;; *************** function _isr *****************
  1201 ;; Defined at:
  1202 ;;		line 49 in file "lab07_main.c"
  1203 ;; Parameters:    Size  Location     Type
  1204 ;;		None
  1205 ;; Auto vars:     Size  Location     Type
  1206 ;;		None
  1207 ;; Return value:  Size  Location     Type
  1208 ;;                  1    wreg      void 
  1209 ;; Registers used:
  1210 ;;		wreg, status,2, status,0
  1211 ;; Tracked objects:
  1212 ;;		On entry : 0/0
  1213 ;;		On exit  : 0/0
  1214 ;;		Unchanged: 0/0
  1215 ;; Data sizes:     COMMON   BANK0   BANK1   BANK3   BANK2
  1216 ;;      Params:         0       0       0       0       0
  1217 ;;      Locals:         0       0       0       0       0
  1218 ;;      Temps:          3       0       0       0       0
  1219 ;;      Totals:         3       0       0       0       0
  1220 ;;Total ram usage:        3 bytes
  1221 ;; Hardware stack levels used:    1
  1222 ;; This function calls:
  1223 ;;		Nothing
  1224 ;; This function is called by:
  1225 ;;		Interrupt level 1
  1226 ;; This function uses a non-reentrant model
  1227 ;;
  1228                           
  1229                           
  1230                           ;psect for function _isr
  1231  0223                     _isr:
  1232  0223                     i1l1063:
  1233                           
  1234                           ;lab07_main.c: 51:     if (RBIF == 1){
  1235  0223  1C0B               	btfss	11,0	;volatile
  1236  0224  2A26               	goto	u11_21
  1237  0225  2A27               	goto	u11_20
  1238  0226                     u11_21:
  1239  0226  2A38               	goto	i1l1075
  1240  0227                     u11_20:
  1241  0227                     i1l1065:
  1242                           
  1243                           ;lab07_main.c: 52:         if (RB6 == 0){
  1244  0227  1283               	bcf	3,5	;RP0=0, select bank0
  1245  0228  1303               	bcf	3,6	;RP1=0, select bank0
  1246  0229  1B06               	btfsc	6,6	;volatile
  1247  022A  2A2C               	goto	u12_21
  1248  022B  2A2D               	goto	u12_20
  1249  022C                     u12_21:
  1250  022C  2A31               	goto	i1l1069
  1251  022D                     u12_20:
  1252  022D                     i1l1067:
  1253                           
  1254                           ;lab07_main.c: 53:             PORTA++ ;
  1255  022D  3001               	movlw	1
  1256  022E  00F5               	movwf	??_isr
  1257  022F  0875               	movf	??_isr,w
  1258  0230  0785               	addwf	5,f	;volatile
  1259  0231                     i1l1069:
  1260                           
  1261                           ;lab07_main.c: 55:         if (RB7 == 0){
  1262  0231  1B86               	btfsc	6,7	;volatile
  1263  0232  2A34               	goto	u13_21
  1264  0233  2A35               	goto	u13_20
  1265  0234                     u13_21:
  1266  0234  2A37               	goto	i1l1073
  1267  0235                     u13_20:
  1268  0235                     i1l1071:
  1269                           
  1270                           ;lab07_main.c: 56:             PORTA-- ;
  1271  0235  3001               	movlw	1
  1272  0236  0285               	subwf	5,f	;volatile
  1273  0237                     i1l1073:
  1274                           
  1275                           ;lab07_main.c: 58:     INTCONbits.RBIF = 0;
  1276  0237  100B               	bcf	11,0	;volatile
  1277  0238                     i1l1075:
  1278                           
  1279                           ;lab07_main.c: 61:     if (T0IF == 1){
  1280  0238  1D0B               	btfss	11,2	;volatile
  1281  0239  2A3B               	goto	u14_21
  1282  023A  2A3C               	goto	u14_20
  1283  023B                     u14_21:
  1284  023B  2A78               	goto	i1l80
  1285  023C                     u14_20:
  1286  023C                     i1l1077:
  1287                           
  1288                           ;lab07_main.c: 62:         INTCONbits.T0IF = 0;
  1289  023C  110B               	bcf	11,2	;volatile
  1290  023D                     i1l1079:
  1291                           
  1292                           ;lab07_main.c: 63:         TMR0 = 100;
  1293  023D  3064               	movlw	100
  1294  023E  1283               	bcf	3,5	;RP0=0, select bank0
  1295  023F  1303               	bcf	3,6	;RP1=0, select bank0
  1296  0240  0081               	movwf	1	;volatile
  1297  0241                     i1l1081:
  1298                           
  1299                           ;lab07_main.c: 64:         PORTD = 0b00000000;
  1300  0241  0188               	clrf	8	;volatile
  1301  0242                     i1l1083:
  1302                           
  1303                           ;lab07_main.c: 65:         if (turno1 == 1){
  1304  0242  037A               	decf	_turno1,w
  1305  0243  047B               	iorwf	_turno1+1,w
  1306  0244  1D03               	btfss	3,2
  1307  0245  2A47               	goto	u15_21
  1308  0246  2A48               	goto	u15_20
  1309  0247                     u15_21:
  1310  0247  2A54               	goto	i1l1093
  1311  0248                     u15_20:
  1312  0248                     i1l1085:
  1313                           
  1314                           ;lab07_main.c: 66:             PORTC = display1;
  1315  0248  0874               	movf	_display1,w
  1316  0249  0087               	movwf	7	;volatile
  1317  024A                     i1l1087:
  1318                           
  1319                           ;lab07_main.c: 67:             RD0 = 1;
  1320  024A  1408               	bsf	8,0	;volatile
  1321  024B                     i1l1089:
  1322                           
  1323                           ;lab07_main.c: 68:             turno1 = 0;
  1324  024B  01FA               	clrf	_turno1
  1325  024C  01FB               	clrf	_turno1+1
  1326  024D                     i1l1091:
  1327                           
  1328                           ;lab07_main.c: 69:             turno2 = 1;
  1329  024D  3001               	movlw	1
  1330  024E  00F0               	movwf	_turno2
  1331  024F  3000               	movlw	0
  1332  0250  00F1               	movwf	_turno2+1
  1333                           
  1334                           ;lab07_main.c: 70:             turno3 = 0;
  1335  0251  01A2               	clrf	_turno3
  1336  0252  01A3               	clrf	_turno3+1
  1337                           
  1338                           ;lab07_main.c: 71:         }
  1339  0253  2A78               	goto	i1l80
  1340  0254                     i1l1093:
  1341  0254  0370               	decf	_turno2,w
  1342  0255  0471               	iorwf	_turno2+1,w
  1343  0256  1D03               	btfss	3,2
  1344  0257  2A59               	goto	u16_21
  1345  0258  2A5A               	goto	u16_20
  1346  0259                     u16_21:
  1347  0259  2A66               	goto	i1l1103
  1348  025A                     u16_20:
  1349  025A                     i1l1095:
  1350                           
  1351                           ;lab07_main.c: 73:             PORTC = display2;
  1352  025A  0873               	movf	_display2,w
  1353  025B  0087               	movwf	7	;volatile
  1354  025C                     i1l1097:
  1355                           
  1356                           ;lab07_main.c: 74:             RD1 = 1;
  1357  025C  1488               	bsf	8,1	;volatile
  1358  025D                     i1l1099:
  1359                           
  1360                           ;lab07_main.c: 75:             turno1 = 0;
  1361  025D  01FA               	clrf	_turno1
  1362  025E  01FB               	clrf	_turno1+1
  1363  025F                     i1l1101:
  1364                           
  1365                           ;lab07_main.c: 76:             turno2 = 0;
  1366  025F  01F0               	clrf	_turno2
  1367  0260  01F1               	clrf	_turno2+1
  1368                           
  1369                           ;lab07_main.c: 77:             turno3 = 1;
  1370  0261  3001               	movlw	1
  1371  0262  00A2               	movwf	_turno3
  1372  0263  3000               	movlw	0
  1373  0264  00A3               	movwf	_turno3+1
  1374                           
  1375                           ;lab07_main.c: 78:         }
  1376  0265  2A78               	goto	i1l80
  1377  0266                     i1l1103:
  1378  0266  0322               	decf	_turno3,w
  1379  0267  0423               	iorwf	_turno3+1,w
  1380  0268  1D03               	btfss	3,2
  1381  0269  2A6B               	goto	u17_21
  1382  026A  2A6C               	goto	u17_20
  1383  026B                     u17_21:
  1384  026B  2A78               	goto	i1l76
  1385  026C                     u17_20:
  1386  026C                     i1l1105:
  1387                           
  1388                           ;lab07_main.c: 80:             PORTC = display3;
  1389  026C  0872               	movf	_display3,w
  1390  026D  0087               	movwf	7	;volatile
  1391  026E                     i1l1107:
  1392                           
  1393                           ;lab07_main.c: 81:             RD2 = 1;
  1394  026E  1508               	bsf	8,2	;volatile
  1395                           
  1396                           ;lab07_main.c: 82:             turno1 = 1;
  1397  026F  3001               	movlw	1
  1398  0270  00FA               	movwf	_turno1
  1399  0271  3000               	movlw	0
  1400  0272  00FB               	movwf	_turno1+1
  1401  0273                     i1l1109:
  1402                           
  1403                           ;lab07_main.c: 83:             turno2 = 0;
  1404  0273  01F0               	clrf	_turno2
  1405  0274  01F1               	clrf	_turno2+1
  1406  0275                     i1l1111:
  1407                           
  1408                           ;lab07_main.c: 84:             turno3 = 0;
  1409  0275  01A2               	clrf	_turno3
  1410  0276  01A3               	clrf	_turno3+1
  1411  0277  2A78               	goto	i1l80
  1412  0278                     i1l76:
  1413  0278                     i1l80:
  1414  0278  0877               	movf	??_isr+2,w
  1415  0279  008A               	movwf	10
  1416  027A  0E76               	swapf	??_isr+1,w
  1417  027B  0083               	movwf	3
  1418  027C  0EFE               	swapf	btemp,f
  1419  027D  0E7E               	swapf	btemp,w
  1420  027E  0009               	retfie
  1421  027F                     __end_of_isr:
  1422  007E                     btemp	set	126	;btemp
  1423  007E                     wtemp0	set	126
  1424                           
  1425                           	psect	intentry
  1426  0004                     __pintentry:	
  1427                           ;incstack = 0
  1428                           ; Regs used in _isr: [wreg+status,2+status,0]
  1429                           
  1430  0004                     interrupt_function:
  1431  007E                     saved_w	set	btemp
  1432  0004  00FE               	movwf	btemp
  1433  0005  0E03               	swapf	3,w
  1434  0006  00F6               	movwf	??_isr+1
  1435  0007  080A               	movf	10,w
  1436  0008  00F7               	movwf	??_isr+2
  1437  0009  120A  118A  2A23   	ljmp	_isr
  1438                           
  1439                           	psect	config
  1440                           
  1441                           ;Config register CONFIG1 @ 0x2007
  1442                           ;	Oscillator Selection bits
  1443                           ;	FOSC = INTRC_NOCLKOUT, INTOSCIO oscillator: I/O function on RA6/OSC2/CLKOUT pin, I/O f
      +                          unction on RA7/OSC1/CLKIN
  1444                           ;	Watchdog Timer Enable bit
  1445                           ;	WDTE = OFF, WDT disabled and can be enabled by SWDTEN bit of the WDTCON register
  1446                           ;	Power-up Timer Enable bit
  1447                           ;	PWRTE = OFF, PWRT disabled
  1448                           ;	RE3/MCLR pin function select bit
  1449                           ;	MCLRE = OFF, RE3/MCLR pin function is digital input, MCLR internally tied to VDD
  1450                           ;	Code Protection bit
  1451                           ;	CP = OFF, Program memory code protection is disabled
  1452                           ;	Data Code Protection bit
  1453                           ;	CPD = OFF, Data memory code protection is disabled
  1454                           ;	Brown Out Reset Selection bits
  1455                           ;	BOREN = OFF, BOR disabled
  1456                           ;	Internal External Switchover bit
  1457                           ;	IESO = OFF, Internal/External Switchover mode is disabled
  1458                           ;	Fail-Safe Clock Monitor Enabled bit
  1459                           ;	FCMEN = OFF, Fail-Safe Clock Monitor is disabled
  1460                           ;	Low Voltage Programming Enable bit
  1461                           ;	LVP = ON, RB3/PGM pin has PGM function, low voltage programming enabled
  1462                           ;	In-Circuit Debugger Mode bit
  1463                           ;	DEBUG = 0x1, unprogrammed default
  1464  2007                     	org	8199
  1465  2007  30D4               	dw	12500
  1466                           
  1467                           ;Config register CONFIG2 @ 0x2008
  1468                           ;	Brown-out Reset Selection bit
  1469                           ;	BOR4V = BOR40V, Brown-out Reset set to 4.0V
  1470                           ;	Flash Program Memory Self Write Enable bits
  1471                           ;	WRT = OFF, Write protection off
  1472  2008                     	org	8200
  1473  2008  3FFF               	dw	16383

Data Sizes:
    Strings     0
    Constant    0
    Data        2
    BSS         7
    Persistent  4
    Stack       0

Auto Spaces:
    Space          Size  Autos    Used
    COMMON           14      3      12
    BANK0            80      2       6
    BANK1            80      0       0
    BANK3            96      0       0
    BANK2            96      0       0

Pointer List with Targets:

    None.

Critical Paths under _main in COMMON

    None.

Critical Paths under _isr in COMMON

    None.

Critical Paths under _main in BANK0

    None.

Critical Paths under _isr in BANK0

    None.

Critical Paths under _main in BANK1

    None.

Critical Paths under _isr in BANK1

    None.

Critical Paths under _main in BANK3

    None.

Critical Paths under _isr in BANK3

    None.

Critical Paths under _main in BANK2

    None.

Critical Paths under _isr in BANK2

    None.

Call Graph Tables:

 ---------------------------------------------------------------------------------
 (Depth) Function   	        Calls       Base Space   Used Autos Params    Refs
 ---------------------------------------------------------------------------------
 (0) _main                                                 2     2      0       0
                                              0 BANK0      2     2      0
 ---------------------------------------------------------------------------------
 Estimated maximum stack depth 0
 ---------------------------------------------------------------------------------
 (Depth) Function   	        Calls       Base Space   Used Autos Params    Refs
 ---------------------------------------------------------------------------------
 (1) _isr                                                  3     3      0       0
                                              0 COMMON     3     3      0
 ---------------------------------------------------------------------------------
 Estimated maximum stack depth 1
 ---------------------------------------------------------------------------------

 Call Graph Graphs:

 _main (ROOT)

 _isr (ROOT)

 Address spaces:
Name               Size   Autos  Total    Cost      Usage
BANK3               60      0       0       9        0.0%
BITBANK3            60      0       0       8        0.0%
SFR3                 0      0       0       4        0.0%
BITSFR3              0      0       0       4        0.0%
BANK2               60      0       0      11        0.0%
BITBANK2            60      0       0      10        0.0%
SFR2                 0      0       0       5        0.0%
BITSFR2              0      0       0       5        0.0%
BANK1               50      0       0       7        0.0%
BITBANK1            50      0       0       6        0.0%
SFR1                 0      0       0       2        0.0%
BITSFR1              0      0       0       2        0.0%
BANK0               50      2       6       5        7.5%
BITBANK0            50      0       0       4        0.0%
SFR0                 0      0       0       1        0.0%
BITSFR0              0      0       0       1        0.0%
COMMON               E      3       C       1       85.7%
BITCOMMON            E      0       0       0        0.0%
CODE                 0      0       0       0        0.0%
DATA                 0      0      12      12        0.0%
ABS                  0      0      12       3        0.0%
NULL                 0      0       0       0        0.0%
STACK                0      0       0       2        0.0%
EEDATA             100      0       0       0        0.0%


Microchip Technology PIC Macro Assembler V2.31 build 20201012212115 
Symbol Table                                                                                   Sun Apr 18 21:36:53 2021

                    _RD0 0040                      _RD1 0041                      _RB6 0036  
                    _RD2 0042                      _RB7 0037                      u210 0067  
                    u211 0066                      u220 0077                      u221 0076  
                    u230 007D                      u231 007C                      _isr 0223  
                   l1501 00BE                     l1421 0026                     l1503 00C3  
                   l1511 00D2                     l1431 0032                     l1423 002D  
                   l1521 0120                     l1513 010C                     l1505 00C8  
                   l1441 0042                     l1433 003C                     l1425 002F  
                   l1531 0139                     l1523 0125                     l1515 0111  
                   l1507 00CD                     l1451 0047                     l1443 0043  
                   l1435 003F                     l1427 0030                     l1541 0152  
                   l1533 013E                     l1525 012A                     l1517 0116  
                   l1461 004F                     l1453 004B                     l1445 0044  
                   l1437 0040                     l1429 0031                     l1551 019B  
                   l1543 0157                     l1535 0143                     l1527 012F  
                   l1519 011B                     l1471 0071                     l1463 0050  
                   l1455 004C                     l1447 0045                     l1439 0041  
                   l1561 01B4                     l1553 01A0                     l1537 0148  
                   l1529 0134                     l1481 008C                     l1473 0077  
                   l1465 0058                     l1457 004D                     l1449 0046  
                   l1571 01CD                     l1563 01B9                     l1555 01A5  
                   l1539 014D                     l1491 00A5                     l1483 0091  
                   l1547 015C                     l1475 007D                     l1467 0061  
                   l1459 004E                     l1573 01D2                     l1565 01BE  
                   l1557 01AA                     l1549 0196                     l1493 00AA  
                   l1485 0096                     l1477 0082                     l1469 0068  
                   l1575 01D7                     l1567 01C3                     l1559 01AF  
                   l1583 01E6                     l1495 00AF                     l1487 009B  
                   l1479 0087                     l1577 01DC                     l1569 01C8  
                   l1497 00B4                     l1489 00A0                     l1579 01E1  
                   l1499 00B9                     l1693 00DA                     l1695 0164  
                   l1697 01EE                     ?_isr 0075                     _T0IF 005A  
                   _RBIF 0058                     i1l80 0278                     i1l76 0278  
                   _TMR0 0001                     _WPUB 0095                     _main 0026  
                   btemp 007E                     start 000C                    ??_isr 0075  
                  ?_main 0075                    _ANSEL 0188                    u11_20 0227  
                  u11_21 0226                    u12_20 022D                    u12_21 022C  
                  u13_20 0235                    u13_21 0234                    u14_20 023C  
                  u14_21 023B                    u15_20 0248                    u15_21 0247  
                  u16_20 025A                    u16_21 0259                    u17_20 026C  
                  u17_21 026B                    _PORTA 0005                    _PORTB 0006  
                  _PORTC 0007                    _PORTD 0008                    _TRISA 0085  
                  _TRISB 0086                    _TRISC 0087                    _TRISD 0088  
                  pclath 000A                    status 0003                    wtemp0 007E  
        __initialization 000F             __end_of_main 0223                   ??_main 0024  
                 _ANSELH 0189                   i1l1101 025F                   i1l1111 0275  
                 i1l1103 0266                   i1l1105 026C                   i1l1107 026E  
                 i1l1109 0273                   i1l1071 0235                   i1l1063 0223  
                 i1l1081 0241                   i1l1073 0237                   i1l1065 0227  
                 i1l1091 024D                   i1l1083 0242                   i1l1067 022D  
                 i1l1075 0238                   i1l1085 0248                   i1l1093 0254  
                 i1l1077 023C                   i1l1069 0231                   i1l1095 025A  
                 i1l1087 024A                   i1l1079 023D                   i1l1097 025C  
                 i1l1089 024B                   i1l1099 025D                   _turno1 007A  
                 _turno2 0070                   _turno3 0022             __pdataCOMMON 007A  
                 saved_w 007E  __end_of__initialization 0022           __pcstackCOMMON 0075  
         _OPTION_REGbits 0081               __pbssBANK0 0022               __pnvCOMMON 0078  
             __pmaintext 0026               __pintentry 0004                  _decenas 0021  
                __ptext1 0223             __size_of_isr 005C     end_of_initialization 0022  
          __pidataCOMMON 027F      start_initialization 000F              __end_of_isr 027F  
            __pbssCOMMON 0070                ___latbits 0002            __pcstackBANK0 0024  
              __pnvBANK0 0020        interrupt_function 0004                 _IOCBbits 0096  
               _cantidad 0079                 _centenas 0020                 _display1 0074  
               _display2 0073                 _display3 0072            __size_of_main 01FD  
               _unidades 0078               _INTCONbits 000B                 intlevel1 0000  
             _OSCCONbits 008F  
