

Microchip MPLAB XC8 Assembler V2.31 build 20201012212115 
                                                                                               Sun Apr 25 16:51:47 2021

Microchip MPLAB XC8 C Compiler v2.31 (Free license) build 20201012212115 Og1 
     1                           	processor	16F887
     2                           	pagewidth 120
     3                           	opt	flic
     4                           	psect	idataBANK0,global,class=CODE,delta=2,noexec
     5                           	psect	cinit,global,class=CODE,merge=1,delta=2
     6                           	psect	bssCOMMON,global,class=COMMON,space=1,delta=1,noexec
     7                           	psect	bssBANK0,global,class=BANK0,space=1,delta=1,noexec
     8                           	psect	dataBANK0,global,class=BANK0,space=1,delta=1,noexec
     9                           	psect	cstackCOMMON,global,class=COMMON,space=1,delta=1,noexec
    10                           	psect	cstackBANK0,global,class=BANK0,space=1,delta=1,noexec
    11                           	psect	maintext,global,class=CODE,split=1,delta=2
    12                           	psect	text1,local,class=CODE,merge=1,delta=2
    13                           	psect	intentry,global,class=CODE,delta=2
    14                           	psect	config,global,abs,ovrld,class=CONFIG,space=4,delta=2,noexec
    15                           	dabs	1,0x7E,2
    16  0000                     
    17                           ; Version 2.20
    18                           ; Generated 12/02/2020 GMT
    19                           ; 
    20                           ; Copyright © 2020, Microchip Technology Inc. and its subsidiaries ("Microchip")
    21                           ; All rights reserved.
    22                           ; 
    23                           ; This software is developed by Microchip Technology Inc. and its subsidiaries ("Microch
      +                          ip").
    24                           ; 
    25                           ; Redistribution and use in source and binary forms, with or without modification, are
    26                           ; permitted provided that the following conditions are met:
    27                           ; 
    28                           ;     1. Redistributions of source code must retain the above copyright notice, this lis
      +                          t of
    29                           ;        conditions and the following disclaimer.
    30                           ; 
    31                           ;     2. Redistributions in binary form must reproduce the above copyright notice, this 
      +                          list
    32                           ;        of conditions and the following disclaimer in the documentation and/or other
    33                           ;        materials provided with the distribution.
    34                           ; 
    35                           ;     3. Microchip's name may not be used to endorse or promote products derived from th
      +                          is
    36                           ;        software without specific prior written permission.
    37                           ; 
    38                           ; THIS SOFTWARE IS PROVIDED BY MICROCHIP "AS IS" AND ANY EXPRESS OR IMPLIED WARRANTIES,
    39                           ; INCLUDING, BUT NOT LIMITED TO, THE IMPLIED WARRANTIES OF MERCHANTABILITY AND FITNESS F
      +                          OR
    40                           ; PURPOSE ARE DISCLAIMED.  IN NO EVENT SHALL MICROCHIP BE LIABLE FOR ANY DIRECT, INDIREC
      +                          T,
    41                           ; INCIDENTAL, SPECIAL, EXEMPLARY, OR CONSEQUENTIAL DAMAGES (INCLUDING BUT NOT LIMITED TO
    42                           ; PROCUREMENT OF SUBSTITUTE GOODS OR SERVICES; LOSS OF USE, DATA OR PROFITS; OR BUSINESS
    43                           ; INTERRUPTION) HOWSOEVER CAUSED AND ON ANY THEORY OF LIABILITY, WHETHER IN CONTRACT, ST
      +                          RICT
    44                           ; LIABILITY, OR TORT (INCLUDING NEGLIGENCE OR OTHERWISE) ARISING IN ANY WAY OUT OF THE U
      +                          SE OF
    45                           ; THIS SOFTWARE, EVEN IF ADVISED OF THE POSSIBILITY OF SUCH DAMAGE.
    46                           ; 
    47                           ; 
    48                           ; Code-generator required, PIC16F887 Definitions
    49                           ; 
    50                           ; SFR Addresses
    51  0000                     	;# 
    52  0001                     	;# 
    53  0002                     	;# 
    54  0003                     	;# 
    55  0004                     	;# 
    56  0005                     	;# 
    57  0006                     	;# 
    58  0007                     	;# 
    59  0008                     	;# 
    60  0009                     	;# 
    61  000A                     	;# 
    62  000B                     	;# 
    63  000C                     	;# 
    64  000D                     	;# 
    65  000E                     	;# 
    66  000E                     	;# 
    67  000F                     	;# 
    68  0010                     	;# 
    69  0011                     	;# 
    70  0012                     	;# 
    71  0013                     	;# 
    72  0014                     	;# 
    73  0015                     	;# 
    74  0015                     	;# 
    75  0016                     	;# 
    76  0017                     	;# 
    77  0018                     	;# 
    78  0019                     	;# 
    79  001A                     	;# 
    80  001B                     	;# 
    81  001B                     	;# 
    82  001C                     	;# 
    83  001D                     	;# 
    84  001E                     	;# 
    85  001F                     	;# 
    86  0081                     	;# 
    87  0085                     	;# 
    88  0086                     	;# 
    89  0087                     	;# 
    90  0088                     	;# 
    91  0089                     	;# 
    92  008C                     	;# 
    93  008D                     	;# 
    94  008E                     	;# 
    95  008F                     	;# 
    96  0090                     	;# 
    97  0091                     	;# 
    98  0092                     	;# 
    99  0093                     	;# 
   100  0093                     	;# 
   101  0093                     	;# 
   102  0094                     	;# 
   103  0095                     	;# 
   104  0096                     	;# 
   105  0097                     	;# 
   106  0098                     	;# 
   107  0099                     	;# 
   108  009A                     	;# 
   109  009B                     	;# 
   110  009C                     	;# 
   111  009D                     	;# 
   112  009E                     	;# 
   113  009F                     	;# 
   114  0105                     	;# 
   115  0107                     	;# 
   116  0108                     	;# 
   117  0109                     	;# 
   118  010C                     	;# 
   119  010C                     	;# 
   120  010D                     	;# 
   121  010E                     	;# 
   122  010F                     	;# 
   123  0185                     	;# 
   124  0187                     	;# 
   125  0188                     	;# 
   126  0189                     	;# 
   127  018C                     	;# 
   128  018D                     	;# 
   129  0000                     	;# 
   130  0001                     	;# 
   131  0002                     	;# 
   132  0003                     	;# 
   133  0004                     	;# 
   134  0005                     	;# 
   135  0006                     	;# 
   136  0007                     	;# 
   137  0008                     	;# 
   138  0009                     	;# 
   139  000A                     	;# 
   140  000B                     	;# 
   141  000C                     	;# 
   142  000D                     	;# 
   143  000E                     	;# 
   144  000E                     	;# 
   145  000F                     	;# 
   146  0010                     	;# 
   147  0011                     	;# 
   148  0012                     	;# 
   149  0013                     	;# 
   150  0014                     	;# 
   151  0015                     	;# 
   152  0015                     	;# 
   153  0016                     	;# 
   154  0017                     	;# 
   155  0018                     	;# 
   156  0019                     	;# 
   157  001A                     	;# 
   158  001B                     	;# 
   159  001B                     	;# 
   160  001C                     	;# 
   161  001D                     	;# 
   162  001E                     	;# 
   163  001F                     	;# 
   164  0081                     	;# 
   165  0085                     	;# 
   166  0086                     	;# 
   167  0087                     	;# 
   168  0088                     	;# 
   169  0089                     	;# 
   170  008C                     	;# 
   171  008D                     	;# 
   172  008E                     	;# 
   173  008F                     	;# 
   174  0090                     	;# 
   175  0091                     	;# 
   176  0092                     	;# 
   177  0093                     	;# 
   178  0093                     	;# 
   179  0093                     	;# 
   180  0094                     	;# 
   181  0095                     	;# 
   182  0096                     	;# 
   183  0097                     	;# 
   184  0098                     	;# 
   185  0099                     	;# 
   186  009A                     	;# 
   187  009B                     	;# 
   188  009C                     	;# 
   189  009D                     	;# 
   190  009E                     	;# 
   191  009F                     	;# 
   192  0105                     	;# 
   193  0107                     	;# 
   194  0108                     	;# 
   195  0109                     	;# 
   196  010C                     	;# 
   197  010C                     	;# 
   198  010D                     	;# 
   199  010E                     	;# 
   200  010F                     	;# 
   201  0185                     	;# 
   202  0187                     	;# 
   203  0188                     	;# 
   204  0189                     	;# 
   205  018C                     	;# 
   206  018D                     	;# 
   207                           
   208                           	psect	idataBANK0
   209  02BE                     __pidataBANK0:
   210                           
   211                           ;initializer for _turno1
   212  02BE  3401               	retlw	1
   213  02BF  3400               	retlw	0
   214  0005                     _PORTA	set	5
   215  0007                     _PORTC	set	7
   216  0008                     _PORTD	set	8
   217  0001                     _TMR0	set	1
   218  000B                     _INTCONbits	set	11
   219  000C                     _PIR1bits	set	12
   220  001E                     _ADRESH	set	30
   221  0006                     _PORTB	set	6
   222  001F                     _ADCON0bits	set	31
   223  0042                     _RD2	set	66
   224  0041                     _RD1	set	65
   225  0040                     _RD0	set	64
   226  005A                     _T0IF	set	90
   227  0066                     _ADIF	set	102
   228  008C                     _PIE1bits	set	140
   229  0081                     _OPTION_REGbits	set	129
   230  008F                     _OSCCONbits	set	143
   231  0088                     _TRISD	set	136
   232  0087                     _TRISC	set	135
   233  0086                     _TRISB	set	134
   234  009E                     _ADRESL	set	158
   235  009F                     _ADCON1bits	set	159
   236  0085                     _TRISA	set	133
   237  0189                     _ANSELH	set	393
   238  0188                     _ANSEL	set	392
   239                           
   240                           	psect	cinit
   241  000F                     start_initialization:	
   242                           ; #config settings
   243                           
   244  000F                     __initialization:
   245                           
   246                           ; Initialize objects allocated to BANK0
   247  000F  120A  118A  22BE  120A  118A  	fcall	__pidataBANK0	;fetch initializer
   248  0014  00A4               	movwf	__pdataBANK0& (0+127)
   249  0015  120A  118A  22BF  120A  118A  	fcall	__pidataBANK0+1	;fetch initializer
   250  001A  00A5               	movwf	(__pdataBANK0+1)& (0+127)
   251                           
   252                           ; Clear objects allocated to BANK0
   253  001B  01A0               	clrf	__pbssBANK0& (0+127)
   254  001C  01A1               	clrf	(__pbssBANK0+1)& (0+127)
   255  001D  01A2               	clrf	(__pbssBANK0+2)& (0+127)
   256  001E  01A3               	clrf	(__pbssBANK0+3)& (0+127)
   257                           
   258                           ; Clear objects allocated to COMMON
   259  001F  01F0               	clrf	__pbssCOMMON& (0+127)
   260  0020  01F1               	clrf	(__pbssCOMMON+1)& (0+127)
   261  0021  01F2               	clrf	(__pbssCOMMON+2)& (0+127)
   262  0022  01F3               	clrf	(__pbssCOMMON+3)& (0+127)
   263  0023  01F4               	clrf	(__pbssCOMMON+4)& (0+127)
   264  0024  01F5               	clrf	(__pbssCOMMON+5)& (0+127)
   265  0025  01F6               	clrf	(__pbssCOMMON+6)& (0+127)
   266  0026  01F7               	clrf	(__pbssCOMMON+7)& (0+127)
   267  0027                     end_of_initialization:	
   268                           ;End of C runtime variable initialization code
   269                           
   270  0027                     __end_of__initialization:
   271  0027  0183               	clrf	3
   272  0028  120A  118A  282B   	ljmp	_main	;jump to C main() function
   273                           
   274                           	psect	bssCOMMON
   275  0070                     __pbssCOMMON:
   276  0070                     _display3:
   277  0070                     	ds	1
   278  0071                     _display2:
   279  0071                     	ds	1
   280  0072                     _display1:
   281  0072                     	ds	1
   282  0073                     _centenas:
   283  0073                     	ds	1
   284  0074                     _decenas:
   285  0074                     	ds	1
   286  0075                     _unidades:
   287  0075                     	ds	1
   288  0076                     _valor:
   289  0076                     	ds	1
   290  0077                     _cantidad:
   291  0077                     	ds	1
   292                           
   293                           	psect	bssBANK0
   294  0020                     __pbssBANK0:
   295  0020                     _turno3:
   296  0020                     	ds	2
   297  0022                     _turno2:
   298  0022                     	ds	2
   299                           
   300                           	psect	dataBANK0
   301  0024                     __pdataBANK0:
   302  0024                     _turno1:
   303  0024                     	ds	2
   304                           
   305                           	psect	cstackCOMMON
   306  0078                     __pcstackCOMMON:
   307  0078                     ?_isr:
   308  0078                     ??_isr:	
   309                           ; 1 bytes @ 0x0
   310                           
   311  0078                     ?_main:	
   312                           ; 1 bytes @ 0x0
   313                           
   314                           
   315                           ; 1 bytes @ 0x0
   316  0078                     	ds	3
   317                           
   318                           	psect	cstackBANK0
   319  0026                     __pcstackBANK0:
   320  0026                     ??_main:
   321                           
   322                           ; 1 bytes @ 0x0
   323  0026                     	ds	2
   324                           
   325                           	psect	maintext
   326  002B                     __pmaintext:	
   327 ;;
   328 ;;Main: autosize = 0, tempsize = 2, incstack = 0, save=0
   329 ;;
   330 ;; *************** function _main *****************
   331 ;; Defined at:
   332 ;;		line 97 in file "lab08_main.c"
   333 ;; Parameters:    Size  Location     Type
   334 ;;		None
   335 ;; Auto vars:     Size  Location     Type
   336 ;;		None
   337 ;; Return value:  Size  Location     Type
   338 ;;                  1    wreg      void 
   339 ;; Registers used:
   340 ;;		wreg, fsr0l, fsr0h, status,2, status,0
   341 ;; Tracked objects:
   342 ;;		On entry : B00/0
   343 ;;		On exit  : 0/0
   344 ;;		Unchanged: 0/0
   345 ;; Data sizes:     COMMON   BANK0   BANK1   BANK3   BANK2
   346 ;;      Params:         0       0       0       0       0
   347 ;;      Locals:         0       0       0       0       0
   348 ;;      Temps:          0       2       0       0       0
   349 ;;      Totals:         0       2       0       0       0
   350 ;;Total ram usage:        2 bytes
   351 ;; Hardware stack levels required when called:    1
   352 ;; This function calls:
   353 ;;		Nothing
   354 ;; This function is called by:
   355 ;;		Startup code after reset
   356 ;; This function uses a non-reentrant model
   357 ;;
   358                           
   359                           
   360                           ;psect for function _main
   361  002B                     _main:
   362  002B                     l1263:	
   363                           ;incstack = 0
   364                           ; Regs used in _main: [wreg-fsr0h+status,2+status,0]
   365                           
   366                           
   367                           ;lab08_main.c: 99: ANSEL = 0b00010001;
   368  002B  3011               	movlw	17
   369  002C  1683               	bsf	3,5	;RP0=1, select bank3
   370  002D  1703               	bsf	3,6	;RP1=1, select bank3
   371  002E  0088               	movwf	8	;volatile
   372  002F                     l1265:
   373                           
   374                           ;lab08_main.c: 100: ANSELH = 0x00;
   375  002F  0189               	clrf	9	;volatile
   376  0030                     l1267:
   377                           
   378                           ;lab08_main.c: 102: TRISA = 0b00100001;
   379  0030  3021               	movlw	33
   380  0031  1683               	bsf	3,5	;RP0=1, select bank1
   381  0032  1303               	bcf	3,6	;RP1=0, select bank1
   382  0033  0085               	movwf	5	;volatile
   383  0034                     l1269:
   384                           
   385                           ;lab08_main.c: 106: ADCON0bits.ADCS1 = 0;
   386  0034  1283               	bcf	3,5	;RP0=0, select bank0
   387  0035  1303               	bcf	3,6	;RP1=0, select bank0
   388  0036  139F               	bcf	31,7	;volatile
   389  0037                     l1271:
   390                           
   391                           ;lab08_main.c: 107: ADCON0bits.ADCS0 = 1;
   392  0037  171F               	bsf	31,6	;volatile
   393  0038                     l1273:
   394                           
   395                           ;lab08_main.c: 108: ADCON0bits.CHS = 0;
   396  0038  30C3               	movlw	-61
   397  0039  059F               	andwf	31,f	;volatile
   398  003A                     l1275:
   399                           
   400                           ;lab08_main.c: 109: ADCON0bits.ADON = 1;
   401  003A  141F               	bsf	31,0	;volatile
   402  003B                     l1277:
   403                           
   404                           ;lab08_main.c: 110: _delay((unsigned long)((50)*(4000000/4000000.0)));
   405  003B  300F               	movlw	15
   406  003C  1283               	bcf	3,5	;RP0=0, select bank0
   407  003D  1303               	bcf	3,6	;RP1=0, select bank0
   408  003E  00A6               	movwf	??_main
   409  003F                     u237:
   410  003F  0BA6               	decfsz	??_main,f
   411  0040  283F               	goto	u237
   412  0041  2842               	nop2
   413  0042                     l1279:
   414                           
   415                           ;lab08_main.c: 111: ADCON0bits.GO = 1;
   416  0042  1283               	bcf	3,5	;RP0=0, select bank0
   417  0043  1303               	bcf	3,6	;RP1=0, select bank0
   418  0044  149F               	bsf	31,1	;volatile
   419  0045                     l1281:
   420                           
   421                           ;lab08_main.c: 113: ADCON1bits.ADFM = 0;
   422  0045  1683               	bsf	3,5	;RP0=1, select bank1
   423  0046  1303               	bcf	3,6	;RP1=0, select bank1
   424  0047  139F               	bcf	31,7	;volatile
   425  0048                     l1283:
   426                           
   427                           ;lab08_main.c: 114: ADCON1bits.VCFG1 = 0;
   428  0048  129F               	bcf	31,5	;volatile
   429  0049                     l1285:
   430                           
   431                           ;lab08_main.c: 115: ADCON1bits.VCFG0 = 0;
   432  0049  121F               	bcf	31,4	;volatile
   433  004A                     l1287:
   434                           
   435                           ;lab08_main.c: 117: ADRESH = 0x00;
   436  004A  1283               	bcf	3,5	;RP0=0, select bank0
   437  004B  1303               	bcf	3,6	;RP1=0, select bank0
   438  004C  019E               	clrf	30	;volatile
   439  004D                     l1289:
   440                           
   441                           ;lab08_main.c: 118: ADRESL = 0x00;
   442  004D  1683               	bsf	3,5	;RP0=1, select bank1
   443  004E  1303               	bcf	3,6	;RP1=0, select bank1
   444  004F  019E               	clrf	30	;volatile
   445  0050                     l1291:
   446                           
   447                           ;lab08_main.c: 120: TRISB = 0x00;
   448  0050  0186               	clrf	6	;volatile
   449  0051                     l1293:
   450                           
   451                           ;lab08_main.c: 121: TRISC = 0x00;
   452  0051  0187               	clrf	7	;volatile
   453  0052                     l1295:
   454                           
   455                           ;lab08_main.c: 122: TRISD = 0x00;
   456  0052  0188               	clrf	8	;volatile
   457  0053                     l1297:
   458                           
   459                           ;lab08_main.c: 124: PORTA = 0x00;
   460  0053  1283               	bcf	3,5	;RP0=0, select bank0
   461  0054  1303               	bcf	3,6	;RP1=0, select bank0
   462  0055  0185               	clrf	5	;volatile
   463  0056                     l1299:
   464                           
   465                           ;lab08_main.c: 125: PORTB = 0x00;
   466  0056  0186               	clrf	6	;volatile
   467  0057                     l1301:
   468                           
   469                           ;lab08_main.c: 126: PORTC = 0x00;
   470  0057  0187               	clrf	7	;volatile
   471  0058                     l1303:
   472                           
   473                           ;lab08_main.c: 127: PORTD = 0x00;
   474  0058  0188               	clrf	8	;volatile
   475  0059                     l1305:
   476                           
   477                           ;lab08_main.c: 131: OSCCONbits.IRCF2 = 1;
   478  0059  1683               	bsf	3,5	;RP0=1, select bank1
   479  005A  1303               	bcf	3,6	;RP1=0, select bank1
   480  005B  170F               	bsf	15,6	;volatile
   481  005C                     l1307:
   482                           
   483                           ;lab08_main.c: 132: OSCCONbits.IRCF1 = 1;
   484  005C  168F               	bsf	15,5	;volatile
   485  005D                     l1309:
   486                           
   487                           ;lab08_main.c: 133: OSCCONbits.IRCF0 = 0;
   488  005D  120F               	bcf	15,4	;volatile
   489  005E                     l1311:
   490                           
   491                           ;lab08_main.c: 134: OSCCONbits.SCS = 1;
   492  005E  140F               	bsf	15,0	;volatile
   493  005F                     l1313:
   494                           
   495                           ;lab08_main.c: 138: OPTION_REGbits.T0CS = 0;
   496  005F  1281               	bcf	1,5	;volatile
   497  0060                     l1315:
   498                           
   499                           ;lab08_main.c: 139: OPTION_REGbits.PSA = 0;
   500  0060  1181               	bcf	1,3	;volatile
   501  0061                     l1317:
   502                           
   503                           ;lab08_main.c: 140: OPTION_REGbits.PS2 = 1;
   504  0061  1501               	bsf	1,2	;volatile
   505  0062                     l1319:
   506                           
   507                           ;lab08_main.c: 141: OPTION_REGbits.PS1 = 0;
   508  0062  1081               	bcf	1,1	;volatile
   509  0063                     l1321:
   510                           
   511                           ;lab08_main.c: 142: OPTION_REGbits.PS0 = 1;
   512  0063  1401               	bsf	1,0	;volatile
   513  0064                     l1323:
   514                           
   515                           ;lab08_main.c: 143: TMR0= 100;
   516  0064  3064               	movlw	100
   517  0065  1283               	bcf	3,5	;RP0=0, select bank0
   518  0066  1303               	bcf	3,6	;RP1=0, select bank0
   519  0067  0081               	movwf	1	;volatile
   520  0068                     l1325:
   521                           
   522                           ;lab08_main.c: 147: INTCONbits.PEIE = 1;
   523  0068  170B               	bsf	11,6	;volatile
   524  0069                     l1327:
   525                           
   526                           ;lab08_main.c: 148: PIE1bits.ADIE = 1;
   527  0069  1683               	bsf	3,5	;RP0=1, select bank1
   528  006A  1303               	bcf	3,6	;RP1=0, select bank1
   529  006B  170C               	bsf	12,6	;volatile
   530  006C                     l1329:
   531                           
   532                           ;lab08_main.c: 149: PIR1bits.ADIF = 0;
   533  006C  1283               	bcf	3,5	;RP0=0, select bank0
   534  006D  1303               	bcf	3,6	;RP1=0, select bank0
   535  006E  130C               	bcf	12,6	;volatile
   536  006F                     l1331:
   537                           
   538                           ;lab08_main.c: 150: INTCONbits.T0IE = 1;
   539  006F  168B               	bsf	11,5	;volatile
   540  0070                     l1333:
   541                           
   542                           ;lab08_main.c: 151: INTCONbits.T0IF = 0;
   543  0070  110B               	bcf	11,2	;volatile
   544  0071                     l1335:
   545                           
   546                           ;lab08_main.c: 152: INTCONbits.GIE = 1;
   547  0071  178B               	bsf	11,7	;volatile
   548  0072                     l1337:
   549                           
   550                           ;lab08_main.c: 161:     if (ADCON0bits.GO == 0) {
   551  0072  189F               	btfsc	31,1	;volatile
   552  0073  2875               	goto	u191
   553  0074  2876               	goto	u190
   554  0075                     u191:
   555  0075  2880               	goto	l95
   556  0076                     u190:
   557  0076                     l1339:
   558                           
   559                           ;lab08_main.c: 162:         _delay((unsigned long)((50)*(4000000/4000000.0)));
   560  0076  300F               	movlw	15
   561  0077  1283               	bcf	3,5	;RP0=0, select bank0
   562  0078  1303               	bcf	3,6	;RP1=0, select bank0
   563  0079  00A6               	movwf	??_main
   564  007A                     u247:
   565  007A  0BA6               	decfsz	??_main,f
   566  007B  287A               	goto	u247
   567  007C  287D               	nop2
   568  007D                     l1341:
   569                           
   570                           ;lab08_main.c: 163:         ADCON0bits.GO = 1;
   571  007D  1283               	bcf	3,5	;RP0=0, select bank0
   572  007E  1303               	bcf	3,6	;RP1=0, select bank0
   573  007F  149F               	bsf	31,1	;volatile
   574  0080                     l95:	
   575                           ;lab08_main.c: 164:     }
   576                           
   577                           
   578                           ;lab08_main.c: 167:     cantidad = valor;
   579  0080  0876               	movf	_valor,w
   580  0081  00A6               	movwf	??_main
   581  0082  0826               	movf	??_main,w
   582  0083  00F7               	movwf	_cantidad
   583  0084                     l1343:
   584                           
   585                           ;lab08_main.c: 168:     unidades = 0;
   586  0084  01F5               	clrf	_unidades
   587  0085                     l1345:
   588                           
   589                           ;lab08_main.c: 169:     decenas = 0;
   590  0085  01F4               	clrf	_decenas
   591  0086                     l1347:
   592                           
   593                           ;lab08_main.c: 170:     centenas = 0;
   594  0086  01F3               	clrf	_centenas
   595                           
   596                           ;lab08_main.c: 171:     while (cantidad >= 100) {
   597  0087  2891               	goto	l1351
   598  0088                     l1349:
   599                           
   600                           ;lab08_main.c: 172:         cantidad = cantidad - 100;
   601  0088  0877               	movf	_cantidad,w
   602  0089  3E9C               	addlw	156
   603  008A  00A6               	movwf	??_main
   604  008B  0826               	movf	??_main,w
   605  008C  00F7               	movwf	_cantidad
   606                           
   607                           ;lab08_main.c: 173:         centenas++;
   608  008D  3001               	movlw	1
   609  008E  00A6               	movwf	??_main
   610  008F  0826               	movf	??_main,w
   611  0090  07F3               	addwf	_centenas,f
   612  0091                     l1351:
   613                           
   614                           ;lab08_main.c: 171:     while (cantidad >= 100) {
   615  0091  3064               	movlw	100
   616  0092  0277               	subwf	_cantidad,w
   617  0093  1803               	skipnc
   618  0094  2896               	goto	u201
   619  0095  2897               	goto	u200
   620  0096                     u201:
   621  0096  2888               	goto	l1349
   622  0097                     u200:
   623  0097  28A1               	goto	l1355
   624  0098                     l1353:
   625                           
   626                           ;lab08_main.c: 176:         cantidad = cantidad - 10;
   627  0098  0877               	movf	_cantidad,w
   628  0099  3EF6               	addlw	246
   629  009A  00A6               	movwf	??_main
   630  009B  0826               	movf	??_main,w
   631  009C  00F7               	movwf	_cantidad
   632                           
   633                           ;lab08_main.c: 177:         decenas++;
   634  009D  3001               	movlw	1
   635  009E  00A6               	movwf	??_main
   636  009F  0826               	movf	??_main,w
   637  00A0  07F4               	addwf	_decenas,f
   638  00A1                     l1355:
   639                           
   640                           ;lab08_main.c: 175:     while (cantidad >= 10) {
   641  00A1  300A               	movlw	10
   642  00A2  0277               	subwf	_cantidad,w
   643  00A3  1803               	skipnc
   644  00A4  28A6               	goto	u211
   645  00A5  28A7               	goto	u210
   646  00A6                     u211:
   647  00A6  2898               	goto	l1353
   648  00A7                     u210:
   649  00A7                     l1357:
   650                           
   651                           ;lab08_main.c: 179:     if (cantidad < 10) {
   652  00A7  300A               	movlw	10
   653  00A8  0277               	subwf	_cantidad,w
   654  00A9  1803               	skipnc
   655  00AA  28AC               	goto	u221
   656  00AB  28AD               	goto	u220
   657  00AC                     u221:
   658  00AC  2902               	goto	l1395
   659  00AD                     u220:
   660  00AD                     l1359:
   661                           
   662                           ;lab08_main.c: 180:         unidades = cantidad;
   663  00AD  0877               	movf	_cantidad,w
   664  00AE  00A6               	movwf	??_main
   665  00AF  0826               	movf	??_main,w
   666  00B0  00F5               	movwf	_unidades
   667  00B1  2902               	goto	l1395
   668  00B2                     l1361:
   669  00B2  303F               	movlw	63
   670  00B3  00A6               	movwf	??_main
   671  00B4  0826               	movf	??_main,w
   672  00B5  00F2               	movwf	_display1
   673                           
   674                           ;lab08_main.c: 188:         break;
   675  00B6  298C               	goto	l1431
   676  00B7                     l1363:
   677  00B7  3006               	movlw	6
   678  00B8  00A6               	movwf	??_main
   679  00B9  0826               	movf	??_main,w
   680  00BA  00F2               	movwf	_display1
   681                           
   682                           ;lab08_main.c: 190:         break;
   683  00BB  298C               	goto	l1431
   684  00BC                     l1365:
   685  00BC  305B               	movlw	91
   686  00BD  00A6               	movwf	??_main
   687  00BE  0826               	movf	??_main,w
   688  00BF  00F2               	movwf	_display1
   689                           
   690                           ;lab08_main.c: 192:         break;
   691  00C0  298C               	goto	l1431
   692  00C1                     l1367:
   693  00C1  304F               	movlw	79
   694  00C2  00A6               	movwf	??_main
   695  00C3  0826               	movf	??_main,w
   696  00C4  00F2               	movwf	_display1
   697                           
   698                           ;lab08_main.c: 194:         break;
   699  00C5  298C               	goto	l1431
   700  00C6                     l1369:
   701  00C6  3066               	movlw	102
   702  00C7  00A6               	movwf	??_main
   703  00C8  0826               	movf	??_main,w
   704  00C9  00F2               	movwf	_display1
   705                           
   706                           ;lab08_main.c: 196:         break;
   707  00CA  298C               	goto	l1431
   708  00CB                     l1371:
   709  00CB  306D               	movlw	109
   710  00CC  00A6               	movwf	??_main
   711  00CD  0826               	movf	??_main,w
   712  00CE  00F2               	movwf	_display1
   713                           
   714                           ;lab08_main.c: 198:         break;
   715  00CF  298C               	goto	l1431
   716  00D0                     l1373:
   717  00D0  307D               	movlw	125
   718  00D1  00A6               	movwf	??_main
   719  00D2  0826               	movf	??_main,w
   720  00D3  00F2               	movwf	_display1
   721                           
   722                           ;lab08_main.c: 200:         break;
   723  00D4  298C               	goto	l1431
   724  00D5                     l1375:
   725  00D5  3007               	movlw	7
   726  00D6  00A6               	movwf	??_main
   727  00D7  0826               	movf	??_main,w
   728  00D8  00F2               	movwf	_display1
   729                           
   730                           ;lab08_main.c: 202:         break;
   731  00D9  298C               	goto	l1431
   732  00DA                     l1377:
   733  00DA  307F               	movlw	127
   734  00DB  00A6               	movwf	??_main
   735  00DC  0826               	movf	??_main,w
   736  00DD  00F2               	movwf	_display1
   737                           
   738                           ;lab08_main.c: 204:         break;
   739  00DE  298C               	goto	l1431
   740  00DF                     l1379:
   741  00DF  3067               	movlw	103
   742  00E0  00A6               	movwf	??_main
   743  00E1  0826               	movf	??_main,w
   744  00E2  00F2               	movwf	_display1
   745                           
   746                           ;lab08_main.c: 206:         break;
   747  00E3  298C               	goto	l1431
   748  00E4                     l1381:
   749  00E4  3077               	movlw	119
   750  00E5  00A6               	movwf	??_main
   751  00E6  0826               	movf	??_main,w
   752  00E7  00F2               	movwf	_display1
   753                           
   754                           ;lab08_main.c: 208:         break;
   755  00E8  298C               	goto	l1431
   756  00E9                     l1383:
   757  00E9  307C               	movlw	124
   758  00EA  00A6               	movwf	??_main
   759  00EB  0826               	movf	??_main,w
   760  00EC  00F2               	movwf	_display1
   761                           
   762                           ;lab08_main.c: 210:         break;
   763  00ED  298C               	goto	l1431
   764  00EE                     l1385:
   765  00EE  3039               	movlw	57
   766  00EF  00A6               	movwf	??_main
   767  00F0  0826               	movf	??_main,w
   768  00F1  00F2               	movwf	_display1
   769                           
   770                           ;lab08_main.c: 212:         break;
   771  00F2  298C               	goto	l1431
   772  00F3                     l1387:
   773  00F3  305E               	movlw	94
   774  00F4  00A6               	movwf	??_main
   775  00F5  0826               	movf	??_main,w
   776  00F6  00F2               	movwf	_display1
   777                           
   778                           ;lab08_main.c: 214:         break;
   779  00F7  298C               	goto	l1431
   780  00F8                     l1389:
   781  00F8  3079               	movlw	121
   782  00F9  00A6               	movwf	??_main
   783  00FA  0826               	movf	??_main,w
   784  00FB  00F2               	movwf	_display1
   785                           
   786                           ;lab08_main.c: 216:         break;
   787  00FC  298C               	goto	l1431
   788  00FD                     l1391:
   789  00FD  3071               	movlw	113
   790  00FE  00A6               	movwf	??_main
   791  00FF  0826               	movf	??_main,w
   792  0100  00F2               	movwf	_display1
   793                           
   794                           ;lab08_main.c: 218:         break;
   795  0101  298C               	goto	l1431
   796  0102                     l1395:
   797  0102  0873               	movf	_centenas,w
   798  0103  00A6               	movwf	??_main
   799  0104  01A7               	clrf	??_main+1
   800                           
   801                           ; Switch on 2 bytes has been partitioned into a top level switch of size 1, and 1 sub-sw
      +                          itches
   802                           ; Switch size 1, requested type "simple"
   803                           ; Number of cases is 1, Range of values is 0 to 0
   804                           ; switch strategies available:
   805                           ; Name         Instructions Cycles
   806                           ; simple_byte            4     3 (average)
   807                           ; direct_byte           11     8 (fixed)
   808                           ; jumptable            260     6 (fixed)
   809                           ;	Chosen strategy is simple_byte
   810  0105  0827               	movf	??_main+1,w
   811  0106  3A00               	xorlw	0	; case 0
   812  0107  1903               	skipnz
   813  0108  290A               	goto	l1577
   814  0109  298C               	goto	l1431
   815  010A                     l1577:
   816                           
   817                           ; Switch size 1, requested type "simple"
   818                           ; Number of cases is 16, Range of values is 0 to 15
   819                           ; switch strategies available:
   820                           ; Name         Instructions Cycles
   821                           ; simple_byte           49    25 (average)
   822                           ; direct_byte           56     8 (fixed)
   823                           ; jumptable            260     6 (fixed)
   824                           ;	Chosen strategy is simple_byte
   825  010A  0826               	movf	??_main,w
   826  010B  3A00               	xorlw	0	; case 0
   827  010C  1903               	skipnz
   828  010D  28B2               	goto	l1361
   829  010E  3A01               	xorlw	1	; case 1
   830  010F  1903               	skipnz
   831  0110  28B7               	goto	l1363
   832  0111  3A03               	xorlw	3	; case 2
   833  0112  1903               	skipnz
   834  0113  28BC               	goto	l1365
   835  0114  3A01               	xorlw	1	; case 3
   836  0115  1903               	skipnz
   837  0116  28C1               	goto	l1367
   838  0117  3A07               	xorlw	7	; case 4
   839  0118  1903               	skipnz
   840  0119  28C6               	goto	l1369
   841  011A  3A01               	xorlw	1	; case 5
   842  011B  1903               	skipnz
   843  011C  28CB               	goto	l1371
   844  011D  3A03               	xorlw	3	; case 6
   845  011E  1903               	skipnz
   846  011F  28D0               	goto	l1373
   847  0120  3A01               	xorlw	1	; case 7
   848  0121  1903               	skipnz
   849  0122  28D5               	goto	l1375
   850  0123  3A0F               	xorlw	15	; case 8
   851  0124  1903               	skipnz
   852  0125  28DA               	goto	l1377
   853  0126  3A01               	xorlw	1	; case 9
   854  0127  1903               	skipnz
   855  0128  28DF               	goto	l1379
   856  0129  3A03               	xorlw	3	; case 10
   857  012A  1903               	skipnz
   858  012B  28E4               	goto	l1381
   859  012C  3A01               	xorlw	1	; case 11
   860  012D  1903               	skipnz
   861  012E  28E9               	goto	l1383
   862  012F  3A07               	xorlw	7	; case 12
   863  0130  1903               	skipnz
   864  0131  28EE               	goto	l1385
   865  0132  3A01               	xorlw	1	; case 13
   866  0133  1903               	skipnz
   867  0134  28F3               	goto	l1387
   868  0135  3A03               	xorlw	3	; case 14
   869  0136  1903               	skipnz
   870  0137  28F8               	goto	l1389
   871  0138  3A01               	xorlw	1	; case 15
   872  0139  1903               	skipnz
   873  013A  28FD               	goto	l1391
   874  013B  298C               	goto	l1431
   875  013C                     l1397:
   876  013C  303F               	movlw	63
   877  013D  00A6               	movwf	??_main
   878  013E  0826               	movf	??_main,w
   879  013F  00F1               	movwf	_display2
   880                           
   881                           ;lab08_main.c: 223:         break;
   882  0140  2A16               	goto	l1467
   883  0141                     l1399:
   884  0141  3006               	movlw	6
   885  0142  00A6               	movwf	??_main
   886  0143  0826               	movf	??_main,w
   887  0144  00F1               	movwf	_display2
   888                           
   889                           ;lab08_main.c: 225:         break;
   890  0145  2A16               	goto	l1467
   891  0146                     l1401:
   892  0146  305B               	movlw	91
   893  0147  00A6               	movwf	??_main
   894  0148  0826               	movf	??_main,w
   895  0149  00F1               	movwf	_display2
   896                           
   897                           ;lab08_main.c: 227:         break;
   898  014A  2A16               	goto	l1467
   899  014B                     l1403:
   900  014B  304F               	movlw	79
   901  014C  00A6               	movwf	??_main
   902  014D  0826               	movf	??_main,w
   903  014E  00F1               	movwf	_display2
   904                           
   905                           ;lab08_main.c: 229:         break;
   906  014F  2A16               	goto	l1467
   907  0150                     l1405:
   908  0150  3066               	movlw	102
   909  0151  00A6               	movwf	??_main
   910  0152  0826               	movf	??_main,w
   911  0153  00F1               	movwf	_display2
   912                           
   913                           ;lab08_main.c: 231:         break;
   914  0154  2A16               	goto	l1467
   915  0155                     l1407:
   916  0155  306D               	movlw	109
   917  0156  00A6               	movwf	??_main
   918  0157  0826               	movf	??_main,w
   919  0158  00F1               	movwf	_display2
   920                           
   921                           ;lab08_main.c: 233:         break;
   922  0159  2A16               	goto	l1467
   923  015A                     l1409:
   924  015A  307D               	movlw	125
   925  015B  00A6               	movwf	??_main
   926  015C  0826               	movf	??_main,w
   927  015D  00F1               	movwf	_display2
   928                           
   929                           ;lab08_main.c: 235:         break;
   930  015E  2A16               	goto	l1467
   931  015F                     l1411:
   932  015F  3007               	movlw	7
   933  0160  00A6               	movwf	??_main
   934  0161  0826               	movf	??_main,w
   935  0162  00F1               	movwf	_display2
   936                           
   937                           ;lab08_main.c: 237:         break;
   938  0163  2A16               	goto	l1467
   939  0164                     l1413:
   940  0164  307F               	movlw	127
   941  0165  00A6               	movwf	??_main
   942  0166  0826               	movf	??_main,w
   943  0167  00F1               	movwf	_display2
   944                           
   945                           ;lab08_main.c: 239:         break;
   946  0168  2A16               	goto	l1467
   947  0169                     l1415:
   948  0169  3067               	movlw	103
   949  016A  00A6               	movwf	??_main
   950  016B  0826               	movf	??_main,w
   951  016C  00F1               	movwf	_display2
   952                           
   953                           ;lab08_main.c: 241:         break;
   954  016D  2A16               	goto	l1467
   955  016E                     l1417:
   956  016E  3077               	movlw	119
   957  016F  00A6               	movwf	??_main
   958  0170  0826               	movf	??_main,w
   959  0171  00F1               	movwf	_display2
   960                           
   961                           ;lab08_main.c: 243:         break;
   962  0172  2A16               	goto	l1467
   963  0173                     l1419:
   964  0173  307C               	movlw	124
   965  0174  00A6               	movwf	??_main
   966  0175  0826               	movf	??_main,w
   967  0176  00F1               	movwf	_display2
   968                           
   969                           ;lab08_main.c: 245:         break;
   970  0177  2A16               	goto	l1467
   971  0178                     l1421:
   972  0178  3039               	movlw	57
   973  0179  00A6               	movwf	??_main
   974  017A  0826               	movf	??_main,w
   975  017B  00F1               	movwf	_display2
   976                           
   977                           ;lab08_main.c: 247:         break;
   978  017C  2A16               	goto	l1467
   979  017D                     l1423:
   980  017D  305E               	movlw	94
   981  017E  00A6               	movwf	??_main
   982  017F  0826               	movf	??_main,w
   983  0180  00F1               	movwf	_display2
   984                           
   985                           ;lab08_main.c: 249:         break;
   986  0181  2A16               	goto	l1467
   987  0182                     l1425:
   988  0182  3079               	movlw	121
   989  0183  00A6               	movwf	??_main
   990  0184  0826               	movf	??_main,w
   991  0185  00F1               	movwf	_display2
   992                           
   993                           ;lab08_main.c: 251:         break;
   994  0186  2A16               	goto	l1467
   995  0187                     l1427:
   996  0187  3071               	movlw	113
   997  0188  00A6               	movwf	??_main
   998  0189  0826               	movf	??_main,w
   999  018A  00F1               	movwf	_display2
  1000                           
  1001                           ;lab08_main.c: 253:         break;
  1002  018B  2A16               	goto	l1467
  1003  018C                     l1431:
  1004  018C  0874               	movf	_decenas,w
  1005  018D  00A6               	movwf	??_main
  1006  018E  01A7               	clrf	??_main+1
  1007                           
  1008                           ; Switch on 2 bytes has been partitioned into a top level switch of size 1, and 1 sub-sw
      +                          itches
  1009                           ; Switch size 1, requested type "simple"
  1010                           ; Number of cases is 1, Range of values is 0 to 0
  1011                           ; switch strategies available:
  1012                           ; Name         Instructions Cycles
  1013                           ; simple_byte            4     3 (average)
  1014                           ; direct_byte           11     8 (fixed)
  1015                           ; jumptable            260     6 (fixed)
  1016                           ;	Chosen strategy is simple_byte
  1017  018F  0827               	movf	??_main+1,w
  1018  0190  3A00               	xorlw	0	; case 0
  1019  0191  1903               	skipnz
  1020  0192  2994               	goto	l1579
  1021  0193  2A16               	goto	l1467
  1022  0194                     l1579:
  1023                           
  1024                           ; Switch size 1, requested type "simple"
  1025                           ; Number of cases is 16, Range of values is 0 to 15
  1026                           ; switch strategies available:
  1027                           ; Name         Instructions Cycles
  1028                           ; simple_byte           49    25 (average)
  1029                           ; direct_byte           56     8 (fixed)
  1030                           ; jumptable            260     6 (fixed)
  1031                           ;	Chosen strategy is simple_byte
  1032  0194  0826               	movf	??_main,w
  1033  0195  3A00               	xorlw	0	; case 0
  1034  0196  1903               	skipnz
  1035  0197  293C               	goto	l1397
  1036  0198  3A01               	xorlw	1	; case 1
  1037  0199  1903               	skipnz
  1038  019A  2941               	goto	l1399
  1039  019B  3A03               	xorlw	3	; case 2
  1040  019C  1903               	skipnz
  1041  019D  2946               	goto	l1401
  1042  019E  3A01               	xorlw	1	; case 3
  1043  019F  1903               	skipnz
  1044  01A0  294B               	goto	l1403
  1045  01A1  3A07               	xorlw	7	; case 4
  1046  01A2  1903               	skipnz
  1047  01A3  2950               	goto	l1405
  1048  01A4  3A01               	xorlw	1	; case 5
  1049  01A5  1903               	skipnz
  1050  01A6  2955               	goto	l1407
  1051  01A7  3A03               	xorlw	3	; case 6
  1052  01A8  1903               	skipnz
  1053  01A9  295A               	goto	l1409
  1054  01AA  3A01               	xorlw	1	; case 7
  1055  01AB  1903               	skipnz
  1056  01AC  295F               	goto	l1411
  1057  01AD  3A0F               	xorlw	15	; case 8
  1058  01AE  1903               	skipnz
  1059  01AF  2964               	goto	l1413
  1060  01B0  3A01               	xorlw	1	; case 9
  1061  01B1  1903               	skipnz
  1062  01B2  2969               	goto	l1415
  1063  01B3  3A03               	xorlw	3	; case 10
  1064  01B4  1903               	skipnz
  1065  01B5  296E               	goto	l1417
  1066  01B6  3A01               	xorlw	1	; case 11
  1067  01B7  1903               	skipnz
  1068  01B8  2973               	goto	l1419
  1069  01B9  3A07               	xorlw	7	; case 12
  1070  01BA  1903               	skipnz
  1071  01BB  2978               	goto	l1421
  1072  01BC  3A01               	xorlw	1	; case 13
  1073  01BD  1903               	skipnz
  1074  01BE  297D               	goto	l1423
  1075  01BF  3A03               	xorlw	3	; case 14
  1076  01C0  1903               	skipnz
  1077  01C1  2982               	goto	l1425
  1078  01C2  3A01               	xorlw	1	; case 15
  1079  01C3  1903               	skipnz
  1080  01C4  2987               	goto	l1427
  1081  01C5  2A16               	goto	l1467
  1082  01C6                     l1433:
  1083  01C6  303F               	movlw	63
  1084  01C7  00A6               	movwf	??_main
  1085  01C8  0826               	movf	??_main,w
  1086  01C9  00F0               	movwf	_display3
  1087                           
  1088                           ;lab08_main.c: 258:         break;
  1089  01CA  2872               	goto	l1337
  1090  01CB                     l1435:
  1091  01CB  3006               	movlw	6
  1092  01CC  00A6               	movwf	??_main
  1093  01CD  0826               	movf	??_main,w
  1094  01CE  00F0               	movwf	_display3
  1095                           
  1096                           ;lab08_main.c: 260:         break;
  1097  01CF  2872               	goto	l1337
  1098  01D0                     l1437:
  1099  01D0  305B               	movlw	91
  1100  01D1  00A6               	movwf	??_main
  1101  01D2  0826               	movf	??_main,w
  1102  01D3  00F0               	movwf	_display3
  1103                           
  1104                           ;lab08_main.c: 262:         break;
  1105  01D4  2872               	goto	l1337
  1106  01D5                     l1439:
  1107  01D5  304F               	movlw	79
  1108  01D6  00A6               	movwf	??_main
  1109  01D7  0826               	movf	??_main,w
  1110  01D8  00F0               	movwf	_display3
  1111                           
  1112                           ;lab08_main.c: 264:         break;
  1113  01D9  2872               	goto	l1337
  1114  01DA                     l1441:
  1115  01DA  3066               	movlw	102
  1116  01DB  00A6               	movwf	??_main
  1117  01DC  0826               	movf	??_main,w
  1118  01DD  00F0               	movwf	_display3
  1119                           
  1120                           ;lab08_main.c: 266:         break;
  1121  01DE  2872               	goto	l1337
  1122  01DF                     l1443:
  1123  01DF  306D               	movlw	109
  1124  01E0  00A6               	movwf	??_main
  1125  01E1  0826               	movf	??_main,w
  1126  01E2  00F0               	movwf	_display3
  1127                           
  1128                           ;lab08_main.c: 268:         break;
  1129  01E3  2872               	goto	l1337
  1130  01E4                     l1445:
  1131  01E4  307D               	movlw	125
  1132  01E5  00A6               	movwf	??_main
  1133  01E6  0826               	movf	??_main,w
  1134  01E7  00F0               	movwf	_display3
  1135                           
  1136                           ;lab08_main.c: 270:         break;
  1137  01E8  2872               	goto	l1337
  1138  01E9                     l1447:
  1139  01E9  3007               	movlw	7
  1140  01EA  00A6               	movwf	??_main
  1141  01EB  0826               	movf	??_main,w
  1142  01EC  00F0               	movwf	_display3
  1143                           
  1144                           ;lab08_main.c: 272:         break;
  1145  01ED  2872               	goto	l1337
  1146  01EE                     l1449:
  1147  01EE  307F               	movlw	127
  1148  01EF  00A6               	movwf	??_main
  1149  01F0  0826               	movf	??_main,w
  1150  01F1  00F0               	movwf	_display3
  1151                           
  1152                           ;lab08_main.c: 274:         break;
  1153  01F2  2872               	goto	l1337
  1154  01F3                     l1451:
  1155  01F3  3067               	movlw	103
  1156  01F4  00A6               	movwf	??_main
  1157  01F5  0826               	movf	??_main,w
  1158  01F6  00F0               	movwf	_display3
  1159                           
  1160                           ;lab08_main.c: 276:         break;
  1161  01F7  2872               	goto	l1337
  1162  01F8                     l1453:
  1163  01F8  3077               	movlw	119
  1164  01F9  00A6               	movwf	??_main
  1165  01FA  0826               	movf	??_main,w
  1166  01FB  00F0               	movwf	_display3
  1167                           
  1168                           ;lab08_main.c: 278:         break;
  1169  01FC  2872               	goto	l1337
  1170  01FD                     l1455:
  1171  01FD  307C               	movlw	124
  1172  01FE  00A6               	movwf	??_main
  1173  01FF  0826               	movf	??_main,w
  1174  0200  00F0               	movwf	_display3
  1175                           
  1176                           ;lab08_main.c: 280:         break;
  1177  0201  2872               	goto	l1337
  1178  0202                     l1457:
  1179  0202  3039               	movlw	57
  1180  0203  00A6               	movwf	??_main
  1181  0204  0826               	movf	??_main,w
  1182  0205  00F0               	movwf	_display3
  1183                           
  1184                           ;lab08_main.c: 282:         break;
  1185  0206  2872               	goto	l1337
  1186  0207                     l1459:
  1187  0207  305E               	movlw	94
  1188  0208  00A6               	movwf	??_main
  1189  0209  0826               	movf	??_main,w
  1190  020A  00F0               	movwf	_display3
  1191                           
  1192                           ;lab08_main.c: 284:         break;
  1193  020B  2872               	goto	l1337
  1194  020C                     l1461:
  1195  020C  3079               	movlw	121
  1196  020D  00A6               	movwf	??_main
  1197  020E  0826               	movf	??_main,w
  1198  020F  00F0               	movwf	_display3
  1199                           
  1200                           ;lab08_main.c: 286:         break;
  1201  0210  2872               	goto	l1337
  1202  0211                     l1463:
  1203  0211  3071               	movlw	113
  1204  0212  00A6               	movwf	??_main
  1205  0213  0826               	movf	??_main,w
  1206  0214  00F0               	movwf	_display3
  1207                           
  1208                           ;lab08_main.c: 288:         break;
  1209  0215  2872               	goto	l1337
  1210  0216                     l1467:
  1211  0216  0875               	movf	_unidades,w
  1212  0217  00A6               	movwf	??_main
  1213  0218  01A7               	clrf	??_main+1
  1214                           
  1215                           ; Switch on 2 bytes has been partitioned into a top level switch of size 1, and 1 sub-sw
      +                          itches
  1216                           ; Switch size 1, requested type "simple"
  1217                           ; Number of cases is 1, Range of values is 0 to 0
  1218                           ; switch strategies available:
  1219                           ; Name         Instructions Cycles
  1220                           ; simple_byte            4     3 (average)
  1221                           ; direct_byte           11     8 (fixed)
  1222                           ; jumptable            260     6 (fixed)
  1223                           ;	Chosen strategy is simple_byte
  1224  0219  0827               	movf	??_main+1,w
  1225  021A  3A00               	xorlw	0	; case 0
  1226  021B  1903               	skipnz
  1227  021C  2A1E               	goto	l1581
  1228  021D  2872               	goto	l1337
  1229  021E                     l1581:
  1230                           
  1231                           ; Switch size 1, requested type "simple"
  1232                           ; Number of cases is 16, Range of values is 0 to 15
  1233                           ; switch strategies available:
  1234                           ; Name         Instructions Cycles
  1235                           ; simple_byte           49    25 (average)
  1236                           ; direct_byte           56     8 (fixed)
  1237                           ; jumptable            260     6 (fixed)
  1238                           ;	Chosen strategy is simple_byte
  1239  021E  0826               	movf	??_main,w
  1240  021F  3A00               	xorlw	0	; case 0
  1241  0220  1903               	skipnz
  1242  0221  29C6               	goto	l1433
  1243  0222  3A01               	xorlw	1	; case 1
  1244  0223  1903               	skipnz
  1245  0224  29CB               	goto	l1435
  1246  0225  3A03               	xorlw	3	; case 2
  1247  0226  1903               	skipnz
  1248  0227  29D0               	goto	l1437
  1249  0228  3A01               	xorlw	1	; case 3
  1250  0229  1903               	skipnz
  1251  022A  29D5               	goto	l1439
  1252  022B  3A07               	xorlw	7	; case 4
  1253  022C  1903               	skipnz
  1254  022D  29DA               	goto	l1441
  1255  022E  3A01               	xorlw	1	; case 5
  1256  022F  1903               	skipnz
  1257  0230  29DF               	goto	l1443
  1258  0231  3A03               	xorlw	3	; case 6
  1259  0232  1903               	skipnz
  1260  0233  29E4               	goto	l1445
  1261  0234  3A01               	xorlw	1	; case 7
  1262  0235  1903               	skipnz
  1263  0236  29E9               	goto	l1447
  1264  0237  3A0F               	xorlw	15	; case 8
  1265  0238  1903               	skipnz
  1266  0239  29EE               	goto	l1449
  1267  023A  3A01               	xorlw	1	; case 9
  1268  023B  1903               	skipnz
  1269  023C  29F3               	goto	l1451
  1270  023D  3A03               	xorlw	3	; case 10
  1271  023E  1903               	skipnz
  1272  023F  29F8               	goto	l1453
  1273  0240  3A01               	xorlw	1	; case 11
  1274  0241  1903               	skipnz
  1275  0242  29FD               	goto	l1455
  1276  0243  3A07               	xorlw	7	; case 12
  1277  0244  1903               	skipnz
  1278  0245  2A02               	goto	l1457
  1279  0246  3A01               	xorlw	1	; case 13
  1280  0247  1903               	skipnz
  1281  0248  2A07               	goto	l1459
  1282  0249  3A03               	xorlw	3	; case 14
  1283  024A  1903               	skipnz
  1284  024B  2A0C               	goto	l1461
  1285  024C  3A01               	xorlw	1	; case 15
  1286  024D  1903               	skipnz
  1287  024E  2A11               	goto	l1463
  1288  024F  2872               	goto	l1337
  1289  0250  120A  118A  280C   	ljmp	start
  1290  0253                     __end_of_main:
  1291                           
  1292                           	psect	text1
  1293  0253                     __ptext1:	
  1294 ;; *************** function _isr *****************
  1295 ;; Defined at:
  1296 ;;		line 52 in file "lab08_main.c"
  1297 ;; Parameters:    Size  Location     Type
  1298 ;;		None
  1299 ;; Auto vars:     Size  Location     Type
  1300 ;;		None
  1301 ;; Return value:  Size  Location     Type
  1302 ;;                  1    wreg      void 
  1303 ;; Registers used:
  1304 ;;		wreg, status,2, status,0
  1305 ;; Tracked objects:
  1306 ;;		On entry : 0/0
  1307 ;;		On exit  : 0/0
  1308 ;;		Unchanged: 0/0
  1309 ;; Data sizes:     COMMON   BANK0   BANK1   BANK3   BANK2
  1310 ;;      Params:         0       0       0       0       0
  1311 ;;      Locals:         0       0       0       0       0
  1312 ;;      Temps:          3       0       0       0       0
  1313 ;;      Totals:         3       0       0       0       0
  1314 ;;Total ram usage:        3 bytes
  1315 ;; Hardware stack levels used:    1
  1316 ;; This function calls:
  1317 ;;		Nothing
  1318 ;; This function is called by:
  1319 ;;		Interrupt level 1
  1320 ;; This function uses a non-reentrant model
  1321 ;;
  1322                           
  1323                           
  1324                           ;psect for function _isr
  1325  0253                     _isr:
  1326  0253                     i1l1119:
  1327                           
  1328                           ;lab08_main.c: 54:     if (ADIF == 1) {
  1329  0253  1283               	bcf	3,5	;RP0=0, select bank0
  1330  0254  1303               	bcf	3,6	;RP1=0, select bank0
  1331  0255  1F0C               	btfss	12,6	;volatile
  1332  0256  2A58               	goto	u12_21
  1333  0257  2A59               	goto	u12_20
  1334  0258                     u12_21:
  1335  0258  2A79               	goto	i1l1135
  1336  0259                     u12_20:
  1337  0259                     i1l1121:
  1338                           
  1339                           ;lab08_main.c: 55:         if (ADCON0bits.CHS == 0) {
  1340  0259  0C1F               	rrf	31,w	;volatile
  1341  025A  00F8               	movwf	??_isr
  1342  025B  0C78               	rrf	??_isr,w
  1343  025C  390F               	andlw	15
  1344  025D  3A00               	xorlw	0
  1345  025E  1D03               	skipz
  1346  025F  2A61               	goto	u13_21
  1347  0260  2A62               	goto	u13_20
  1348  0261                     u13_21:
  1349  0261  2A69               	goto	i1l1127
  1350  0262                     u13_20:
  1351  0262                     i1l1123:
  1352                           
  1353                           ;lab08_main.c: 56:             PORTB = ADRESH;
  1354  0262  081E               	movf	30,w	;volatile
  1355  0263  0086               	movwf	6	;volatile
  1356  0264                     i1l1125:
  1357                           
  1358                           ;lab08_main.c: 57:             ADCON0bits.CHS = 4;
  1359  0264  081F               	movf	31,w	;volatile
  1360  0265  39C3               	andlw	-61
  1361  0266  3810               	iorlw	16
  1362  0267  009F               	movwf	31	;volatile
  1363                           
  1364                           ;lab08_main.c: 58:         }
  1365  0268  2A78               	goto	i1l1133
  1366  0269                     i1l1127:
  1367  0269  0C1F               	rrf	31,w	;volatile
  1368  026A  00F8               	movwf	??_isr
  1369  026B  0C78               	rrf	??_isr,w
  1370  026C  390F               	andlw	15
  1371  026D  3A04               	xorlw	4
  1372  026E  1D03               	skipz
  1373  026F  2A71               	goto	u14_21
  1374  0270  2A72               	goto	u14_20
  1375  0271                     u14_21:
  1376  0271  2A78               	goto	i1l1133
  1377  0272                     u14_20:
  1378  0272                     i1l1129:
  1379                           
  1380                           ;lab08_main.c: 60:             valor = ADRESH;
  1381  0272  081E               	movf	30,w	;volatile
  1382  0273  00F8               	movwf	??_isr
  1383  0274  0878               	movf	??_isr,w
  1384  0275  00F6               	movwf	_valor
  1385  0276                     i1l1131:
  1386                           
  1387                           ;lab08_main.c: 61:             ADCON0bits.CHS = 0;
  1388  0276  30C3               	movlw	-61
  1389  0277  059F               	andwf	31,f	;volatile
  1390  0278                     i1l1133:
  1391                           
  1392                           ;lab08_main.c: 63:     PIR1bits.ADIF = 0;
  1393  0278  130C               	bcf	12,6	;volatile
  1394  0279                     i1l1135:
  1395                           
  1396                           ;lab08_main.c: 67:     if (T0IF == 1){
  1397  0279  1D0B               	btfss	11,2	;volatile
  1398  027A  2A7C               	goto	u15_21
  1399  027B  2A7D               	goto	u15_20
  1400  027C                     u15_21:
  1401  027C  2AB7               	goto	i1l89
  1402  027D                     u15_20:
  1403  027D                     i1l1137:
  1404                           
  1405                           ;lab08_main.c: 68:         INTCONbits.T0IF = 0;
  1406  027D  110B               	bcf	11,2	;volatile
  1407  027E                     i1l1139:
  1408                           
  1409                           ;lab08_main.c: 69:         TMR0 = 100;
  1410  027E  3064               	movlw	100
  1411  027F  0081               	movwf	1	;volatile
  1412  0280                     i1l1141:
  1413                           
  1414                           ;lab08_main.c: 70:         PORTD = 0b00000000;
  1415  0280  0188               	clrf	8	;volatile
  1416  0281                     i1l1143:
  1417                           
  1418                           ;lab08_main.c: 71:         if (turno1 == 1){
  1419  0281  0324               	decf	_turno1,w
  1420  0282  0425               	iorwf	_turno1+1,w
  1421  0283  1D03               	btfss	3,2
  1422  0284  2A86               	goto	u16_21
  1423  0285  2A87               	goto	u16_20
  1424  0286                     u16_21:
  1425  0286  2A93               	goto	i1l1153
  1426  0287                     u16_20:
  1427  0287                     i1l1145:
  1428                           
  1429                           ;lab08_main.c: 72:             PORTC = display1;
  1430  0287  0872               	movf	_display1,w
  1431  0288  0087               	movwf	7	;volatile
  1432  0289                     i1l1147:
  1433                           
  1434                           ;lab08_main.c: 73:             RD0 = 1;
  1435  0289  1408               	bsf	8,0	;volatile
  1436  028A                     i1l1149:
  1437                           
  1438                           ;lab08_main.c: 74:             turno1 = 0;
  1439  028A  01A4               	clrf	_turno1
  1440  028B  01A5               	clrf	_turno1+1
  1441  028C                     i1l1151:
  1442                           
  1443                           ;lab08_main.c: 75:             turno2 = 1;
  1444  028C  3001               	movlw	1
  1445  028D  00A2               	movwf	_turno2
  1446  028E  3000               	movlw	0
  1447  028F  00A3               	movwf	_turno2+1
  1448                           
  1449                           ;lab08_main.c: 76:             turno3 = 0;
  1450  0290  01A0               	clrf	_turno3
  1451  0291  01A1               	clrf	_turno3+1
  1452                           
  1453                           ;lab08_main.c: 77:         }
  1454  0292  2AB7               	goto	i1l89
  1455  0293                     i1l1153:
  1456  0293  0322               	decf	_turno2,w
  1457  0294  0423               	iorwf	_turno2+1,w
  1458  0295  1D03               	btfss	3,2
  1459  0296  2A98               	goto	u17_21
  1460  0297  2A99               	goto	u17_20
  1461  0298                     u17_21:
  1462  0298  2AA5               	goto	i1l1163
  1463  0299                     u17_20:
  1464  0299                     i1l1155:
  1465                           
  1466                           ;lab08_main.c: 79:             PORTC = display2;
  1467  0299  0871               	movf	_display2,w
  1468  029A  0087               	movwf	7	;volatile
  1469  029B                     i1l1157:
  1470                           
  1471                           ;lab08_main.c: 80:             RD1 = 1;
  1472  029B  1488               	bsf	8,1	;volatile
  1473  029C                     i1l1159:
  1474                           
  1475                           ;lab08_main.c: 81:             turno1 = 0;
  1476  029C  01A4               	clrf	_turno1
  1477  029D  01A5               	clrf	_turno1+1
  1478  029E                     i1l1161:
  1479                           
  1480                           ;lab08_main.c: 82:             turno2 = 0;
  1481  029E  01A2               	clrf	_turno2
  1482  029F  01A3               	clrf	_turno2+1
  1483                           
  1484                           ;lab08_main.c: 83:             turno3 = 1;
  1485  02A0  3001               	movlw	1
  1486  02A1  00A0               	movwf	_turno3
  1487  02A2  3000               	movlw	0
  1488  02A3  00A1               	movwf	_turno3+1
  1489                           
  1490                           ;lab08_main.c: 84:         }
  1491  02A4  2AB7               	goto	i1l89
  1492  02A5                     i1l1163:
  1493  02A5  0320               	decf	_turno3,w
  1494  02A6  0421               	iorwf	_turno3+1,w
  1495  02A7  1D03               	btfss	3,2
  1496  02A8  2AAA               	goto	u18_21
  1497  02A9  2AAB               	goto	u18_20
  1498  02AA                     u18_21:
  1499  02AA  2AB7               	goto	i1l85
  1500  02AB                     u18_20:
  1501  02AB                     i1l1165:
  1502                           
  1503                           ;lab08_main.c: 86:             PORTC = display3;
  1504  02AB  0870               	movf	_display3,w
  1505  02AC  0087               	movwf	7	;volatile
  1506  02AD                     i1l1167:
  1507                           
  1508                           ;lab08_main.c: 87:             RD2 = 1;
  1509  02AD  1508               	bsf	8,2	;volatile
  1510                           
  1511                           ;lab08_main.c: 88:             turno1 = 1;
  1512  02AE  3001               	movlw	1
  1513  02AF  00A4               	movwf	_turno1
  1514  02B0  3000               	movlw	0
  1515  02B1  00A5               	movwf	_turno1+1
  1516  02B2                     i1l1169:
  1517                           
  1518                           ;lab08_main.c: 89:             turno2 = 0;
  1519  02B2  01A2               	clrf	_turno2
  1520  02B3  01A3               	clrf	_turno2+1
  1521  02B4                     i1l1171:
  1522                           
  1523                           ;lab08_main.c: 90:             turno3 = 0;
  1524  02B4  01A0               	clrf	_turno3
  1525  02B5  01A1               	clrf	_turno3+1
  1526  02B6  2AB7               	goto	i1l89
  1527  02B7                     i1l85:
  1528  02B7                     i1l89:
  1529  02B7  087A               	movf	??_isr+2,w
  1530  02B8  008A               	movwf	10
  1531  02B9  0E79               	swapf	??_isr+1,w
  1532  02BA  0083               	movwf	3
  1533  02BB  0EFE               	swapf	btemp,f
  1534  02BC  0E7E               	swapf	btemp,w
  1535  02BD  0009               	retfie
  1536  02BE                     __end_of_isr:
  1537  007E                     btemp	set	126	;btemp
  1538  007E                     wtemp0	set	126
  1539                           
  1540                           	psect	intentry
  1541  0004                     __pintentry:	
  1542                           ;incstack = 0
  1543                           ; Regs used in _isr: [wreg+status,2+status,0]
  1544                           
  1545  0004                     interrupt_function:
  1546  007E                     saved_w	set	btemp
  1547  0004  00FE               	movwf	btemp
  1548  0005  0E03               	swapf	3,w
  1549  0006  00F9               	movwf	??_isr+1
  1550  0007  080A               	movf	10,w
  1551  0008  00FA               	movwf	??_isr+2
  1552  0009  120A  118A  2A53   	ljmp	_isr
  1553                           
  1554                           	psect	config
  1555                           
  1556                           ;Config register CONFIG1 @ 0x2007
  1557                           ;	Oscillator Selection bits
  1558                           ;	FOSC = INTRC_NOCLKOUT, INTOSCIO oscillator: I/O function on RA6/OSC2/CLKOUT pin, I/O f
      +                          unction on RA7/OSC1/CLKIN
  1559                           ;	Watchdog Timer Enable bit
  1560                           ;	WDTE = OFF, WDT disabled and can be enabled by SWDTEN bit of the WDTCON register
  1561                           ;	Power-up Timer Enable bit
  1562                           ;	PWRTE = OFF, PWRT disabled
  1563                           ;	RE3/MCLR pin function select bit
  1564                           ;	MCLRE = OFF, RE3/MCLR pin function is digital input, MCLR internally tied to VDD
  1565                           ;	Code Protection bit
  1566                           ;	CP = OFF, Program memory code protection is disabled
  1567                           ;	Data Code Protection bit
  1568                           ;	CPD = OFF, Data memory code protection is disabled
  1569                           ;	Brown Out Reset Selection bits
  1570                           ;	BOREN = OFF, BOR disabled
  1571                           ;	Internal External Switchover bit
  1572                           ;	IESO = OFF, Internal/External Switchover mode is disabled
  1573                           ;	Fail-Safe Clock Monitor Enabled bit
  1574                           ;	FCMEN = OFF, Fail-Safe Clock Monitor is disabled
  1575                           ;	Low Voltage Programming Enable bit
  1576                           ;	LVP = ON, RB3/PGM pin has PGM function, low voltage programming enabled
  1577                           ;	In-Circuit Debugger Mode bit
  1578                           ;	DEBUG = 0x1, unprogrammed default
  1579  2007                     	org	8199
  1580  2007  30D4               	dw	12500
  1581                           
  1582                           ;Config register CONFIG2 @ 0x2008
  1583                           ;	Brown-out Reset Selection bit
  1584                           ;	BOR4V = BOR40V, Brown-out Reset set to 4.0V
  1585                           ;	Flash Program Memory Self Write Enable bits
  1586                           ;	WRT = OFF, Write protection off
  1587  2008                     	org	8200
  1588  2008  3FFF               	dw	16383

Data Sizes:
    Strings     0
    Constant    0
    Data        2
    BSS         12
    Persistent  0
    Stack       0

Auto Spaces:
    Space          Size  Autos    Used
    COMMON           14      3      11
    BANK0            80      2       8
    BANK1            80      0       0
    BANK3            96      0       0
    BANK2            96      0       0

Pointer List with Targets:

    None.

Critical Paths under _main in COMMON

    None.

Critical Paths under _isr in COMMON

    None.

Critical Paths under _main in BANK0

    None.

Critical Paths under _isr in BANK0

    None.

Critical Paths under _main in BANK1

    None.

Critical Paths under _isr in BANK1

    None.

Critical Paths under _main in BANK3

    None.

Critical Paths under _isr in BANK3

    None.

Critical Paths under _main in BANK2

    None.

Critical Paths under _isr in BANK2

    None.

Call Graph Tables:

 ---------------------------------------------------------------------------------
 (Depth) Function   	        Calls       Base Space   Used Autos Params    Refs
 ---------------------------------------------------------------------------------
 (0) _main                                                 2     2      0       0
                                              0 BANK0      2     2      0
 ---------------------------------------------------------------------------------
 Estimated maximum stack depth 0
 ---------------------------------------------------------------------------------
 (Depth) Function   	        Calls       Base Space   Used Autos Params    Refs
 ---------------------------------------------------------------------------------
 (1) _isr                                                  3     3      0       0
                                              0 COMMON     3     3      0
 ---------------------------------------------------------------------------------
 Estimated maximum stack depth 1
 ---------------------------------------------------------------------------------

 Call Graph Graphs:

 _main (ROOT)

 _isr (ROOT)

 Address spaces:
Name               Size   Autos  Total    Cost      Usage
BANK3               60      0       0       9        0.0%
BITBANK3            60      0       0       8        0.0%
SFR3                 0      0       0       4        0.0%
BITSFR3              0      0       0       4        0.0%
BANK2               60      0       0      11        0.0%
BITBANK2            60      0       0      10        0.0%
SFR2                 0      0       0       5        0.0%
BITSFR2              0      0       0       5        0.0%
BANK1               50      0       0       7        0.0%
BITBANK1            50      0       0       6        0.0%
SFR1                 0      0       0       2        0.0%
BITSFR1              0      0       0       2        0.0%
BANK0               50      2       8       5       10.0%
BITBANK0            50      0       0       4        0.0%
SFR0                 0      0       0       1        0.0%
BITSFR0              0      0       0       1        0.0%
COMMON               E      3       B       1       78.6%
BITCOMMON            E      0       0       0        0.0%
CODE                 0      0       0       0        0.0%
DATA                 0      0      13      12        0.0%
ABS                  0      0      13       3        0.0%
NULL                 0      0       0       0        0.0%
STACK                0      0       0       2        0.0%
EEDATA             100      0       0       0        0.0%


Microchip Technology PIC Macro Assembler V2.31 build 20201012212115 
Symbol Table                                                                                   Sun Apr 25 16:51:47 2021

                     l95 0080                      _RD0 0040                      _RD1 0041  
                    _RD2 0042                      u200 0097                      u201 0096  
                    u210 00A7                      u211 00A6                      u220 00AD  
                    u221 00AC                      u237 003F                      u190 0076  
                    u247 007A                      u191 0075                      _isr 0253  
                   l1301 0057                     l1311 005E                     l1303 0058  
                   l1401 0146                     l1321 0063                     l1313 005F  
                   l1305 0059                     l1411 015F                     l1403 014B  
                   l1331 006F                     l1323 0064                     l1315 0060  
                   l1307 005C                     l1421 0178                     l1413 0164  
                   l1405 0150                     l1341 007D                     l1333 0070  
                   l1325 0068                     l1317 0061                     l1309 005D  
                   l1423 017D                     l1415 0169                     l1407 0155  
                   l1431 018C                     l1351 0091                     l1343 0084  
                   l1335 0071                     l1327 0069                     l1319 0062  
                   l1271 0037                     l1263 002B                     l1441 01DA  
                   l1433 01C6                     l1425 0182                     l1417 016E  
                   l1409 015A                     l1361 00B2                     l1353 0098  
                   l1345 0085                     l1337 0072                     l1329 006C  
                   l1281 0045                     l1273 0038                     l1265 002F  
                   l1451 01F3                     l1443 01DF                     l1435 01CB  
                   l1427 0187                     l1419 0173                     l1371 00CB  
                   l1363 00B7                     l1355 00A1                     l1347 0086  
                   l1339 0076                     l1291 0050                     l1283 0048  
                   l1275 003A                     l1267 0030                     l1461 020C  
                   l1453 01F8                     l1445 01E4                     l1437 01D0  
                   l1381 00E4                     l1373 00D0                     l1365 00BC  
                   l1357 00A7                     l1349 0088                     l1293 0051  
                   l1285 0049                     l1277 003B                     l1269 0034  
                   l1463 0211                     l1455 01FD                     l1447 01E9  
                   l1439 01D5                     l1391 00FD                     l1383 00E9  
                   l1375 00D5                     l1367 00C1                     l1359 00AD  
                   l1295 0052                     l1287 004A                     l1279 0042  
                   l1457 0202                     l1449 01EE                     l1385 00EE  
                   l1377 00DA                     l1369 00C6                     l1297 0053  
                   l1289 004D                     l1459 0207                     l1467 0216  
                   l1387 00F3                     l1379 00DF                     l1395 0102  
                   l1299 0056                     l1581 021E                     l1397 013C  
                   l1389 00F8                     l1399 0141                     l1577 010A  
                   l1579 0194                     _ADIF 0066                     ?_isr 0078  
                   _T0IF 005A                     i1l85 02B7                     i1l89 02B7  
                   _TMR0 0001                     _main 002B                     btemp 007E  
                   start 000C                    ??_isr 0078                    ?_main 0078  
                  _ANSEL 0188                    u12_20 0259                    u12_21 0258  
                  u13_20 0262                    u13_21 0261                    u14_20 0272  
                  u14_21 0271                    u15_20 027D                    u15_21 027C  
                  u16_20 0287                    u16_21 0286                    u17_20 0299  
                  u17_21 0298                    u18_20 02AB                    u18_21 02AA  
                  _PORTA 0005                    _PORTB 0006                    _PORTC 0007  
                  _PORTD 0008                    _TRISA 0085                    _TRISB 0086  
                  _TRISC 0087                    _TRISD 0088                    _valor 0076  
                  pclath 000A                    status 0003                    wtemp0 007E  
        __initialization 000F             __end_of_main 0253                   ??_main 0026  
                 _ADRESH 001E                   _ADRESL 009E                   _ANSELH 0189  
                 i1l1121 0259                   i1l1131 0276                   i1l1123 0262  
                 i1l1141 0280                   i1l1133 0278                   i1l1125 0264  
                 i1l1151 028C                   i1l1143 0281                   i1l1127 0269  
                 i1l1135 0279                   i1l1119 0253                   i1l1161 029E  
                 i1l1145 0287                   i1l1153 0293                   i1l1137 027D  
                 i1l1129 0272                   i1l1171 02B4                   i1l1155 0299  
                 i1l1163 02A5                   i1l1147 0289                   i1l1139 027E  
                 i1l1165 02AB                   i1l1157 029B                   i1l1149 028A  
                 i1l1167 02AD                   i1l1159 029C                   i1l1169 02B2  
                 _turno1 0024                   _turno2 0022                   _turno3 0020  
                 saved_w 007E  __end_of__initialization 0027           __pcstackCOMMON 0078  
           __pidataBANK0 02BE           _OPTION_REGbits 0081               __pbssBANK0 0020  
             __pmaintext 002B               __pintentry 0004                  _decenas 0074  
                __ptext1 0253             __size_of_isr 006B     end_of_initialization 0027  
    start_initialization 000F              __end_of_isr 02BE              __pdataBANK0 0024  
            __pbssCOMMON 0070                ___latbits 0002            __pcstackBANK0 0026  
      interrupt_function 0004                 _PIE1bits 008C                 _PIR1bits 000C  
             _ADCON0bits 001F               _ADCON1bits 009F                 _cantidad 0077  
               _centenas 0073                 _display1 0072                 _display2 0071  
               _display3 0070            __size_of_main 0228                 _unidades 0075  
             _INTCONbits 000B                 intlevel1 0000               _OSCCONbits 008F  
