

Microchip MPLAB XC8 Assembler V2.31 build 20201012212115 
                                                                                               Sun May 09 22:56:30 2021

Microchip MPLAB XC8 C Compiler v2.31 (Free license) build 20201012212115 Og1 
     1                           	processor	16F887
     2                           	pagewidth 120
     3                           	opt	flic
     4                           	psect	idataBANK0,global,class=CODE,delta=2,noexec
     5                           	psect	idataBANK1,global,class=CODE,delta=2,noexec
     6                           	psect	idataBANK3,global,class=CODE,delta=2,noexec
     7                           	psect	nvCOMMON,global,class=COMMON,space=1,delta=1,noexec
     8                           	psect	cinit,global,class=CODE,merge=1,delta=2
     9                           	psect	bssCOMMON,global,class=COMMON,space=1,delta=1,noexec
    10                           	psect	dataBANK0,global,class=BANK0,space=1,delta=1,noexec
    11                           	psect	dataBANK1,global,class=BANK1,space=1,delta=1,noexec
    12                           	psect	dataBANK3,global,class=BANK3,space=1,delta=1,noexec
    13                           	psect	inittext,global,class=CODE,delta=2
    14                           	psect	cstackCOMMON,global,class=COMMON,space=1,delta=1,noexec
    15                           	psect	maintext,global,class=CODE,split=1,delta=2
    16                           	psect	text1,local,class=CODE,merge=1,delta=2,group=2
    17                           	psect	config,global,abs,ovrld,class=CONFIG,space=4,delta=2,noexec
    18                           	dabs	1,0x7E,2
    19  0000                     
    20                           ; Version 2.20
    21                           ; Generated 12/02/2020 GMT
    22                           ; 
    23                           ; Copyright © 2020, Microchip Technology Inc. and its subsidiaries ("Microchip")
    24                           ; All rights reserved.
    25                           ; 
    26                           ; This software is developed by Microchip Technology Inc. and its subsidiaries ("Microch
      +                          ip").
    27                           ; 
    28                           ; Redistribution and use in source and binary forms, with or without modification, are
    29                           ; permitted provided that the following conditions are met:
    30                           ; 
    31                           ;     1. Redistributions of source code must retain the above copyright notice, this lis
      +                          t of
    32                           ;        conditions and the following disclaimer.
    33                           ; 
    34                           ;     2. Redistributions in binary form must reproduce the above copyright notice, this 
      +                          list
    35                           ;        of conditions and the following disclaimer in the documentation and/or other
    36                           ;        materials provided with the distribution.
    37                           ; 
    38                           ;     3. Microchip's name may not be used to endorse or promote products derived from th
      +                          is
    39                           ;        software without specific prior written permission.
    40                           ; 
    41                           ; THIS SOFTWARE IS PROVIDED BY MICROCHIP "AS IS" AND ANY EXPRESS OR IMPLIED WARRANTIES,
    42                           ; INCLUDING, BUT NOT LIMITED TO, THE IMPLIED WARRANTIES OF MERCHANTABILITY AND FITNESS F
      +                          OR
    43                           ; PURPOSE ARE DISCLAIMED.  IN NO EVENT SHALL MICROCHIP BE LIABLE FOR ANY DIRECT, INDIREC
      +                          T,
    44                           ; INCIDENTAL, SPECIAL, EXEMPLARY, OR CONSEQUENTIAL DAMAGES (INCLUDING BUT NOT LIMITED TO
    45                           ; PROCUREMENT OF SUBSTITUTE GOODS OR SERVICES; LOSS OF USE, DATA OR PROFITS; OR BUSINESS
    46                           ; INTERRUPTION) HOWSOEVER CAUSED AND ON ANY THEORY OF LIABILITY, WHETHER IN CONTRACT, ST
      +                          RICT
    47                           ; LIABILITY, OR TORT (INCLUDING NEGLIGENCE OR OTHERWISE) ARISING IN ANY WAY OUT OF THE U
      +                          SE OF
    48                           ; THIS SOFTWARE, EVEN IF ADVISED OF THE POSSIBILITY OF SUCH DAMAGE.
    49                           ; 
    50                           ; 
    51                           ; Code-generator required, PIC16F887 Definitions
    52                           ; 
    53                           ; SFR Addresses
    54  0000                     	;# 
    55  0001                     	;# 
    56  0002                     	;# 
    57  0003                     	;# 
    58  0004                     	;# 
    59  0005                     	;# 
    60  0006                     	;# 
    61  0007                     	;# 
    62  0008                     	;# 
    63  0009                     	;# 
    64  000A                     	;# 
    65  000B                     	;# 
    66  000C                     	;# 
    67  000D                     	;# 
    68  000E                     	;# 
    69  000E                     	;# 
    70  000F                     	;# 
    71  0010                     	;# 
    72  0011                     	;# 
    73  0012                     	;# 
    74  0013                     	;# 
    75  0014                     	;# 
    76  0015                     	;# 
    77  0015                     	;# 
    78  0016                     	;# 
    79  0017                     	;# 
    80  0018                     	;# 
    81  0019                     	;# 
    82  001A                     	;# 
    83  001B                     	;# 
    84  001B                     	;# 
    85  001C                     	;# 
    86  001D                     	;# 
    87  001E                     	;# 
    88  001F                     	;# 
    89  0081                     	;# 
    90  0085                     	;# 
    91  0086                     	;# 
    92  0087                     	;# 
    93  0088                     	;# 
    94  0089                     	;# 
    95  008C                     	;# 
    96  008D                     	;# 
    97  008E                     	;# 
    98  008F                     	;# 
    99  0090                     	;# 
   100  0091                     	;# 
   101  0092                     	;# 
   102  0093                     	;# 
   103  0093                     	;# 
   104  0093                     	;# 
   105  0094                     	;# 
   106  0095                     	;# 
   107  0096                     	;# 
   108  0097                     	;# 
   109  0098                     	;# 
   110  0099                     	;# 
   111  009A                     	;# 
   112  009B                     	;# 
   113  009C                     	;# 
   114  009D                     	;# 
   115  009E                     	;# 
   116  009F                     	;# 
   117  0105                     	;# 
   118  0107                     	;# 
   119  0108                     	;# 
   120  0109                     	;# 
   121  010C                     	;# 
   122  010C                     	;# 
   123  010D                     	;# 
   124  010E                     	;# 
   125  010F                     	;# 
   126  0185                     	;# 
   127  0187                     	;# 
   128  0188                     	;# 
   129  0189                     	;# 
   130  018C                     	;# 
   131  018D                     	;# 
   132  0000                     	;# 
   133  0001                     	;# 
   134  0002                     	;# 
   135  0003                     	;# 
   136  0004                     	;# 
   137  0005                     	;# 
   138  0006                     	;# 
   139  0007                     	;# 
   140  0008                     	;# 
   141  0009                     	;# 
   142  000A                     	;# 
   143  000B                     	;# 
   144  000C                     	;# 
   145  000D                     	;# 
   146  000E                     	;# 
   147  000E                     	;# 
   148  000F                     	;# 
   149  0010                     	;# 
   150  0011                     	;# 
   151  0012                     	;# 
   152  0013                     	;# 
   153  0014                     	;# 
   154  0015                     	;# 
   155  0015                     	;# 
   156  0016                     	;# 
   157  0017                     	;# 
   158  0018                     	;# 
   159  0019                     	;# 
   160  001A                     	;# 
   161  001B                     	;# 
   162  001B                     	;# 
   163  001C                     	;# 
   164  001D                     	;# 
   165  001E                     	;# 
   166  001F                     	;# 
   167  0081                     	;# 
   168  0085                     	;# 
   169  0086                     	;# 
   170  0087                     	;# 
   171  0088                     	;# 
   172  0089                     	;# 
   173  008C                     	;# 
   174  008D                     	;# 
   175  008E                     	;# 
   176  008F                     	;# 
   177  0090                     	;# 
   178  0091                     	;# 
   179  0092                     	;# 
   180  0093                     	;# 
   181  0093                     	;# 
   182  0093                     	;# 
   183  0094                     	;# 
   184  0095                     	;# 
   185  0096                     	;# 
   186  0097                     	;# 
   187  0098                     	;# 
   188  0099                     	;# 
   189  009A                     	;# 
   190  009B                     	;# 
   191  009C                     	;# 
   192  009D                     	;# 
   193  009E                     	;# 
   194  009F                     	;# 
   195  0105                     	;# 
   196  0107                     	;# 
   197  0108                     	;# 
   198  0109                     	;# 
   199  010C                     	;# 
   200  010C                     	;# 
   201  010D                     	;# 
   202  010E                     	;# 
   203  010F                     	;# 
   204  0185                     	;# 
   205  0187                     	;# 
   206  0188                     	;# 
   207  0189                     	;# 
   208  018C                     	;# 
   209  018D                     	;# 
   210                           
   211                           	psect	idataBANK0
   212  04D1                     __pidataBANK0:
   213                           
   214                           ;initializer for _nota_1
   215  04D1  3451               	retlw	81
   216  04D2  3475               	retlw	117
   217  04D3  3465               	retlw	101
   218  04D4  3420               	retlw	32
   219  04D5  3461               	retlw	97
   220  04D6  3463               	retlw	99
   221  04D7  3463               	retlw	99
   222  04D8  3469               	retlw	105
   223  04D9  346F               	retlw	111
   224  04DA  346E               	retlw	110
   225  04DB  3420               	retlw	32
   226  04DC  3464               	retlw	100
   227  04DD  3465               	retlw	101
   228  04DE  3473               	retlw	115
   229  04DF  3465               	retlw	101
   230  04E0  3461               	retlw	97
   231  04E1  3420               	retlw	32
   232  04E2  3465               	retlw	101
   233  04E3  346A               	retlw	106
   234  04E4  3465               	retlw	101
   235  04E5  3463               	retlw	99
   236  04E6  3475               	retlw	117
   237  04E7  3474               	retlw	116
   238  04E8  3461               	retlw	97
   239  04E9  3472               	retlw	114
   240  04EA  3400               	retlw	0
   241                           
   242                           ;initializer for _nota_4
   243  04EB  3428               	retlw	40
   244  04EC  3433               	retlw	51
   245  04ED  3429               	retlw	41
   246  04EE  3420               	retlw	32
   247  04EF  3443               	retlw	67
   248  04F0  3461               	retlw	97
   249  04F1  346D               	retlw	109
   250  04F2  3462               	retlw	98
   251  04F3  3469               	retlw	105
   252  04F4  3461               	retlw	97
   253  04F5  3472               	retlw	114
   254  04F6  3420               	retlw	32
   255  04F7  3450               	retlw	80
   256  04F8  344F               	retlw	79
   257  04F9  3452               	retlw	82
   258  04FA  3454               	retlw	84
   259  04FB  3442               	retlw	66
   260  04FC  3400               	retlw	0
   261                           
   262                           ;initializer for _nota_3
   263  04FD  3428               	retlw	40
   264  04FE  3432               	retlw	50
   265  04FF  3429               	retlw	41
   266  0500  3420               	retlw	32
   267  0501  3443               	retlw	67
   268  0502  3461               	retlw	97
   269  0503  346D               	retlw	109
   270  0504  3462               	retlw	98
   271  0505  3469               	retlw	105
   272  0506  3461               	retlw	97
   273  0507  3472               	retlw	114
   274  0508  3420               	retlw	32
   275  0509  3450               	retlw	80
   276  050A  344F               	retlw	79
   277  050B  3452               	retlw	82
   278  050C  3454               	retlw	84
   279  050D  3441               	retlw	65
   280  050E  3400               	retlw	0
   281                           
   282                           	psect	idataBANK1
   283  050F                     __pidataBANK1:
   284                           
   285                           ;initializer for _nota_6
   286  050F  3451               	retlw	81
   287  0510  3475               	retlw	117
   288  0511  3465               	retlw	101
   289  0512  3420               	retlw	32
   290  0513  3476               	retlw	118
   291  0514  3461               	retlw	97
   292  0515  346C               	retlw	108
   293  0516  346F               	retlw	111
   294  0517  3472               	retlw	114
   295  0518  3420               	retlw	32
   296  0519  3464               	retlw	100
   297  051A  3465               	retlw	101
   298  051B  3473               	retlw	115
   299  051C  3465               	retlw	101
   300  051D  3461               	retlw	97
   301  051E  3420               	retlw	32
   302  051F  3464               	retlw	100
   303  0520  3465               	retlw	101
   304  0521  3473               	retlw	115
   305  0522  3470               	retlw	112
   306  0523  346C               	retlw	108
   307  0524  3465               	retlw	101
   308  0525  3467               	retlw	103
   309  0526  3461               	retlw	97
   310  0527  3472               	retlw	114
   311  0528  3420               	retlw	32
   312  0529  3465               	retlw	101
   313  052A  346E               	retlw	110
   314  052B  3420               	retlw	32
   315  052C  3450               	retlw	80
   316  052D  344F               	retlw	79
   317  052E  3452               	retlw	82
   318  052F  3454               	retlw	84
   319  0530  3441               	retlw	65
   320  0531  3400               	retlw	0
   321                           
   322                           ;initializer for _nota_2
   323  0532  3428               	retlw	40
   324  0533  3431               	retlw	49
   325  0534  3429               	retlw	41
   326  0535  3420               	retlw	32
   327  0536  3444               	retlw	68
   328  0537  3465               	retlw	101
   329  0538  3473               	retlw	115
   330  0539  3470               	retlw	112
   331  053A  346C               	retlw	108
   332  053B  3465               	retlw	101
   333  053C  3467               	retlw	103
   334  053D  3461               	retlw	97
   335  053E  3472               	retlw	114
   336  053F  3420               	retlw	32
   337  0540  3463               	retlw	99
   338  0541  3461               	retlw	97
   339  0542  3464               	retlw	100
   340  0543  3465               	retlw	101
   341  0544  346E               	retlw	110
   342  0545  3461               	retlw	97
   343  0546  3420               	retlw	32
   344  0547  3464               	retlw	100
   345  0548  3465               	retlw	101
   346  0549  3420               	retlw	32
   347  054A  3463               	retlw	99
   348  054B  3461               	retlw	97
   349  054C  3472               	retlw	114
   350  054D  3461               	retlw	97
   351  054E  3463               	retlw	99
   352  054F  3474               	retlw	116
   353  0550  3465               	retlw	101
   354  0551  3472               	retlw	114
   355  0552  3465               	retlw	101
   356  0553  3473               	retlw	115
   357  0554  3400               	retlw	0
   358                           
   359                           	psect	idataBANK3
   360  0555                     __pidataBANK3:
   361                           
   362                           ;initializer for _nota_7
   363  0555  3451               	retlw	81
   364  0556  3475               	retlw	117
   365  0557  3465               	retlw	101
   366  0558  3420               	retlw	32
   367  0559  3476               	retlw	118
   368  055A  3461               	retlw	97
   369  055B  346C               	retlw	108
   370  055C  346F               	retlw	111
   371  055D  3472               	retlw	114
   372  055E  3420               	retlw	32
   373  055F  3464               	retlw	100
   374  0560  3465               	retlw	101
   375  0561  3473               	retlw	115
   376  0562  3465               	retlw	101
   377  0563  3461               	retlw	97
   378  0564  3420               	retlw	32
   379  0565  3464               	retlw	100
   380  0566  3465               	retlw	101
   381  0567  3473               	retlw	115
   382  0568  3470               	retlw	112
   383  0569  346C               	retlw	108
   384  056A  3465               	retlw	101
   385  056B  3467               	retlw	103
   386  056C  3461               	retlw	97
   387  056D  3472               	retlw	114
   388  056E  3420               	retlw	32
   389  056F  3465               	retlw	101
   390  0570  346E               	retlw	110
   391  0571  3420               	retlw	32
   392  0572  3450               	retlw	80
   393  0573  344F               	retlw	79
   394  0574  3452               	retlw	82
   395  0575  3454               	retlw	84
   396  0576  3442               	retlw	66
   397  0577  3400               	retlw	0
   398                           
   399                           ;initializer for _nota_5
   400  0578  344C               	retlw	76
   401  0579  3461               	retlw	97
   402  057A  3420               	retlw	32
   403  057B  3455               	retlw	85
   404  057C  3456               	retlw	86
   405  057D  3447               	retlw	71
   406  057E  3420               	retlw	32
   407  057F  3465               	retlw	101
   408  0580  3473               	retlw	115
   409  0581  3420               	retlw	32
   410  0582  346C               	retlw	108
   411  0583  3461               	retlw	97
   412  0584  3420               	retlw	32
   413  0585  3475               	retlw	117
   414  0586  346E               	retlw	110
   415  0587  3469               	retlw	105
   416  0588  3476               	retlw	118
   417  0589  3465               	retlw	101
   418  058A  3472               	retlw	114
   419  058B  3469               	retlw	105
   420  058C  3464               	retlw	100
   421  058D  3461               	retlw	97
   422  058E  3464               	retlw	100
   423  058F  3420               	retlw	32
   424  0590  3423               	retlw	35
   425  0591  3431               	retlw	49
   426  0592  3420               	retlw	32
   427  0593  3464               	retlw	100
   428  0594  3465               	retlw	101
   429  0595  3420               	retlw	32
   430  0596  3443               	retlw	67
   431  0597  3465               	retlw	101
   432  0598  346E               	retlw	110
   433  0599  3474               	retlw	116
   434  059A  3472               	retlw	114
   435  059B  346F               	retlw	111
   436  059C  3461               	retlw	97
   437  059D  346D               	retlw	109
   438  059E  3465               	retlw	101
   439  059F  3472               	retlw	114
   440  05A0  3469               	retlw	105
   441  05A1  3463               	retlw	99
   442  05A2  3461               	retlw	97
   443  05A3  3400               	retlw	0
   444                           
   445                           	psect	nvCOMMON
   446  0077                     __pnvCOMMON:
   447  0077                     _i:
   448  0077                     	ds	2
   449  001A                     _RCREG	set	26
   450  0019                     _TXREG	set	25
   451  000C                     _PIR1bits	set	12
   452  000B                     _INTCONbits	set	11
   453  0018                     _RCSTAbits	set	24
   454  0008                     _PORTD	set	8
   455  0007                     _PORTC	set	7
   456  0006                     _PORTB	set	6
   457  0005                     _PORTA	set	5
   458  0065                     _RCIF	set	101
   459  0064                     _TXIF	set	100
   460  008C                     _PIE1bits	set	140
   461  009A                     _SPBRGH	set	154
   462  0099                     _SPBRG	set	153
   463  0098                     _TXSTAbits	set	152
   464  008F                     _OSCCONbits	set	143
   465  0088                     _TRISD	set	136
   466  0086                     _TRISB	set	134
   467  0085                     _TRISA	set	133
   468  0187                     _BAUDCTLbits	set	391
   469  0189                     _ANSELH	set	393
   470  0188                     _ANSEL	set	392
   471                           
   472                           	psect	cinit
   473  07D1                     start_initialization:	
   474                           ; #config settings
   475                           
   476  07D1                     __initialization:
   477                           
   478                           ; Initialize objects allocated to BANK3
   479  07D1  1783               	bsf	3,7	;select IRP bank2
   480  07D2  30DF               	movlw	low (__pdataBANK3+79)
   481  07D3  00FD               	movwf	btemp+-1
   482  07D4  3005               	movlw	high __pidataBANK3
   483  07D5  00FE               	movwf	btemp
   484  07D6  3055               	movlw	low __pidataBANK3
   485  07D7  00FF               	movwf	btemp+1
   486  07D8  3090               	movlw	low __pdataBANK3
   487  07D9  0084               	movwf	4
   488  07DA  120A  118A  24A4  120A  118A  	fcall	init_ram0
   489                           
   490                           ; Initialize objects allocated to BANK1
   491  07DF  1383               	bcf	3,7	;select IRP bank0
   492  07E0  30E6               	movlw	low (__pdataBANK1+70)
   493  07E1  00FD               	movwf	btemp+-1
   494  07E2  3005               	movlw	high __pidataBANK1
   495  07E3  00FE               	movwf	btemp
   496  07E4  300F               	movlw	low __pidataBANK1
   497  07E5  00FF               	movwf	btemp+1
   498  07E6  30A0               	movlw	low __pdataBANK1
   499  07E7  0084               	movwf	4
   500  07E8  120A  118A  24A4  120A  118A  	fcall	init_ram0
   501                           
   502                           ; Initialize objects allocated to BANK0
   503  07ED  305E               	movlw	low (__pdataBANK0+62)
   504  07EE  00FD               	movwf	btemp+-1
   505  07EF  3004               	movlw	high __pidataBANK0
   506  07F0  00FE               	movwf	btemp
   507  07F1  30D1               	movlw	low __pidataBANK0
   508  07F2  00FF               	movwf	btemp+1
   509  07F3  3020               	movlw	low __pdataBANK0
   510  07F4  0084               	movwf	4
   511  07F5  120A  118A  24A4  120A  118A  	fcall	init_ram0
   512                           
   513                           ; Clear objects allocated to COMMON
   514  07FA  01F9               	clrf	__pbssCOMMON& (0+127)
   515  07FB  01FA               	clrf	(__pbssCOMMON+1)& (0+127)
   516  07FC                     end_of_initialization:	
   517                           ;End of C runtime variable initialization code
   518                           
   519  07FC                     __end_of__initialization:
   520  07FC  0183               	clrf	3
   521  07FD  120A  118A  2DA4   	ljmp	_main	;jump to C main() function
   522                           
   523                           	psect	bssCOMMON
   524  0079                     __pbssCOMMON:
   525  0079                     _valor:
   526  0079                     	ds	2
   527                           
   528                           	psect	dataBANK0
   529  0020                     __pdataBANK0:
   530  0020                     _nota_1:
   531  0020                     	ds	26
   532  003A                     _nota_4:
   533  003A                     	ds	18
   534  004C                     _nota_3:
   535  004C                     	ds	18
   536                           
   537                           	psect	dataBANK1
   538  00A0                     __pdataBANK1:
   539  00A0                     _nota_6:
   540  00A0                     	ds	35
   541  00C3                     _nota_2:
   542  00C3                     	ds	35
   543                           
   544                           	psect	dataBANK3
   545  0190                     __pdataBANK3:
   546  0190                     _nota_7:
   547  0190                     	ds	35
   548  01B3                     _nota_5:
   549  01B3                     	ds	44
   550                           
   551                           	psect	inittext
   552  04A0                     init_fetch0:	
   553                           ;	Called with low address in FSR and high address in W
   554                           
   555  04A0  087E               	movf	btemp,w
   556  04A1  008A               	movwf	10
   557  04A2  087F               	movf	btemp+1,w
   558  04A3  0082               	movwf	2
   559  04A4                     init_ram0:	
   560                           ;Called with:
   561                           ;	high address of idata address in btemp 
   562                           ;	low address of idata address in btemp+1 
   563                           ;	low address of data in FSR
   564                           ;	high address + 1 of data in btemp-1
   565                           
   566  04A4  120A  118A  24A0  120A  118A  	fcall	init_fetch0
   567  04A9  0080               	movwf	0
   568  04AA  0A84               	incf	4,f
   569  04AB  0804               	movf	4,w
   570  04AC  067D               	xorwf	btemp+-1,w
   571  04AD  1903               	btfsc	3,2
   572  04AE  3400               	retlw	0
   573  04AF  0AFF               	incf	btemp+1,f
   574  04B0  1903               	btfsc	3,2
   575  04B1  0AFE               	incf	btemp,f
   576  04B2  2CA4               	goto	init_ram0
   577                           
   578                           	psect	cstackCOMMON
   579  0070                     __pcstackCOMMON:
   580  0070                     ?_main:
   581  0070                     ?_strlen:	
   582                           ; 1 bytes @ 0x0
   583                           
   584  0070                     strlen@s:	
   585                           ; 2 bytes @ 0x0
   586                           
   587                           
   588                           ; 2 bytes @ 0x0
   589  0070                     	ds	2
   590  0072                     ??_strlen:
   591  0072                     strlen@cp:	
   592                           ; 1 bytes @ 0x2
   593                           
   594                           
   595                           ; 2 bytes @ 0x2
   596  0072                     	ds	2
   597  0074                     ??_main:
   598                           
   599                           ; 1 bytes @ 0x4
   600  0074                     	ds	3
   601                           
   602                           	psect	maintext
   603  05A4                     __pmaintext:	
   604 ;;
   605 ;;Main: autosize = 0, tempsize = 3, incstack = 0, save=0
   606 ;;
   607 ;; *************** function _main *****************
   608 ;; Defined at:
   609 ;;		line 48 in file "lab10_main.c"
   610 ;; Parameters:    Size  Location     Type
   611 ;;		None
   612 ;; Auto vars:     Size  Location     Type
   613 ;;		None
   614 ;; Return value:  Size  Location     Type
   615 ;;                  1    wreg      void 
   616 ;; Registers used:
   617 ;;		wreg, fsr0l, fsr0h, status,2, status,0, pclath, cstack
   618 ;; Tracked objects:
   619 ;;		On entry : B00/0
   620 ;;		On exit  : 0/0
   621 ;;		Unchanged: 0/0
   622 ;; Data sizes:     COMMON   BANK0   BANK1   BANK3   BANK2
   623 ;;      Params:         0       0       0       0       0
   624 ;;      Locals:         0       0       0       0       0
   625 ;;      Temps:          3       0       0       0       0
   626 ;;      Totals:         3       0       0       0       0
   627 ;;Total ram usage:        3 bytes
   628 ;; Hardware stack levels required when called:    1
   629 ;; This function calls:
   630 ;;		_strlen
   631 ;; This function is called by:
   632 ;;		Startup code after reset
   633 ;; This function uses a non-reentrant model
   634 ;;
   635                           
   636                           
   637                           ;psect for function _main
   638  05A4                     _main:
   639  05A4                     l1108:	
   640                           ;incstack = 0
   641                           ; Regs used in _main: [wreg-fsr0h+status,2+status,0+pclath+cstack]
   642                           
   643                           
   644                           ;lab10_main.c: 50: ANSEL = 0x00;
   645  05A4  1683               	bsf	3,5	;RP0=1, select bank3
   646  05A5  1703               	bsf	3,6	;RP1=1, select bank3
   647  05A6  0188               	clrf	8	;volatile
   648                           
   649                           ;lab10_main.c: 51: ANSELH = 0x00;
   650  05A7  0189               	clrf	9	;volatile
   651                           
   652                           ;lab10_main.c: 53: TRISA = 0x00;
   653  05A8  1683               	bsf	3,5	;RP0=1, select bank1
   654  05A9  1303               	bcf	3,6	;RP1=0, select bank1
   655  05AA  0185               	clrf	5	;volatile
   656                           
   657                           ;lab10_main.c: 54: TRISB = 0x00;
   658  05AB  0186               	clrf	6	;volatile
   659                           
   660                           ;lab10_main.c: 55: TRISD = 0x00;
   661  05AC  0188               	clrf	8	;volatile
   662                           
   663                           ;lab10_main.c: 57: PORTA = 0x00;
   664  05AD  1283               	bcf	3,5	;RP0=0, select bank0
   665  05AE  1303               	bcf	3,6	;RP1=0, select bank0
   666  05AF  0185               	clrf	5	;volatile
   667                           
   668                           ;lab10_main.c: 58: PORTB = 0x00;
   669  05B0  0186               	clrf	6	;volatile
   670                           
   671                           ;lab10_main.c: 59: PORTC = 0x00;
   672  05B1  0187               	clrf	7	;volatile
   673                           
   674                           ;lab10_main.c: 60: PORTD = 0x00;
   675  05B2  0188               	clrf	8	;volatile
   676  05B3                     l1110:
   677                           
   678                           ;lab10_main.c: 64: OSCCONbits.IRCF2 = 1;
   679  05B3  1683               	bsf	3,5	;RP0=1, select bank1
   680  05B4  1303               	bcf	3,6	;RP1=0, select bank1
   681  05B5  170F               	bsf	15,6	;volatile
   682  05B6                     l1112:
   683                           
   684                           ;lab10_main.c: 65: OSCCONbits.IRCF1 = 1;
   685  05B6  168F               	bsf	15,5	;volatile
   686  05B7                     l1114:
   687                           
   688                           ;lab10_main.c: 66: OSCCONbits.IRCF0 = 1;
   689  05B7  160F               	bsf	15,4	;volatile
   690  05B8                     l1116:
   691                           
   692                           ;lab10_main.c: 67: OSCCONbits.SCS = 1;
   693  05B8  140F               	bsf	15,0	;volatile
   694  05B9                     l1118:
   695                           
   696                           ;lab10_main.c: 71: TXSTAbits.TX9 = 0;
   697  05B9  1318               	bcf	24,6	;volatile
   698  05BA                     l1120:
   699                           
   700                           ;lab10_main.c: 72: TXSTAbits.TXEN = 1;
   701  05BA  1698               	bsf	24,5	;volatile
   702  05BB                     l1122:
   703                           
   704                           ;lab10_main.c: 73: TXSTAbits.SYNC = 0;
   705  05BB  1218               	bcf	24,4	;volatile
   706  05BC                     l1124:
   707                           
   708                           ;lab10_main.c: 74: TXSTAbits.BRGH = 1;
   709  05BC  1518               	bsf	24,2	;volatile
   710  05BD                     l1126:
   711                           
   712                           ;lab10_main.c: 76: RCSTAbits.SPEN = 1;
   713  05BD  1283               	bcf	3,5	;RP0=0, select bank0
   714  05BE  1303               	bcf	3,6	;RP1=0, select bank0
   715  05BF  1798               	bsf	24,7	;volatile
   716  05C0                     l1128:
   717                           
   718                           ;lab10_main.c: 77: RCSTAbits.RX9 = 0;
   719  05C0  1318               	bcf	24,6	;volatile
   720  05C1                     l1130:
   721                           
   722                           ;lab10_main.c: 78: RCSTAbits.CREN = 1;
   723  05C1  1618               	bsf	24,4	;volatile
   724  05C2                     l1132:
   725                           
   726                           ;lab10_main.c: 80: BAUDCTLbits.BRG16 = 1;
   727  05C2  1683               	bsf	3,5	;RP0=1, select bank3
   728  05C3  1703               	bsf	3,6	;RP1=1, select bank3
   729  05C4  1587               	bsf	7,3	;volatile
   730  05C5                     l1134:
   731                           
   732                           ;lab10_main.c: 82: SPBRG = 207;
   733  05C5  30CF               	movlw	207
   734  05C6  1683               	bsf	3,5	;RP0=1, select bank1
   735  05C7  1303               	bcf	3,6	;RP1=0, select bank1
   736  05C8  0099               	movwf	25	;volatile
   737  05C9                     l1136:
   738                           
   739                           ;lab10_main.c: 83: SPBRGH = 0;
   740  05C9  019A               	clrf	26	;volatile
   741  05CA                     l1138:
   742                           
   743                           ;lab10_main.c: 87: INTCONbits.GIE = 1;
   744  05CA  178B               	bsf	11,7	;volatile
   745  05CB                     l1140:
   746                           
   747                           ;lab10_main.c: 88: INTCONbits.PEIE = 1;
   748  05CB  170B               	bsf	11,6	;volatile
   749  05CC                     l1142:
   750                           
   751                           ;lab10_main.c: 89: PIE1bits.RCIE = 1;
   752  05CC  168C               	bsf	12,5	;volatile
   753  05CD                     l1144:
   754                           
   755                           ;lab10_main.c: 90: PIR1bits.RCIF = 0;
   756  05CD  1283               	bcf	3,5	;RP0=0, select bank0
   757  05CE  1303               	bcf	3,6	;RP1=0, select bank0
   758  05CF  128C               	bcf	12,5	;volatile
   759  05D0                     l1146:
   760                           
   761                           ;lab10_main.c: 96: for (i = 0; i <= strlen(nota_1); i++) {
   762  05D0  01F7               	clrf	_i
   763  05D1  01F8               	clrf	_i+1
   764  05D2  2DF2               	goto	l1156
   765  05D3                     l1148:
   766                           
   767                           ;lab10_main.c: 97:     _delay((unsigned long)((100)*(8000000/4000.0)));
   768  05D3  3002               	movlw	2
   769  05D4  00F6               	movwf	??_main+2
   770  05D5  3004               	movlw	4
   771  05D6  00F5               	movwf	??_main+1
   772  05D7  30BA               	movlw	186
   773  05D8  00F4               	movwf	??_main
   774  05D9                     u557:
   775  05D9  0BF4               	decfsz	??_main,f
   776  05DA  2DD9               	goto	u557
   777  05DB  0BF5               	decfsz	??_main+1,f
   778  05DC  2DD9               	goto	u557
   779  05DD  0BF6               	decfsz	??_main+2,f
   780  05DE  2DD9               	goto	u557
   781  05DF  0000               	nop
   782  05E0                     l1150:
   783                           
   784                           ;lab10_main.c: 98:     if (TXIF == 1) {
   785  05E0  1283               	bcf	3,5	;RP0=0, select bank0
   786  05E1  1303               	bcf	3,6	;RP1=0, select bank0
   787  05E2  1E0C               	btfss	12,4	;volatile
   788  05E3  2DE5               	goto	u381
   789  05E4  2DE6               	goto	u380
   790  05E5                     u381:
   791  05E5  2DEC               	goto	l1154
   792  05E6                     u380:
   793  05E6                     l1152:
   794                           
   795                           ;lab10_main.c: 99:         TXREG = nota_1[i];
   796  05E6  0877               	movf	_i,w
   797  05E7  3E20               	addlw	(low (_nota_1| 0))& (0+255)
   798  05E8  0084               	movwf	4
   799  05E9  1383               	bcf	3,7	;select IRP bank0
   800  05EA  0800               	movf	0,w
   801  05EB  0099               	movwf	25	;volatile
   802  05EC                     l1154:
   803                           
   804                           ;lab10_main.c: 101: }
   805  05EC  3001               	movlw	1
   806  05ED  07F7               	addwf	_i,f
   807  05EE  1803               	skipnc
   808  05EF  0AF8               	incf	_i+1,f
   809  05F0  3000               	movlw	0
   810  05F1  07F8               	addwf	_i+1,f
   811  05F2                     l1156:
   812  05F2  3020               	movlw	(low (_nota_1| 0))& (0+255)
   813  05F3  00F0               	movwf	strlen@s
   814  05F4  3000               	movlw	0
   815  05F5  00F1               	movwf	strlen@s+1
   816  05F6  120A  118A  24B3  120A  118A  	fcall	_strlen
   817  05FB  0878               	movf	_i+1,w
   818  05FC  0271               	subwf	?_strlen+1,w
   819  05FD  1D03               	skipz
   820  05FE  2E01               	goto	u395
   821  05FF  0877               	movf	_i,w
   822  0600  0270               	subwf	?_strlen,w
   823  0601                     u395:
   824  0601  1803               	skipnc
   825  0602  2E04               	goto	u391
   826  0603  2E05               	goto	u390
   827  0604                     u391:
   828  0604  2DD3               	goto	l1148
   829  0605                     u390:
   830  0605                     l1158:
   831                           
   832                           ;lab10_main.c: 103: TXREG = 13;
   833  0605  300D               	movlw	13
   834  0606  1283               	bcf	3,5	;RP0=0, select bank0
   835  0607  1303               	bcf	3,6	;RP1=0, select bank0
   836  0608  0099               	movwf	25	;volatile
   837  0609                     l1160:
   838                           
   839                           ;lab10_main.c: 105: for (i = 0; i < strlen(nota_2); i++) {
   840  0609  01F7               	clrf	_i
   841  060A  01F8               	clrf	_i+1
   842  060B  2E2B               	goto	l1170
   843  060C                     l1162:
   844                           
   845                           ;lab10_main.c: 106:     _delay((unsigned long)((100)*(8000000/4000.0)));
   846  060C  3002               	movlw	2
   847  060D  00F6               	movwf	??_main+2
   848  060E  3004               	movlw	4
   849  060F  00F5               	movwf	??_main+1
   850  0610  30BA               	movlw	186
   851  0611  00F4               	movwf	??_main
   852  0612                     u567:
   853  0612  0BF4               	decfsz	??_main,f
   854  0613  2E12               	goto	u567
   855  0614  0BF5               	decfsz	??_main+1,f
   856  0615  2E12               	goto	u567
   857  0616  0BF6               	decfsz	??_main+2,f
   858  0617  2E12               	goto	u567
   859  0618  0000               	nop
   860  0619                     l1164:
   861                           
   862                           ;lab10_main.c: 107:     if (TXIF == 1) {
   863  0619  1283               	bcf	3,5	;RP0=0, select bank0
   864  061A  1303               	bcf	3,6	;RP1=0, select bank0
   865  061B  1E0C               	btfss	12,4	;volatile
   866  061C  2E1E               	goto	u401
   867  061D  2E1F               	goto	u400
   868  061E                     u401:
   869  061E  2E25               	goto	l1168
   870  061F                     u400:
   871  061F                     l1166:
   872                           
   873                           ;lab10_main.c: 108:         TXREG = nota_2[i];
   874  061F  0877               	movf	_i,w
   875  0620  3EC3               	addlw	(low (_nota_2| 0))& (0+255)
   876  0621  0084               	movwf	4
   877  0622  1383               	bcf	3,7	;select IRP bank1
   878  0623  0800               	movf	0,w
   879  0624  0099               	movwf	25	;volatile
   880  0625                     l1168:
   881                           
   882                           ;lab10_main.c: 110: }
   883  0625  3001               	movlw	1
   884  0626  07F7               	addwf	_i,f
   885  0627  1803               	skipnc
   886  0628  0AF8               	incf	_i+1,f
   887  0629  3000               	movlw	0
   888  062A  07F8               	addwf	_i+1,f
   889  062B                     l1170:
   890  062B  30C3               	movlw	(low (_nota_2| 0))& (0+255)
   891  062C  00F0               	movwf	strlen@s
   892  062D  3000               	movlw	0
   893  062E  00F1               	movwf	strlen@s+1
   894  062F  120A  118A  24B3  120A  118A  	fcall	_strlen
   895  0634  0871               	movf	?_strlen+1,w
   896  0635  0278               	subwf	_i+1,w
   897  0636  1D03               	skipz
   898  0637  2E3A               	goto	u415
   899  0638  0870               	movf	?_strlen,w
   900  0639  0277               	subwf	_i,w
   901  063A                     u415:
   902  063A  1C03               	skipc
   903  063B  2E3D               	goto	u411
   904  063C  2E3E               	goto	u410
   905  063D                     u411:
   906  063D  2E0C               	goto	l1162
   907  063E                     u410:
   908  063E                     l1172:
   909                           
   910                           ;lab10_main.c: 112: TXREG = 13;
   911  063E  300D               	movlw	13
   912  063F  1283               	bcf	3,5	;RP0=0, select bank0
   913  0640  1303               	bcf	3,6	;RP1=0, select bank0
   914  0641  0099               	movwf	25	;volatile
   915  0642                     l1174:
   916                           
   917                           ;lab10_main.c: 114: for (i = 0; i < strlen(nota_3); i++) {
   918  0642  01F7               	clrf	_i
   919  0643  01F8               	clrf	_i+1
   920  0644  2E64               	goto	l1184
   921  0645                     l1176:
   922                           
   923                           ;lab10_main.c: 115:     _delay((unsigned long)((100)*(8000000/4000.0)));
   924  0645  3002               	movlw	2
   925  0646  00F6               	movwf	??_main+2
   926  0647  3004               	movlw	4
   927  0648  00F5               	movwf	??_main+1
   928  0649  30BA               	movlw	186
   929  064A  00F4               	movwf	??_main
   930  064B                     u577:
   931  064B  0BF4               	decfsz	??_main,f
   932  064C  2E4B               	goto	u577
   933  064D  0BF5               	decfsz	??_main+1,f
   934  064E  2E4B               	goto	u577
   935  064F  0BF6               	decfsz	??_main+2,f
   936  0650  2E4B               	goto	u577
   937  0651  0000               	nop
   938  0652                     l1178:
   939                           
   940                           ;lab10_main.c: 116:     if (TXIF == 1) {
   941  0652  1283               	bcf	3,5	;RP0=0, select bank0
   942  0653  1303               	bcf	3,6	;RP1=0, select bank0
   943  0654  1E0C               	btfss	12,4	;volatile
   944  0655  2E57               	goto	u421
   945  0656  2E58               	goto	u420
   946  0657                     u421:
   947  0657  2E5E               	goto	l1182
   948  0658                     u420:
   949  0658                     l1180:
   950                           
   951                           ;lab10_main.c: 117:         TXREG = nota_3[i];
   952  0658  0877               	movf	_i,w
   953  0659  3E4C               	addlw	(low (_nota_3| 0))& (0+255)
   954  065A  0084               	movwf	4
   955  065B  1383               	bcf	3,7	;select IRP bank0
   956  065C  0800               	movf	0,w
   957  065D  0099               	movwf	25	;volatile
   958  065E                     l1182:
   959                           
   960                           ;lab10_main.c: 119: }
   961  065E  3001               	movlw	1
   962  065F  07F7               	addwf	_i,f
   963  0660  1803               	skipnc
   964  0661  0AF8               	incf	_i+1,f
   965  0662  3000               	movlw	0
   966  0663  07F8               	addwf	_i+1,f
   967  0664                     l1184:
   968  0664  304C               	movlw	(low (_nota_3| 0))& (0+255)
   969  0665  00F0               	movwf	strlen@s
   970  0666  3000               	movlw	0
   971  0667  00F1               	movwf	strlen@s+1
   972  0668  120A  118A  24B3  120A  118A  	fcall	_strlen
   973  066D  0871               	movf	?_strlen+1,w
   974  066E  0278               	subwf	_i+1,w
   975  066F  1D03               	skipz
   976  0670  2E73               	goto	u435
   977  0671  0870               	movf	?_strlen,w
   978  0672  0277               	subwf	_i,w
   979  0673                     u435:
   980  0673  1C03               	skipc
   981  0674  2E76               	goto	u431
   982  0675  2E77               	goto	u430
   983  0676                     u431:
   984  0676  2E45               	goto	l1176
   985  0677                     u430:
   986  0677                     l1186:
   987                           
   988                           ;lab10_main.c: 121: TXREG = 13;
   989  0677  300D               	movlw	13
   990  0678  1283               	bcf	3,5	;RP0=0, select bank0
   991  0679  1303               	bcf	3,6	;RP1=0, select bank0
   992  067A  0099               	movwf	25	;volatile
   993  067B                     l1188:
   994                           
   995                           ;lab10_main.c: 123: for (i = 0; i < strlen(nota_4); i++) {
   996  067B  01F7               	clrf	_i
   997  067C  01F8               	clrf	_i+1
   998  067D  2E9D               	goto	l1198
   999  067E                     l1190:
  1000                           
  1001                           ;lab10_main.c: 124:     _delay((unsigned long)((100)*(8000000/4000.0)));
  1002  067E  3002               	movlw	2
  1003  067F  00F6               	movwf	??_main+2
  1004  0680  3004               	movlw	4
  1005  0681  00F5               	movwf	??_main+1
  1006  0682  30BA               	movlw	186
  1007  0683  00F4               	movwf	??_main
  1008  0684                     u587:
  1009  0684  0BF4               	decfsz	??_main,f
  1010  0685  2E84               	goto	u587
  1011  0686  0BF5               	decfsz	??_main+1,f
  1012  0687  2E84               	goto	u587
  1013  0688  0BF6               	decfsz	??_main+2,f
  1014  0689  2E84               	goto	u587
  1015  068A  0000               	nop
  1016  068B                     l1192:
  1017                           
  1018                           ;lab10_main.c: 125:     if (TXIF == 1) {
  1019  068B  1283               	bcf	3,5	;RP0=0, select bank0
  1020  068C  1303               	bcf	3,6	;RP1=0, select bank0
  1021  068D  1E0C               	btfss	12,4	;volatile
  1022  068E  2E90               	goto	u441
  1023  068F  2E91               	goto	u440
  1024  0690                     u441:
  1025  0690  2E97               	goto	l1196
  1026  0691                     u440:
  1027  0691                     l1194:
  1028                           
  1029                           ;lab10_main.c: 126:         TXREG = nota_4[i];
  1030  0691  0877               	movf	_i,w
  1031  0692  3E3A               	addlw	(low (_nota_4| 0))& (0+255)
  1032  0693  0084               	movwf	4
  1033  0694  1383               	bcf	3,7	;select IRP bank0
  1034  0695  0800               	movf	0,w
  1035  0696  0099               	movwf	25	;volatile
  1036  0697                     l1196:
  1037                           
  1038                           ;lab10_main.c: 128: }
  1039  0697  3001               	movlw	1
  1040  0698  07F7               	addwf	_i,f
  1041  0699  1803               	skipnc
  1042  069A  0AF8               	incf	_i+1,f
  1043  069B  3000               	movlw	0
  1044  069C  07F8               	addwf	_i+1,f
  1045  069D                     l1198:
  1046  069D  303A               	movlw	(low (_nota_4| 0))& (0+255)
  1047  069E  00F0               	movwf	strlen@s
  1048  069F  3000               	movlw	0
  1049  06A0  00F1               	movwf	strlen@s+1
  1050  06A1  120A  118A  24B3  120A  118A  	fcall	_strlen
  1051  06A6  0871               	movf	?_strlen+1,w
  1052  06A7  0278               	subwf	_i+1,w
  1053  06A8  1D03               	skipz
  1054  06A9  2EAC               	goto	u455
  1055  06AA  0870               	movf	?_strlen,w
  1056  06AB  0277               	subwf	_i,w
  1057  06AC                     u455:
  1058  06AC  1C03               	skipc
  1059  06AD  2EAF               	goto	u451
  1060  06AE  2EB0               	goto	u450
  1061  06AF                     u451:
  1062  06AF  2E7E               	goto	l1190
  1063  06B0                     u450:
  1064  06B0                     l1200:
  1065                           
  1066                           ;lab10_main.c: 130: TXREG = 13;
  1067  06B0  300D               	movlw	13
  1068  06B1  1283               	bcf	3,5	;RP0=0, select bank0
  1069  06B2  1303               	bcf	3,6	;RP1=0, select bank0
  1070  06B3  0099               	movwf	25	;volatile
  1071                           
  1072                           ;lab10_main.c: 131: _delay((unsigned long)((100)*(8000000/4000.0)));
  1073  06B4  3002               	movlw	2
  1074  06B5  00F6               	movwf	??_main+2
  1075  06B6  3004               	movlw	4
  1076  06B7  00F5               	movwf	??_main+1
  1077  06B8  30BA               	movlw	186
  1078  06B9  00F4               	movwf	??_main
  1079  06BA                     u597:
  1080  06BA  0BF4               	decfsz	??_main,f
  1081  06BB  2EBA               	goto	u597
  1082  06BC  0BF5               	decfsz	??_main+1,f
  1083  06BD  2EBA               	goto	u597
  1084  06BE  0BF6               	decfsz	??_main+2,f
  1085  06BF  2EBA               	goto	u597
  1086  06C0  0000               	nop
  1087                           
  1088                           ;lab10_main.c: 132: TXREG = '\r';
  1089  06C1  300D               	movlw	13
  1090  06C2  1283               	bcf	3,5	;RP0=0, select bank0
  1091  06C3  1303               	bcf	3,6	;RP1=0, select bank0
  1092  06C4  0099               	movwf	25	;volatile
  1093  06C5                     l88:	
  1094                           ;lab10_main.c: 134: while (RCIF == 0) ;
  1095                           
  1096  06C5  1E8C               	btfss	12,5	;volatile
  1097  06C6  2EC8               	goto	u461
  1098  06C7  2EC9               	goto	u460
  1099  06C8                     u461:
  1100  06C8  2EC5               	goto	l88
  1101  06C9                     u460:
  1102  06C9                     l1202:
  1103                           
  1104                           ;lab10_main.c: 137: valor = RCREG;
  1105  06C9  081A               	movf	26,w	;volatile
  1106  06CA  00F4               	movwf	??_main
  1107  06CB  01F5               	clrf	??_main+1
  1108  06CC  0874               	movf	??_main,w
  1109  06CD  00F9               	movwf	_valor
  1110  06CE  0875               	movf	??_main+1,w
  1111  06CF  00FA               	movwf	_valor+1
  1112                           
  1113                           ;lab10_main.c: 139: switch (valor) {
  1114  06D0  2FBE               	goto	l1252
  1115  06D1                     l1204:
  1116                           
  1117                           ;lab10_main.c: 141:         for (i = 0; i < strlen(nota_5); i++) {
  1118  06D1  01F7               	clrf	_i
  1119  06D2  01F8               	clrf	_i+1
  1120  06D3  2EF3               	goto	l1214
  1121  06D4                     l1206:
  1122                           
  1123                           ;lab10_main.c: 142:             _delay((unsigned long)((100)*(8000000/4000.0)));
  1124  06D4  3002               	movlw	2
  1125  06D5  00F6               	movwf	??_main+2
  1126  06D6  3004               	movlw	4
  1127  06D7  00F5               	movwf	??_main+1
  1128  06D8  30BA               	movlw	186
  1129  06D9  00F4               	movwf	??_main
  1130  06DA                     u607:
  1131  06DA  0BF4               	decfsz	??_main,f
  1132  06DB  2EDA               	goto	u607
  1133  06DC  0BF5               	decfsz	??_main+1,f
  1134  06DD  2EDA               	goto	u607
  1135  06DE  0BF6               	decfsz	??_main+2,f
  1136  06DF  2EDA               	goto	u607
  1137  06E0  0000               	nop
  1138  06E1                     l1208:
  1139                           
  1140                           ;lab10_main.c: 143:             if (TXIF == 1) {
  1141  06E1  1283               	bcf	3,5	;RP0=0, select bank0
  1142  06E2  1303               	bcf	3,6	;RP1=0, select bank0
  1143  06E3  1E0C               	btfss	12,4	;volatile
  1144  06E4  2EE6               	goto	u471
  1145  06E5  2EE7               	goto	u470
  1146  06E6                     u471:
  1147  06E6  2EED               	goto	l1212
  1148  06E7                     u470:
  1149  06E7                     l1210:
  1150                           
  1151                           ;lab10_main.c: 144:                 TXREG = nota_5[i];
  1152  06E7  0877               	movf	_i,w
  1153  06E8  3EB3               	addlw	(low (_nota_5| (0+256)))& (0+255)
  1154  06E9  0084               	movwf	4
  1155  06EA  1783               	bsf	3,7	;select IRP bank3
  1156  06EB  0800               	movf	0,w
  1157  06EC  0099               	movwf	25	;volatile
  1158  06ED                     l1212:
  1159                           
  1160                           ;lab10_main.c: 146:         }
  1161  06ED  3001               	movlw	1
  1162  06EE  07F7               	addwf	_i,f
  1163  06EF  1803               	skipnc
  1164  06F0  0AF8               	incf	_i+1,f
  1165  06F1  3000               	movlw	0
  1166  06F2  07F8               	addwf	_i+1,f
  1167  06F3                     l1214:
  1168  06F3  30B3               	movlw	(low (_nota_5| (0+256)))& (0+255)
  1169  06F4  00F0               	movwf	strlen@s
  1170  06F5  3001               	movlw	1
  1171  06F6  00F1               	movwf	strlen@s+1
  1172  06F7  120A  118A  24B3  120A  118A  	fcall	_strlen
  1173  06FC  0871               	movf	?_strlen+1,w
  1174  06FD  0278               	subwf	_i+1,w
  1175  06FE  1D03               	skipz
  1176  06FF  2F02               	goto	u485
  1177  0700  0870               	movf	?_strlen,w
  1178  0701  0277               	subwf	_i,w
  1179  0702                     u485:
  1180  0702  1C03               	skipc
  1181  0703  2F05               	goto	u481
  1182  0704  2F06               	goto	u480
  1183  0705                     u481:
  1184  0705  2ED4               	goto	l1206
  1185  0706                     u480:
  1186  0706                     l1216:
  1187                           
  1188                           ;lab10_main.c: 147:         TXREG = 13;
  1189  0706  300D               	movlw	13
  1190  0707  1283               	bcf	3,5	;RP0=0, select bank0
  1191  0708  1303               	bcf	3,6	;RP1=0, select bank0
  1192  0709  0099               	movwf	25	;volatile
  1193                           
  1194                           ;lab10_main.c: 148:         _delay((unsigned long)((100)*(8000000/4000.0)));
  1195  070A  3002               	movlw	2
  1196  070B  00F6               	movwf	??_main+2
  1197  070C  3004               	movlw	4
  1198  070D  00F5               	movwf	??_main+1
  1199  070E  30BA               	movlw	186
  1200  070F  00F4               	movwf	??_main
  1201  0710                     u617:
  1202  0710  0BF4               	decfsz	??_main,f
  1203  0711  2F10               	goto	u617
  1204  0712  0BF5               	decfsz	??_main+1,f
  1205  0713  2F10               	goto	u617
  1206  0714  0BF6               	decfsz	??_main+2,f
  1207  0715  2F10               	goto	u617
  1208  0716  0000               	nop
  1209                           
  1210                           ;lab10_main.c: 149:         TXREG = '\r';
  1211  0717  300D               	movlw	13
  1212  0718  1283               	bcf	3,5	;RP0=0, select bank0
  1213  0719  1303               	bcf	3,6	;RP1=0, select bank0
  1214  071A  0099               	movwf	25	;volatile
  1215                           
  1216                           ;lab10_main.c: 150:         break;
  1217  071B  2DD0               	goto	l1146
  1218  071C                     l1218:
  1219                           
  1220                           ;lab10_main.c: 153:         for (i = 0; i < strlen(nota_6); i++) {
  1221  071C  01F7               	clrf	_i
  1222  071D  01F8               	clrf	_i+1
  1223  071E  2F3E               	goto	l1228
  1224  071F                     l1220:
  1225                           
  1226                           ;lab10_main.c: 154:             _delay((unsigned long)((100)*(8000000/4000.0)));
  1227  071F  3002               	movlw	2
  1228  0720  00F6               	movwf	??_main+2
  1229  0721  3004               	movlw	4
  1230  0722  00F5               	movwf	??_main+1
  1231  0723  30BA               	movlw	186
  1232  0724  00F4               	movwf	??_main
  1233  0725                     u627:
  1234  0725  0BF4               	decfsz	??_main,f
  1235  0726  2F25               	goto	u627
  1236  0727  0BF5               	decfsz	??_main+1,f
  1237  0728  2F25               	goto	u627
  1238  0729  0BF6               	decfsz	??_main+2,f
  1239  072A  2F25               	goto	u627
  1240  072B  0000               	nop
  1241  072C                     l1222:
  1242                           
  1243                           ;lab10_main.c: 155:             if (TXIF == 1) {
  1244  072C  1283               	bcf	3,5	;RP0=0, select bank0
  1245  072D  1303               	bcf	3,6	;RP1=0, select bank0
  1246  072E  1E0C               	btfss	12,4	;volatile
  1247  072F  2F31               	goto	u491
  1248  0730  2F32               	goto	u490
  1249  0731                     u491:
  1250  0731  2F38               	goto	l1226
  1251  0732                     u490:
  1252  0732                     l1224:
  1253                           
  1254                           ;lab10_main.c: 156:                 TXREG = nota_6[i];
  1255  0732  0877               	movf	_i,w
  1256  0733  3EA0               	addlw	(low (_nota_6| 0))& (0+255)
  1257  0734  0084               	movwf	4
  1258  0735  1383               	bcf	3,7	;select IRP bank1
  1259  0736  0800               	movf	0,w
  1260  0737  0099               	movwf	25	;volatile
  1261  0738                     l1226:
  1262                           
  1263                           ;lab10_main.c: 158:         }
  1264  0738  3001               	movlw	1
  1265  0739  07F7               	addwf	_i,f
  1266  073A  1803               	skipnc
  1267  073B  0AF8               	incf	_i+1,f
  1268  073C  3000               	movlw	0
  1269  073D  07F8               	addwf	_i+1,f
  1270  073E                     l1228:
  1271  073E  30A0               	movlw	(low (_nota_6| 0))& (0+255)
  1272  073F  00F0               	movwf	strlen@s
  1273  0740  3000               	movlw	0
  1274  0741  00F1               	movwf	strlen@s+1
  1275  0742  120A  118A  24B3  120A  118A  	fcall	_strlen
  1276  0747  0871               	movf	?_strlen+1,w
  1277  0748  0278               	subwf	_i+1,w
  1278  0749  1D03               	skipz
  1279  074A  2F4D               	goto	u505
  1280  074B  0870               	movf	?_strlen,w
  1281  074C  0277               	subwf	_i,w
  1282  074D                     u505:
  1283  074D  1C03               	skipc
  1284  074E  2F50               	goto	u501
  1285  074F  2F51               	goto	u500
  1286  0750                     u501:
  1287  0750  2F1F               	goto	l1220
  1288  0751                     u500:
  1289  0751                     l1230:
  1290                           
  1291                           ;lab10_main.c: 159:         TXREG = 13;
  1292  0751  300D               	movlw	13
  1293  0752  1283               	bcf	3,5	;RP0=0, select bank0
  1294  0753  1303               	bcf	3,6	;RP1=0, select bank0
  1295  0754  0099               	movwf	25	;volatile
  1296                           
  1297                           ;lab10_main.c: 160:         _delay((unsigned long)((100)*(8000000/4000.0)));
  1298  0755  3002               	movlw	2
  1299  0756  00F6               	movwf	??_main+2
  1300  0757  3004               	movlw	4
  1301  0758  00F5               	movwf	??_main+1
  1302  0759  30BA               	movlw	186
  1303  075A  00F4               	movwf	??_main
  1304  075B                     u637:
  1305  075B  0BF4               	decfsz	??_main,f
  1306  075C  2F5B               	goto	u637
  1307  075D  0BF5               	decfsz	??_main+1,f
  1308  075E  2F5B               	goto	u637
  1309  075F  0BF6               	decfsz	??_main+2,f
  1310  0760  2F5B               	goto	u637
  1311  0761  0000               	nop
  1312                           
  1313                           ;lab10_main.c: 161:         TXREG = '\r';
  1314  0762  300D               	movlw	13
  1315  0763  1283               	bcf	3,5	;RP0=0, select bank0
  1316  0764  1303               	bcf	3,6	;RP1=0, select bank0
  1317  0765  0099               	movwf	25	;volatile
  1318  0766                     l103:	
  1319                           ;lab10_main.c: 162:         while (RCIF == 0) ;
  1320                           
  1321  0766  1E8C               	btfss	12,5	;volatile
  1322  0767  2F69               	goto	u511
  1323  0768  2F6A               	goto	u510
  1324  0769                     u511:
  1325  0769  2F66               	goto	l103
  1326  076A                     u510:
  1327  076A                     l1232:
  1328                           
  1329                           ;lab10_main.c: 163:         PORTA = RCREG ;
  1330  076A  081A               	movf	26,w	;volatile
  1331  076B  0085               	movwf	5	;volatile
  1332                           
  1333                           ;lab10_main.c: 164:         break;
  1334  076C  2DD0               	goto	l1146
  1335  076D                     l1234:
  1336                           
  1337                           ;lab10_main.c: 168:         for (i = 0; i < strlen(nota_6); i++) {
  1338  076D  01F7               	clrf	_i
  1339  076E  01F8               	clrf	_i+1
  1340  076F  2F8F               	goto	l1244
  1341  0770                     l1236:
  1342                           
  1343                           ;lab10_main.c: 169:             _delay((unsigned long)((100)*(8000000/4000.0)));
  1344  0770  3002               	movlw	2
  1345  0771  00F6               	movwf	??_main+2
  1346  0772  3004               	movlw	4
  1347  0773  00F5               	movwf	??_main+1
  1348  0774  30BA               	movlw	186
  1349  0775  00F4               	movwf	??_main
  1350  0776                     u647:
  1351  0776  0BF4               	decfsz	??_main,f
  1352  0777  2F76               	goto	u647
  1353  0778  0BF5               	decfsz	??_main+1,f
  1354  0779  2F76               	goto	u647
  1355  077A  0BF6               	decfsz	??_main+2,f
  1356  077B  2F76               	goto	u647
  1357  077C  0000               	nop
  1358  077D                     l1238:
  1359                           
  1360                           ;lab10_main.c: 170:             if (TXIF == 1) {
  1361  077D  1283               	bcf	3,5	;RP0=0, select bank0
  1362  077E  1303               	bcf	3,6	;RP1=0, select bank0
  1363  077F  1E0C               	btfss	12,4	;volatile
  1364  0780  2F82               	goto	u521
  1365  0781  2F83               	goto	u520
  1366  0782                     u521:
  1367  0782  2F89               	goto	l1242
  1368  0783                     u520:
  1369  0783                     l1240:
  1370                           
  1371                           ;lab10_main.c: 171:                 TXREG = nota_7[i];
  1372  0783  0877               	movf	_i,w
  1373  0784  3E90               	addlw	(low (_nota_7| (0+256)))& (0+255)
  1374  0785  0084               	movwf	4
  1375  0786  1783               	bsf	3,7	;select IRP bank3
  1376  0787  0800               	movf	0,w
  1377  0788  0099               	movwf	25	;volatile
  1378  0789                     l1242:
  1379                           
  1380                           ;lab10_main.c: 173:         }
  1381  0789  3001               	movlw	1
  1382  078A  07F7               	addwf	_i,f
  1383  078B  1803               	skipnc
  1384  078C  0AF8               	incf	_i+1,f
  1385  078D  3000               	movlw	0
  1386  078E  07F8               	addwf	_i+1,f
  1387  078F                     l1244:
  1388  078F  30A0               	movlw	(low (_nota_6| 0))& (0+255)
  1389  0790  00F0               	movwf	strlen@s
  1390  0791  3000               	movlw	0
  1391  0792  00F1               	movwf	strlen@s+1
  1392  0793  120A  118A  24B3  120A  118A  	fcall	_strlen
  1393  0798  0871               	movf	?_strlen+1,w
  1394  0799  0278               	subwf	_i+1,w
  1395  079A  1D03               	skipz
  1396  079B  2F9E               	goto	u535
  1397  079C  0870               	movf	?_strlen,w
  1398  079D  0277               	subwf	_i,w
  1399  079E                     u535:
  1400  079E  1C03               	skipc
  1401  079F  2FA1               	goto	u531
  1402  07A0  2FA2               	goto	u530
  1403  07A1                     u531:
  1404  07A1  2F70               	goto	l1236
  1405  07A2                     u530:
  1406  07A2                     l1246:
  1407                           
  1408                           ;lab10_main.c: 174:         TXREG = 13;
  1409  07A2  300D               	movlw	13
  1410  07A3  1283               	bcf	3,5	;RP0=0, select bank0
  1411  07A4  1303               	bcf	3,6	;RP1=0, select bank0
  1412  07A5  0099               	movwf	25	;volatile
  1413                           
  1414                           ;lab10_main.c: 175:         _delay((unsigned long)((100)*(8000000/4000.0)));
  1415  07A6  3002               	movlw	2
  1416  07A7  00F6               	movwf	??_main+2
  1417  07A8  3004               	movlw	4
  1418  07A9  00F5               	movwf	??_main+1
  1419  07AA  30BA               	movlw	186
  1420  07AB  00F4               	movwf	??_main
  1421  07AC                     u657:
  1422  07AC  0BF4               	decfsz	??_main,f
  1423  07AD  2FAC               	goto	u657
  1424  07AE  0BF5               	decfsz	??_main+1,f
  1425  07AF  2FAC               	goto	u657
  1426  07B0  0BF6               	decfsz	??_main+2,f
  1427  07B1  2FAC               	goto	u657
  1428  07B2  0000               	nop
  1429                           
  1430                           ;lab10_main.c: 176:         TXREG = '\r';
  1431  07B3  300D               	movlw	13
  1432  07B4  1283               	bcf	3,5	;RP0=0, select bank0
  1433  07B5  1303               	bcf	3,6	;RP1=0, select bank0
  1434  07B6  0099               	movwf	25	;volatile
  1435  07B7                     l111:	
  1436                           ;lab10_main.c: 177:         while (RCIF == 0) ;
  1437                           
  1438  07B7  1E8C               	btfss	12,5	;volatile
  1439  07B8  2FBA               	goto	u541
  1440  07B9  2FBB               	goto	u540
  1441  07BA                     u541:
  1442  07BA  2FB7               	goto	l111
  1443  07BB                     u540:
  1444  07BB                     l1248:
  1445                           
  1446                           ;lab10_main.c: 178:         PORTB = RCREG ;
  1447  07BB  081A               	movf	26,w	;volatile
  1448  07BC  0086               	movwf	6	;volatile
  1449                           
  1450                           ;lab10_main.c: 179:         break;
  1451  07BD  2DD0               	goto	l1146
  1452  07BE                     l1252:
  1453                           
  1454                           ; Switch on 2 bytes has been partitioned into a top level switch of size 1, and 1 sub-sw
      +                          itches
  1455                           ; Switch size 1, requested type "simple"
  1456                           ; Number of cases is 1, Range of values is 0 to 0
  1457                           ; switch strategies available:
  1458                           ; Name         Instructions Cycles
  1459                           ; simple_byte            4     3 (average)
  1460                           ; direct_byte           11     8 (fixed)
  1461                           ; jumptable            260     6 (fixed)
  1462                           ;	Chosen strategy is simple_byte
  1463  07BE  087A               	movf	_valor+1,w
  1464  07BF  3A00               	xorlw	0	; case 0
  1465  07C0  1903               	skipnz
  1466  07C1  2FC3               	goto	l1290
  1467  07C2  2DD0               	goto	l1146
  1468  07C3                     l1290:
  1469                           
  1470                           ; Switch size 1, requested type "simple"
  1471                           ; Number of cases is 3, Range of values is 49 to 51
  1472                           ; switch strategies available:
  1473                           ; Name         Instructions Cycles
  1474                           ; simple_byte           10     6 (average)
  1475                           ; direct_byte           20    11 (fixed)
  1476                           ; jumptable            263     9 (fixed)
  1477                           ;	Chosen strategy is simple_byte
  1478  07C3  0879               	movf	_valor,w
  1479  07C4  3A31               	xorlw	49	; case 49
  1480  07C5  1903               	skipnz
  1481  07C6  2ED1               	goto	l1204
  1482  07C7  3A03               	xorlw	3	; case 50
  1483  07C8  1903               	skipnz
  1484  07C9  2F1C               	goto	l1218
  1485  07CA  3A01               	xorlw	1	; case 51
  1486  07CB  1903               	skipnz
  1487  07CC  2F6D               	goto	l1234
  1488  07CD  2DD0               	goto	l1146
  1489  07CE  120A  118A  2800   	ljmp	start
  1490  07D1                     __end_of_main:
  1491                           
  1492                           	psect	text1
  1493  04B3                     __ptext1:	
  1494 ;; *************** function _strlen *****************
  1495 ;; Defined at:
  1496 ;;		line 4 in file "C:\Program Files\Microchip\xc8\v2.31\pic\sources\c90\common\strlen.c"
  1497 ;; Parameters:    Size  Location     Type
  1498 ;;  s               2    0[COMMON] PTR const unsigned char 
  1499 ;;		 -> nota_6(35), nota_5(44), nota_4(18), nota_3(18), 
  1500 ;;		 -> nota_2(35), nota_1(26), 
  1501 ;; Auto vars:     Size  Location     Type
  1502 ;;  cp              2    2[COMMON] PTR const unsigned char 
  1503 ;;		 -> nota_6(35), nota_5(44), nota_4(18), nota_3(18), 
  1504 ;;		 -> nota_2(35), nota_1(26), 
  1505 ;; Return value:  Size  Location     Type
  1506 ;;                  2    0[COMMON] unsigned int 
  1507 ;; Registers used:
  1508 ;;		wreg, fsr0l, fsr0h, status,2, status,0
  1509 ;; Tracked objects:
  1510 ;;		On entry : 0/0
  1511 ;;		On exit  : 0/0
  1512 ;;		Unchanged: 0/0
  1513 ;; Data sizes:     COMMON   BANK0   BANK1   BANK3   BANK2
  1514 ;;      Params:         2       0       0       0       0
  1515 ;;      Locals:         2       0       0       0       0
  1516 ;;      Temps:          0       0       0       0       0
  1517 ;;      Totals:         4       0       0       0       0
  1518 ;;Total ram usage:        4 bytes
  1519 ;; Hardware stack levels used:    1
  1520 ;; This function calls:
  1521 ;;		Nothing
  1522 ;; This function is called by:
  1523 ;;		_main
  1524 ;; This function uses a non-reentrant model
  1525 ;;
  1526                           
  1527                           
  1528                           ;psect for function _strlen
  1529  04B3                     _strlen:
  1530  04B3                     l1098:	
  1531                           ;incstack = 0
  1532                           ; Regs used in _strlen: [wreg-fsr0h+status,2+status,0]
  1533                           
  1534  04B3  0870               	movf	strlen@s,w
  1535  04B4  00F2               	movwf	strlen@cp
  1536  04B5  0871               	movf	strlen@s+1,w
  1537  04B6  00F3               	movwf	strlen@cp+1
  1538  04B7  2CBE               	goto	l1102
  1539  04B8                     l1100:
  1540  04B8  3001               	movlw	1
  1541  04B9  07F2               	addwf	strlen@cp,f
  1542  04BA  1803               	skipnc
  1543  04BB  0AF3               	incf	strlen@cp+1,f
  1544  04BC  3000               	movlw	0
  1545  04BD  07F3               	addwf	strlen@cp+1,f
  1546  04BE                     l1102:
  1547  04BE  0872               	movf	strlen@cp,w
  1548  04BF  0084               	movwf	4
  1549  04C0  1783               	bsf	3,7
  1550  04C1  1C73               	btfss	strlen@cp+1,0
  1551  04C2  1383               	bcf	3,7
  1552  04C3  0800               	movf	0,w
  1553  04C4  1D03               	btfss	3,2
  1554  04C5  2CC7               	goto	u371
  1555  04C6  2CC8               	goto	u370
  1556  04C7                     u371:
  1557  04C7  2CB8               	goto	l1100
  1558  04C8                     u370:
  1559  04C8                     l1104:
  1560  04C8  0870               	movf	strlen@s,w
  1561  04C9  0272               	subwf	strlen@cp,w
  1562  04CA  00F0               	movwf	?_strlen
  1563  04CB  0871               	movf	strlen@s+1,w
  1564  04CC  1C03               	skipc
  1565  04CD  0A71               	incf	strlen@s+1,w
  1566  04CE  0273               	subwf	strlen@cp+1,w
  1567  04CF  00F1               	movwf	?_strlen+1
  1568  04D0                     l656:
  1569  04D0  0008               	return
  1570  04D1                     __end_of_strlen:
  1571  007E                     btemp	set	126	;btemp
  1572  007E                     wtemp0	set	126
  1573                           
  1574                           	psect	config
  1575                           
  1576                           ;Config register CONFIG1 @ 0x2007
  1577                           ;	Oscillator Selection bits
  1578                           ;	FOSC = INTRC_NOCLKOUT, INTOSCIO oscillator: I/O function on RA6/OSC2/CLKOUT pin, I/O f
      +                          unction on RA7/OSC1/CLKIN
  1579                           ;	Watchdog Timer Enable bit
  1580                           ;	WDTE = OFF, WDT disabled and can be enabled by SWDTEN bit of the WDTCON register
  1581                           ;	Power-up Timer Enable bit
  1582                           ;	PWRTE = OFF, PWRT disabled
  1583                           ;	RE3/MCLR pin function select bit
  1584                           ;	MCLRE = OFF, RE3/MCLR pin function is digital input, MCLR internally tied to VDD
  1585                           ;	Code Protection bit
  1586                           ;	CP = OFF, Program memory code protection is disabled
  1587                           ;	Data Code Protection bit
  1588                           ;	CPD = OFF, Data memory code protection is disabled
  1589                           ;	Brown Out Reset Selection bits
  1590                           ;	BOREN = OFF, BOR disabled
  1591                           ;	Internal External Switchover bit
  1592                           ;	IESO = OFF, Internal/External Switchover mode is disabled
  1593                           ;	Fail-Safe Clock Monitor Enabled bit
  1594                           ;	FCMEN = OFF, Fail-Safe Clock Monitor is disabled
  1595                           ;	Low Voltage Programming Enable bit
  1596                           ;	LVP = ON, RB3/PGM pin has PGM function, low voltage programming enabled
  1597                           ;	In-Circuit Debugger Mode bit
  1598                           ;	DEBUG = 0x1, unprogrammed default
  1599  2007                     	org	8199
  1600  2007  30D4               	dw	12500
  1601                           
  1602                           ;Config register CONFIG2 @ 0x2008
  1603                           ;	Brown-out Reset Selection bit
  1604                           ;	BOR4V = BOR40V, Brown-out Reset set to 4.0V
  1605                           ;	Flash Program Memory Self Write Enable bits
  1606                           ;	WRT = OFF, Write protection off
  1607  2008                     	org	8200
  1608  2008  3FFF               	dw	16383

Data Sizes:
    Strings     0
    Constant    0
    Data        211
    BSS         2
    Persistent  2
    Stack       0

Auto Spaces:
    Space          Size  Autos    Used
    COMMON           14      7      11
    BANK0            80      0      62
    BANK1            80      0      70
    BANK3            96      0      79
    BANK2            96      0       0

Pointer List with Targets:

    strlen@s	PTR const unsigned char  size(2) Largest target is 44
		 -> nota_6(BANK1[35]), nota_5(BANK3[44]), nota_4(BANK0[18]), nota_3(BANK0[18]), 
		 -> nota_2(BANK1[35]), nota_1(BANK0[26]), 

    strlen@cp	PTR const unsigned char  size(2) Largest target is 44
		 -> nota_6(BANK1[35]), nota_5(BANK3[44]), nota_4(BANK0[18]), nota_3(BANK0[18]), 
		 -> nota_2(BANK1[35]), nota_1(BANK0[26]), 


Critical Paths under _main in COMMON

    _main->_strlen

Critical Paths under _main in BANK0

    None.

Critical Paths under _main in BANK1

    None.

Critical Paths under _main in BANK3

    None.

Critical Paths under _main in BANK2

    None.

Call Graph Tables:

 ---------------------------------------------------------------------------------
 (Depth) Function   	        Calls       Base Space   Used Autos Params    Refs
 ---------------------------------------------------------------------------------
 (0) _main                                                 3     3      0     410
                                              4 COMMON     3     3      0
                             _strlen
 ---------------------------------------------------------------------------------
 (1) _strlen                                               4     2      2     410
                                              0 COMMON     4     2      2
 ---------------------------------------------------------------------------------
 Estimated maximum stack depth 1
 ---------------------------------------------------------------------------------

 Call Graph Graphs:

 _main (ROOT)
   _strlen

 Address spaces:
Name               Size   Autos  Total    Cost      Usage
BANK3               60      0      4F       9       82.3%
BITBANK3            60      0       0       8        0.0%
SFR3                 0      0       0       4        0.0%
BITSFR3              0      0       0       4        0.0%
BANK2               60      0       0      11        0.0%
BITBANK2            60      0       0      10        0.0%
SFR2                 0      0       0       5        0.0%
BITSFR2              0      0       0       5        0.0%
BANK1               50      0      46       7       87.5%
BITBANK1            50      0       0       6        0.0%
SFR1                 0      0       0       2        0.0%
BITSFR1              0      0       0       2        0.0%
BANK0               50      0      3E       5       77.5%
BITBANK0            50      0       0       4        0.0%
SFR0                 0      0       0       1        0.0%
BITSFR0              0      0       0       1        0.0%
COMMON               E      7       B       1       78.6%
BITCOMMON            E      0       0       0        0.0%
CODE                 0      0       0       0        0.0%
DATA                 0      0      DE      12        0.0%
ABS                  0      0      DE       3        0.0%
NULL                 0      0       0       0        0.0%
STACK                0      0       0       2        0.0%
EEDATA             100      0       0       0        0.0%


Microchip Technology PIC Macro Assembler V2.31 build 20201012212115 
Symbol Table                                                                                   Sun May 09 22:56:30 2021

                      _i 0077                        pc 0002                       l88 06C5  
                     fsr 0004                      l111 07B7                      l103 0766  
                    l656 04D0                      u400 061F                      u401 061E  
                    u410 063E                      u411 063D                      u500 0751  
                    u420 0658                      u501 0750                      u421 0657  
                    u510 076A                      u430 0677                      u511 0769  
                    u431 0676                      u415 063A                      u520 0783  
                    u440 0691                      u521 0782                      u505 074D  
                    u441 0690                      u370 04C8                      u530 07A2  
                    u450 06B0                      u371 04C7                      u531 07A1  
                    u451 06AF                      u435 0673                      u540 07BB  
                    u460 06C9                      u380 05E6                      u541 07BA  
                    u461 06C8                      u381 05E5                      u470 06E7  
                    u390 0605                      u535 079E                      u471 06E6  
                    u607 06DA                      u455 06AC                      u391 0604  
                    u480 0706                      u617 0710                      u481 0705  
                    u490 0732                      u491 0731                      u627 0725  
                    u395 0601                      u637 075B                      u485 0702  
                    u557 05D9                      u647 0776                      u567 0612  
                    u657 07AC                      u577 064B                      u587 0684  
                    u597 06BA                      fsr0 0004                      indf 0000  
                   l1100 04B8                     l1102 04BE                     l1110 05B3  
                   l1104 04C8                     l1200 06B0                     l1120 05BA  
                   l1112 05B6                     l1210 06E7                     l1202 06C9  
                   l1130 05C1                     l1122 05BB                     l1114 05B7  
                   l1220 071F                     l1212 06ED                     l1204 06D1  
                   l1140 05CB                     l1132 05C2                     l1124 05BC  
                   l1116 05B8                     l1108 05A4                     l1230 0751  
                   l1222 072C                     l1206 06D4                     l1214 06F3  
                   l1150 05E0                     l1142 05CC                     l1134 05C5  
                   l1126 05BD                     l1118 05B9                     l1240 0783  
                   l1232 076A                     l1224 0732                     l1216 0706  
                   l1208 06E1                     l1160 0609                     l1152 05E6  
                   l1144 05CD                     l1136 05C9                     l1128 05C0  
                   l1242 0789                     l1234 076D                     l1226 0738  
                   l1218 071C                     l1162 060C                     l1170 062B  
                   l1154 05EC                     l1146 05D0                     l1138 05CA  
                   l1236 0770                     l1244 078F                     l1228 073E  
                   l1252 07BE                     l1180 0658                     l1172 063E  
                   l1164 0619                     l1148 05D3                     l1156 05F2  
                   l1246 07A2                     l1238 077D                     l1190 067E  
                   l1182 065E                     l1174 0642                     l1166 061F  
                   l1158 0605                     l1248 07BB                     l1192 068B  
                   l1176 0645                     l1184 0664                     l1168 0625  
                   l1098 04B3                     l1290 07C3                     l1194 0691  
                   l1186 0677                     l1178 0652                     l1196 0697  
                   l1188 067B                     l1198 069D                     _RCIF 0065  
                   _TXIF 0064                     _main 05A4                     btemp 007E  
                   start 0000                    ?_main 0070                    _ANSEL 0188  
                  _RCREG 001A                    _SPBRG 0099                    _PORTA 0005  
                  _PORTB 0006                    _PORTC 0007                    _PORTD 0008  
                  _TRISA 0085                    _TRISB 0086                    _TRISD 0088  
                  _TXREG 0019                    _valor 0079                    pclath 000A  
                  status 0003                    wtemp0 007E          __initialization 07D1  
           __end_of_main 07D1                   ??_main 0074                   _ANSELH 0189  
                 _SPBRGH 009A                   _nota_1 0020                   _nota_2 00C3  
                 _nota_3 004C                   _nota_4 003A                   _nota_5 01B3  
                 _nota_6 00A0                   _nota_7 0190                   _strlen 04B3  
__end_of__initialization 07FC           __pcstackCOMMON 0070             __pidataBANK0 04D1  
           __pidataBANK1 050F             __pidataBANK3 0555               __pnvCOMMON 0077  
             __pmaintext 05A4                  ?_strlen 0070                  __ptext1 04B3  
        __size_of_strlen 001E     end_of_initialization 07FC                _RCSTAbits 0018  
                strlen@s 0070                _TXSTAbits 0098              _BAUDCTLbits 0187  
         __end_of_strlen 04D1      start_initialization 07D1               init_fetch0 04A0  
            __pdataBANK0 0020              __pdataBANK1 00A0              __pdataBANK3 0190  
               ??_strlen 0072              __pbssCOMMON 0079                ___latbits 0002  
               _PIE1bits 008C                 _PIR1bits 000C            __size_of_main 022D  
             _INTCONbits 000B                 init_ram0 04A4               _OSCCONbits 008F  
               strlen@cp 0072  
